#
# A fatal error has been detected by the Java Runtime Environment:
#
#  EXCEPTION_ACCESS_VIOLATION (0xc0000005) at pc=0x00007ffd47efc5b9, pid=16712, tid=16540
#
# JRE version: Java(TM) SE Runtime Environment (17.0.10+11) (build 17.0.10+11-LTS-240)
# Java VM: Java HotSpot(TM) 64-Bit Server VM (17.0.10+11-LTS-240, mixed mode, sharing, tiered, compressed oops, compressed class ptrs, g1 gc, windows-amd64)
# Problematic frame:
# C  [lwjgl_opengl.dll+0xc5b9]
#
# No core dump will be written. Minidumps are not enabled by default on client versions of Windows
#
# If you would like to submit a bug report, please visit:
#   https://bugreport.java.com/bugreport/crash.jsp
# The crash happened outside the Java Virtual Machine in native code.
# See problematic frame for where to report the bug.
#

---------------  S U M M A R Y ------------

Command Line: -XX:+ShowCodeDetailsInExceptionMessages org.HiddenEngine.CyberDomination

Host: AMD Ryzen 5 5600H with Radeon Graphics         , 12 cores, 27G,  Windows 11 , 64 bit Build 22621 (10.0.22621.3672)
Time: Mon Jun 17 15:07:02 2024 Eastern Daylight Time elapsed time: 0.170658 seconds (0d 0h 0m 0s)

---------------  T H R E A D  ---------------

Current thread (0x00000136172dfce0):  JavaThread "main" [_thread_in_native, id=16540, stack(0x0000001aaa200000,0x0000001aaa300000)]

Stack: [0x0000001aaa200000,0x0000001aaa300000],  sp=0x0000001aaa2ff008,  free space=1020k
Native frames: (J=compiled Java code, j=interpreted, Vv=VM code, C=native code)
C  [lwjgl_opengl.dll+0xc5b9]

Java frames: (J=compiled Java code, j=interpreted, Vv=VM code)
j  org.lwjgl.opengl.GL11C.glClearColor(FFFF)V+0
j  org.lwjgl.opengl.GL11.glClearColor(FFFF)V+4
j  org.HiddenEngine.Window.SetRGB(IIII)I+68
j  org.HiddenEngine.CyberDomination.main([Ljava/lang/String;)V+22
v  ~StubRoutines::call_stub

siginfo: EXCEPTION_ACCESS_VIOLATION (0xc0000005), reading address 0x0000000000000070


Registers:
RAX=0x00000136870fcf40, RBX=0x00000136834b5268, RCX=0x0000000000000000, RDX=0x0000001aaa2ff0a8
RSP=0x0000001aaa2ff008, RBP=0x0000001aaa2ff098, RSI=0x0000001aaa2ff600, RDI=0x0000001aaa2ff608
R8 =0x0000000000000002, R9 =0x0000000000000002, R10=0x00000136260cd5f2, R11=0x000000065dd8a010
R12=0x0000000000000000, R13=0x00000136834b5260, R14=0x0000001aaa2ff0d0, R15=0x00000136172dfce0
RIP=0x00007ffd47efc5b9, EFLAGS=0x0000000000010206


Register to memory mapping:

RIP=0x00007ffd47efc5b9 lwjgl_opengl.dll
RAX=0x00000136870fcf40 points into unknown readable memory: 0x0000000000000000 | 00 00 00 00 00 00 00 00
RBX={method} {0x00000136834b5270} 'glClearColor' '(FFFF)V' in 'org/lwjgl/opengl/GL11C'
RCX=0x0 is NULL
RDX=0x0000001aaa2ff0a8 is pointing into the stack for thread: 0x00000136172dfce0
RSP=0x0000001aaa2ff008 is pointing into the stack for thread: 0x00000136172dfce0
RBP=0x0000001aaa2ff098 is pointing into the stack for thread: 0x00000136172dfce0
RSI=0x0000001aaa2ff600 is pointing into the stack for thread: 0x00000136172dfce0
RDI=0x0000001aaa2ff608 is pointing into the stack for thread: 0x00000136172dfce0
R8 =0x0000000000000002 is an unknown value
R9 =0x0000000000000002 is an unknown value
R10=0x00000136260cd5f2 is at code_begin+946 in an Interpreter codelet
method entry point (kind = native)  [0x00000136260cd240, 0x00000136260cdbc0]  2432 bytes
R11=0x000000065dd8a010 is an oop: java.lang.Class 
{0x000000065dd8a010} - klass: 'java/lang/Class'
 - ---- fields (total size 116 words):
 - private volatile transient 'classRedefinedCount' 'I' @12  0
 - private volatile transient 'cachedConstructor' 'Ljava/lang/reflect/Constructor;' @40  NULL (0)
 - private transient 'name' 'Ljava/lang/String;' @44  "org.lwjgl.opengl.GL11C"{0x000000065dd8a3c0} (cbbb1478)
 - private transient 'module' 'Ljava/lang/Module;' @48  a 'java/lang/Module'{0x000000065e0cda10} (cbc19b42)
 - private final 'classLoader' 'Ljava/lang/ClassLoader;' @52  a 'jdk/internal/loader/ClassLoaders$AppClassLoader'{0x000000065e0cd850} (cbc19b0a)
 - private transient 'classData' 'Ljava/lang/Object;' @56  NULL (0)
 - private transient 'packageName' 'Ljava/lang/String;' @60  "org.lwjgl.opengl"{0x000000065e1d37b0} (cbc3a6f6)
 - private final 'componentType' 'Ljava/lang/Class;' @64  NULL (0)
 - private volatile transient 'reflectionData' 'Ljava/lang/ref/SoftReference;' @68  NULL (0)
 - private volatile transient 'genericInfo' 'Lsun/reflect/generics/repository/ClassRepository;' @72  NULL (0)
 - private volatile transient 'enumConstants' '[Ljava/lang/Object;' @76  NULL (0)
 - private volatile transient 'enumConstantDirectory' 'Ljava/util/Map;' @80  NULL (0)
 - private volatile transient 'annotationData' 'Ljava/lang/Class$AnnotationData;' @84  NULL (0)
 - private volatile transient 'annotationType' 'Lsun/reflect/annotation/AnnotationType;' @88  NULL (0)
 - transient 'classValueMap' 'Ljava/lang/ClassValue$ClassValueMap;' @92  NULL (0)
 - signature: Lorg/lwjgl/opengl/GL11C;
 - fake entry for mirror: 'org/lwjgl/opengl/GL11C'
 - fake entry for array: NULL
 - fake entry for oop_size: 116
 - fake entry for static_oop_field_count: 0
 - public static final 'GL_NEVER' 'I' @112  512 (200)
 - public static final 'GL_LESS' 'I' @116  513 (201)
 - public static final 'GL_EQUAL' 'I' @120  514 (202)
 - public static final 'GL_LEQUAL' 'I' @124  515 (203)
 - public static final 'GL_GREATER' 'I' @128  516 (204)
 - public static final 'GL_NOTEQUAL' 'I' @132  517 (205)
 - public static final 'GL_GEQUAL' 'I' @136  518 (206)
 - public static final 'GL_ALWAYS' 'I' @140  519 (207)
 - public static final 'GL_DEPTH_BUFFER_BIT' 'I' @144  256 (100)
 - public static final 'GL_STENCIL_BUFFER_BIT' 'I' @148  1024 (400)
 - public static final 'GL_COLOR_BUFFER_BIT' 'I' @152  16384 (4000)
 - public static final 'GL_POINTS' 'I' @156  0
 - public static final 'GL_LINES' 'I' @160  1
 - public static final 'GL_LINE_LOOP' 'I' @164  2
 - public static final 'GL_LINE_STRIP' 'I' @168  3
 - public static final 'GL_TRIANGLES' 'I' @172  4
 - public static final 'GL_TRIANGLE_STRIP' 'I' @176  5
 - public static final 'GL_TRIANGLE_FAN' 'I' @180  6
 - public static final 'GL_QUADS' 'I' @184  7
 - public static final 'GL_ZERO' 'I' @188  0
 - public static final 'GL_ONE' 'I' @192  1
 - public static final 'GL_SRC_COLOR' 'I' @196  768 (300)
 - public static final 'GL_ONE_MINUS_SRC_COLOR' 'I' @200  769 (301)
 - public static final 'GL_SRC_ALPHA' 'I' @204  770 (302)
 - public static final 'GL_ONE_MINUS_SRC_ALPHA' 'I' @208  771 (303)
 - public static final 'GL_DST_ALPHA' 'I' @212  772 (304)
 - public static final 'GL_ONE_MINUS_DST_ALPHA' 'I' @216  773 (305)
 - public static final 'GL_DST_COLOR' 'I' @220  774 (306)
 - public static final 'GL_ONE_MINUS_DST_COLOR' 'I' @224  775 (307)
 - public static final 'GL_SRC_ALPHA_SATURATE' 'I' @228  776 (308)
 - public static final 'GL_TRUE' 'I' @232  1
 - public static final 'GL_FALSE' 'I' @236  0
 - public static final 'GL_BYTE' 'I' @240  5120 (1400)
 - public static final 'GL_UNSIGNED_BYTE' 'I' @244  5121 (1401)
 - public static final 'GL_SHORT' 'I' @248  5122 (1402)
 - public static final 'GL_UNSIGNED_SHORT' 'I' @252  5123 (1403)
 - public static final 'GL_INT' 'I' @256  5124 (1404)
 - public static final 'GL_UNSIGNED_INT' 'I' @260  5125 (1405)
 - public static final 'GL_FLOAT' 'I' @264  5126 (1406)
 - public static final 'GL_DOUBLE' 'I' @268  5130 (140a)
 - public static final 'GL_NONE' 'I' @272  0
 - public static final 'GL_FRONT_LEFT' 'I' @276  1024 (400)
 - public static final 'GL_FRONT_RIGHT' 'I' @280  1025 (401)
 - public static final 'GL_BACK_LEFT' 'I' @284  1026 (402)
 - public static final 'GL_BACK_RIGHT' 'I' @288  1027 (403)
 - public static final 'GL_FRONT' 'I' @292  1028 (404)
 - public static final 'GL_BACK' 'I' @296  1029 (405)
 - public static final 'GL_LEFT' 'I' @300  1030 (406)
 - public static final 'GL_RIGHT' 'I' @304  1031 (407)
 - public static final 'GL_FRONT_AND_BACK' 'I' @308  1032 (408)
 - public static final 'GL_NO_ERROR' 'I' @312  0
 - public static final 'GL_INVALID_ENUM' 'I' @316  1280 (500)
 - public static final 'GL_INVALID_VALUE' 'I' @320  1281 (501)
 - public static final 'GL_INVALID_OPERATION' 'I' @324  1282 (502)
 - public static final 'GL_STACK_OVERFLOW' 'I' @328  1283 (503)
 - public static final 'GL_STACK_UNDERFLOW' 'I' @332  1284 (504)
 - public static final 'GL_OUT_OF_MEMORY' 'I' @336  1285 (505)
 - public static final 'GL_CW' 'I' @340  2304 (900)
 - public static final 'GL_CCW' 'I' @344  2305 (901)
 - public static final 'GL_POINT_SIZE' 'I' @348  2833 (b11)
 - public static final 'GL_POINT_SIZE_RANGE' 'I' @352  2834 (b12)
 - public static final 'GL_POINT_SIZE_GRANULARITY' 'I' @356  2835 (b13)
 - public static final 'GL_LINE_SMOOTH' 'I' @360  2848 (b20)
 - public static final 'GL_LINE_WIDTH' 'I' @364  2849 (b21)
 - public static final 'GL_LINE_WIDTH_RANGE' 'I' @368  2850 (b22)
 - public static final 'GL_LINE_WIDTH_GRANULARITY' 'I' @372  2851 (b23)
 - public static final 'GL_POLYGON_MODE' 'I' @376  2880 (b40)
 - public static final 'GL_POLYGON_SMOOTH' 'I' @380  2881 (b41)
 - public static final 'GL_CULL_FACE' 'I' @384  2884 (b44)
 - public static final 'GL_CULL_FACE_MODE' 'I' @388  2885 (b45)
 - public static final 'GL_FRONT_FACE' 'I' @392  2886 (b46)
 - public static final 'GL_DEPTH_RANGE' 'I' @396  2928 (b70)
 - public static final 'GL_DEPTH_TEST' 'I' @400  2929 (b71)
 - public static final 'GL_DEPTH_WRITEMASK' 'I' @404  2930 (b72)
 - public static final 'GL_DEPTH_CLEAR_VALUE' 'I' @408  2931 (b73)
 - public static final 'GL_DEPTH_FUNC' 'I' @412  2932 (b74)
 - public static final 'GL_STENCIL_TEST' 'I' @416  2960 (b90)
 - public static final 'GL_STENCIL_CLEAR_VALUE' 'I' @420  2961 (b91)
 - public static final 'GL_STENCIL_FUNC' 'I' @424  2962 (b92)
 - public static final 'GL_STENCIL_VALUE_MASK' 'I' @428  2963 (b93)
 - public static final 'GL_STENCIL_FAIL' 'I' @432  2964 (b94)
 - public static final 'GL_STENCIL_PASS_DEPTH_FAIL' 'I' @436  2965 (b95)
 - public static final 'GL_STENCIL_PASS_DEPTH_PASS' 'I' @440  2966 (b96)
 - public static final 'GL_STENCIL_REF' 'I' @444  2967 (b97)
 - public static final 'GL_STENCIL_WRITEMASK' 'I' @448  2968 (b98)
 - public static final 'GL_VIEWPORT' 'I' @452  2978 (ba2)
 - public static final 'GL_DITHER' 'I' @456  3024 (bd0)
 - public static final 'GL_BLEND_DST' 'I' @460  3040 (be0)
 - public static final 'GL_BLEND_SRC' 'I' @464  3041 (be1)
 - public static final 'GL_BLEND' 'I' @468  3042 (be2)
 - public static final 'GL_LOGIC_OP_MODE' 'I' @472  3056 (bf0)
 - public static final 'GL_COLOR_LOGIC_OP' 'I' @476  3058 (bf2)
 - public static final 'GL_DRAW_BUFFER' 'I' @480  3073 (c01)
 - public static final 'GL_READ_BUFFER' 'I' @484  3074 (c02)
 - public static final 'GL_SCISSOR_BOX' 'I' @488  3088 (c10)
 - public static final 'GL_SCISSOR_TEST' 'I' @492  3089 (c11)
 - public static final 'GL_COLOR_CLEAR_VALUE' 'I' @496  3106 (c22)
 - public static final 'GL_COLOR_WRITEMASK' 'I' @500  3107 (c23)
 - public static final 'GL_DOUBLEBUFFER' 'I' @504  3122 (c32)
 - public static final 'GL_STEREO' 'I' @508  3123 (c33)
 - public static final 'GL_LINE_SMOOTH_HINT' 'I' @512  3154 (c52)
 - public static final 'GL_POLYGON_SMOOTH_HINT' 'I' @516  3155 (c53)
 - public static final 'GL_UNPACK_SWAP_BYTES' 'I' @520  3312 (cf0)
 - public static final 'GL_UNPACK_LSB_FIRST' 'I' @524  3313 (cf1)
 - public static final 'GL_UNPACK_ROW_LENGTH' 'I' @528  3314 (cf2)
 - public static final 'GL_UNPACK_SKIP_ROWS' 'I' @532  3315 (cf3)
 - public static final 'GL_UNPACK_SKIP_PIXELS' 'I' @536  3316 (cf4)
 - public static final 'GL_UNPACK_ALIGNMENT' 'I' @540  3317 (cf5)
 - public static final 'GL_PACK_SWAP_BYTES' 'I' @544  3328 (d00)
 - public static final 'GL_PACK_LSB_FIRST' 'I' @548  3329 (d01)
 - public static final 'GL_PACK_ROW_LENGTH' 'I' @552  3330 (d02)
 - public static final 'GL_PACK_SKIP_ROWS' 'I' @556  3331 (d03)
 - public static final 'GL_PACK_SKIP_PIXELS' 'I' @560  3332 (d04)
 - public static final 'GL_PACK_ALIGNMENT' 'I' @564  3333 (d05)
 - public static final 'GL_MAX_TEXTURE_SIZE' 'I' @568  3379 (d33)
 - public static final 'GL_MAX_VIEWPORT_DIMS' 'I' @572  3386 (d3a)
 - public static final 'GL_SUBPIXEL_BITS' 'I' @576  3408 (d50)
 - public static final 'GL_TEXTURE_1D' 'I' @580  3552 (de0)
 - public static final 'GL_TEXTURE_2D' 'I' @584  3553 (de1)
 - public static final 'GL_TEXTURE_WIDTH' 'I' @588  4096 (1000)
 - public static final 'GL_TEXTURE_HEIGHT' 'I' @592  4097 (1001)
 - public static final 'GL_TEXTURE_INTERNAL_FORMAT' 'I' @596  4099 (1003)
 - public static final 'GL_TEXTURE_BORDER_COLOR' 'I' @600  4100 (1004)
 - public static final 'GL_DONT_CARE' 'I' @604  4352 (1100)
 - public static final 'GL_FASTEST' 'I' @608  4353 (1101)
 - public static final 'GL_NICEST' 'I' @612  4354 (1102)
 - public static final 'GL_CLEAR' 'I' @616  5376 (1500)
 - public static final 'GL_AND' 'I' @620  5377 (1501)
 - public static final 'GL_AND_REVERSE' 'I' @624  5378 (1502)
 - public static final 'GL_COPY' 'I' @628  5379 (1503)
 - public static final 'GL_AND_INVERTED' 'I' @632  5380 (1504)
 - public static final 'GL_NOOP' 'I' @636  5381 (1505)
 - public static final 'GL_XOR' 'I' @640  5382 (1506)
 - public static final 'GL_OR' 'I' @644  5383 (1507)
 - public static final 'GL_NOR' 'I' @648  5384 (1508)
 - public static final 'GL_EQUIV' 'I' @652  5385 (1509)
 - public static final 'GL_INVERT' 'I' @656  5386 (150a)
 - public static final 'GL_OR_REVERSE' 'I' @660  5387 (150b)
 - public static final 'GL_COPY_INVERTED' 'I' @664  5388 (150c)
 - public static final 'GL_OR_INVERTED' 'I' @668  5389 (150d)
 - public static final 'GL_NAND' 'I' @672  5390 (150e)
 - public static final 'GL_SET' 'I' @676  5391 (150f)
 - public static final 'GL_TEXTURE' 'I' @680  5890 (1702)
 - public static final 'GL_COLOR' 'I' @684  6144 (1800)
 - public static final 'GL_DEPTH' 'I' @688  6145 (1801)
 - public static final 'GL_STENCIL' 'I' @692  6146 (1802)
 - public static final 'GL_STENCIL_INDEX' 'I' @696  6401 (1901)
 - public static final 'GL_DEPTH_COMPONENT' 'I' @700  6402 (1902)
 - public static final 'GL_RED' 'I' @704  6403 (1903)
 - public static final 'GL_GREEN' 'I' @708  6404 (1904)
 - public static final 'GL_BLUE' 'I' @712  6405 (1905)
 - public static final 'GL_ALPHA' 'I' @716  6406 (1906)
 - public static final 'GL_RGB' 'I' @720  6407 (1907)
 - public static final 'GL_RGBA' 'I' @724  6408 (1908)
 - public static final 'GL_POINT' 'I' @728  6912 (1b00)
 - public static final 'GL_LINE' 'I' @732  6913 (1b01)
 - public static final 'GL_FILL' 'I' @736  6914 (1b02)
 - public static final 'GL_KEEP' 'I' @740  7680 (1e00)
 - public static final 'GL_REPLACE' 'I' @744  7681 (1e01)
 - public static final 'GL_INCR' 'I' @748  7682 (1e02)
 - public static final 'GL_DECR' 'I' @752  7683 (1e03)
 - public static final 'GL_VENDOR' 'I' @756  7936 (1f00)
 - public static final 'GL_RENDERER' 'I' @760  7937 (1f01)
 - public static final 'GL_VERSION' 'I' @764  7938 (1f02)
 - public static final 'GL_EXTENSIONS' 'I' @768  7939 (1f03)
 - public static final 'GL_NEAREST' 'I' @772  9728 (2600)
 - public static final 'GL_LINEAR' 'I' @776  9729 (2601)
 - public static final 'GL_NEAREST_MIPMAP_NEAREST' 'I' @780  9984 (2700)
 - public static final 'GL_LINEAR_MIPMAP_NEAREST' 'I' @784  9985 (2701)
 - public static final 'GL_NEAREST_MIPMAP_LINEAR' 'I' @788  9986 (2702)
 - public static final 'GL_LINEAR_MIPMAP_LINEAR' 'I' @792  9987 (2703)
 - public static final 'GL_TEXTURE_MAG_FILTER' 'I' @796  10240 (2800)
 - public static final 'GL_TEXTURE_MIN_FILTER' 'I' @800  10241 (2801)
 - public static final 'GL_TEXTURE_WRAP_S' 'I' @804  10242 (2802)
 - public static final 'GL_TEXTURE_WRAP_T' 'I' @808  10243 (2803)
 - public static final 'GL_REPEAT' 'I' @812  10497 (2901)
 - public static final 'GL_POLYGON_OFFSET_FACTOR' 'I' @816  32824 (8038)
 - public static final 'GL_POLYGON_OFFSET_UNITS' 'I' @820  10752 (2a00)
 - public static final 'GL_POLYGON_OFFSET_POINT' 'I' @824  10753 (2a01)
 - public static final 'GL_POLYGON_OFFSET_LINE' 'I' @828  10754 (2a02)
 - public static final 'GL_POLYGON_OFFSET_FILL' 'I' @832  32823 (8037)
 - public static final 'GL_R3_G3_B2' 'I' @836  10768 (2a10)
 - public static final 'GL_RGB4' 'I' @840  32847 (804f)
 - public static final 'GL_RGB5' 'I' @844  32848 (8050)
 - public static final 'GL_RGB8' 'I' @848  32849 (8051)
 - public static final 'GL_RGB10' 'I' @852  32850 (8052)
 - public static final 'GL_RGB12' 'I' @856  32851 (8053)
 - public static final 'GL_RGB16' 'I' @860  32852 (8054)
 - public static final 'GL_RGBA2' 'I' @864  32853 (8055)
 - public static final 'GL_RGBA4' 'I' @868  32854 (8056)
 - public static final 'GL_RGB5_A1' 'I' @872  32855 (8057)
 - public static final 'GL_RGBA8' 'I' @876  32856 (8058)
 - public static final 'GL_RGB10_A2' 'I' @880  32857 (8059)
 - public static final 'GL_RGBA12' 'I' @884  32858 (805a)
 - public static final 'GL_RGBA16' 'I' @888  32859 (805b)
 - public static final 'GL_TEXTURE_RED_SIZE' 'I' @892  32860 (805c)
 - public static final 'GL_TEXTURE_GREEN_SIZE' 'I' @896  32861 (805d)
 - public static final 'GL_TEXTURE_BLUE_SIZE' 'I' @900  32862 (805e)
 - public static final 'GL_TEXTURE_ALPHA_SIZE' 'I' @904  32863 (805f)
 - public static final 'GL_PROXY_TEXTURE_1D' 'I' @908  32867 (8063)
 - public static final 'GL_PROXY_TEXTURE_2D' 'I' @912  32868 (8064)
 - public static final 'GL_TEXTURE_BINDING_1D' 'I' @916  32872 (8068)
 - public static final 'GL_TEXTURE_BINDING_2D' 'I' @920  32873 (8069)
 - public static final 'GL_VERTEX_ARRAY' 'I' @924  32884 (8074)
R12=0x0 is NULL
R13=0x00000136834b5260 is pointing into metadata
R14=0x0000001aaa2ff0d0 is pointing into the stack for thread: 0x00000136172dfce0
R15=0x00000136172dfce0 is a thread


Top of Stack: (sp=0x0000001aaa2ff008)
0x0000001aaa2ff008:   00000136260cd621 0000001aaa2ff608
0x0000001aaa2ff018:   00000136260cd33c 00000136834b5268
0x0000001aaa2ff028:   0000001aaa2ff600 3ff0000000000000
0x0000001aaa2ff038:   0000013600000000 0000001aaa2ff600
0x0000001aaa2ff048:   00000136260cd2f6 0000001aaa2ff050
0x0000001aaa2ff058:   00000136834b5260 0000001aaa2ff0d0
0x0000001aaa2ff068:   00000136834c0058 0000000000000000
0x0000001aaa2ff078:   000000065dd8a010 00000136834b5268
0x0000001aaa2ff088:   0000000000000000 0000001aaa2ff0b8
0x0000001aaa2ff098:   0000001aaa2ff120 00000136260c94fe
0x0000001aaa2ff0a8:   000000065dd8a010 00000136260caf78
0x0000001aaa2ff0b8:   0000001a00000000 0000013600000000
0x0000001aaa2ff0c8:   0000013600000000 0000013600000000
0x0000001aaa2ff0d8:   0000001aaa2ff0d8 0000013683406b1c
0x0000001aaa2ff0e8:   0000001aaa2ff148 0000013683438000
0x0000001aaa2ff0f8:   0000000000000000 000000065e1f7530 

Instructions: (pc=0x00007ffd47efc5b9)
0x00007ffd47efc4b9:   cc cc cc cc cc cc cc 48 8b 01 49 8b c8 48 8b 50
0x00007ffd47efc4c9:   18 48 ff a2 60 0a 00 00 cc cc cc cc cc cc cc cc
0x00007ffd47efc4d9:   cc cc cc cc cc cc cc 48 8b 01 49 8b c8 48 8b 50
0x00007ffd47efc4e9:   18 48 ff a2 68 0a 00 00 cc cc cc cc cc cc cc cc
0x00007ffd47efc4f9:   cc cc cc cc cc cc cc 40 53 48 8b 01 41 8b d8 44
0x00007ffd47efc509:   8b 44 24 30 41 8b d1 4c 8b 4c 24 38 8b cb 4c 8b
0x00007ffd47efc519:   50 18 5b 49 ff a2 70 0a 00 00 cc cc cc cc cc cc
0x00007ffd47efc529:   cc cc cc cc cc cc cc 48 8b 01 41 8b c8 48 8b 50
0x00007ffd47efc539:   18 48 ff 22 cc cc cc 48 8b 01 41 8b c8 48 8b 50
0x00007ffd47efc549:   18 48 ff 62 08 cc cc 48 8b 01 41 8b d1 41 8b c8
0x00007ffd47efc559:   4c 8b 50 18 49 ff 62 38 cc cc cc cc cc cc cc cc
0x00007ffd47efc569:   cc cc cc cc cc cc cc 48 8b 01 41 8b d1 41 8b c8
0x00007ffd47efc579:   4c 8b 50 18 49 ff 62 48 cc cc cc cc cc cc cc cc
0x00007ffd47efc589:   cc cc cc cc cc cc cc 48 8b 01 41 8b c8 48 8b 50
0x00007ffd47efc599:   18 48 ff 62 60 cc cc 48 8b 01 0f 28 cb f3 0f 10
0x00007ffd47efc5a9:   5c 24 30 0f 28 c2 f3 0f 10 54 24 28 48 8b 48 18
0x00007ffd47efc5b9:   48 ff 61 70 cc cc cc 48 8b 01 0f 28 c2 48 8b 48
0x00007ffd47efc5c9:   18 48 ff 61 78 cc cc 48 8b 01 41 8b c8 48 8b 50
0x00007ffd47efc5d9:   18 48 ff a2 88 00 00 00 cc cc cc cc cc cc cc cc
0x00007ffd47efc5e9:   cc cc cc cc cc cc cc 40 53 48 8b 01 41 0f b6 d8
0x00007ffd47efc5f9:   44 0f b6 44 24 30 41 0f b6 d1 44 0f b6 4c 24 38
0x00007ffd47efc609:   0f b6 cb 4c 8b 50 18 5b 49 ff a2 98 01 00 00 cc
0x00007ffd47efc619:   cc cc cc cc cc cc cc 48 8b 01 41 8b c8 48 8b 50
0x00007ffd47efc629:   18 48 ff a2 b8 01 00 00 cc cc cc cc cc cc cc cc
0x00007ffd47efc639:   cc cc cc cc cc cc cc 48 8b 01 41 8b c8 48 8b 50
0x00007ffd47efc649:   18 48 ff a2 c8 01 00 00 cc cc cc cc cc cc cc cc
0x00007ffd47efc659:   cc cc cc cc cc cc cc 48 8b 01 41 0f b6 c8 48 8b
0x00007ffd47efc669:   50 18 48 ff a2 d0 01 00 00 cc cc cc cc cc cc cc
0x00007ffd47efc679:   cc cc cc cc cc cc cc 48 8b 01 0f 28 cb 0f 28 c2
0x00007ffd47efc689:   48 8b 48 18 48 ff a1 d8 01 00 00 cc cc cc cc cc
0x00007ffd47efc699:   cc cc cc cc cc cc cc 48 8b 01 45 8b d8 44 8b 44
0x00007ffd47efc6a9:   24 28 41 8b d1 41 8b cb 4c 8b 50 18 49 ff a2 e8 


Stack slot to memory mapping:
stack at sp + 0 slots: 0x00000136260cd621 is at code_begin+993 in an Interpreter codelet
method entry point (kind = native)  [0x00000136260cd240, 0x00000136260cdbc0]  2432 bytes
stack at sp + 1 slots: 0x0000001aaa2ff608 is pointing into the stack for thread: 0x00000136172dfce0
stack at sp + 2 slots: 0x00000136260cd33c is at code_begin+252 in an Interpreter codelet
method entry point (kind = native)  [0x00000136260cd240, 0x00000136260cdbc0]  2432 bytes
stack at sp + 3 slots: {method} {0x00000136834b5270} 'glClearColor' '(FFFF)V' in 'org/lwjgl/opengl/GL11C'
stack at sp + 4 slots: 0x0000001aaa2ff600 is pointing into the stack for thread: 0x00000136172dfce0
stack at sp + 5 slots: 0x3ff0000000000000 is an unknown value
stack at sp + 6 slots: 0x0000013600000000 is an unknown value
stack at sp + 7 slots: 0x0000001aaa2ff600 is pointing into the stack for thread: 0x00000136172dfce0


---------------  P R O C E S S  ---------------

Threads class SMR info:
_java_thread_list=0x0000013641a9dff0, length=13, elements={
0x00000136172dfce0, 0x00000136412ef2a0, 0x00000136412f0120, 0x0000013641735870,
0x0000013641737350, 0x000001364173a130, 0x000001364173aa00, 0x000001364173b6b0,
0x000001364173c070, 0x0000013641752a50, 0x000001364187bd50, 0x000001364187eae0,
0x0000013641b040b0
}

Java Threads: ( => current thread )
=>0x00000136172dfce0 JavaThread "main" [_thread_in_native, id=16540, stack(0x0000001aaa200000,0x0000001aaa300000)]
  0x00000136412ef2a0 JavaThread "Reference Handler" daemon [_thread_blocked, id=8380, stack(0x0000001aaa900000,0x0000001aaaa00000)]
  0x00000136412f0120 JavaThread "Finalizer" daemon [_thread_blocked, id=13268, stack(0x0000001aaaa00000,0x0000001aaab00000)]
  0x0000013641735870 JavaThread "Signal Dispatcher" daemon [_thread_blocked, id=17336, stack(0x0000001aaab00000,0x0000001aaac00000)]
  0x0000013641737350 JavaThread "Attach Listener" daemon [_thread_blocked, id=9148, stack(0x0000001aaac00000,0x0000001aaad00000)]
  0x000001364173a130 JavaThread "Service Thread" daemon [_thread_blocked, id=7332, stack(0x0000001aaad00000,0x0000001aaae00000)]
  0x000001364173aa00 JavaThread "Monitor Deflation Thread" daemon [_thread_blocked, id=13000, stack(0x0000001aaae00000,0x0000001aaaf00000)]
  0x000001364173b6b0 JavaThread "C2 CompilerThread0" daemon [_thread_blocked, id=12444, stack(0x0000001aaaf00000,0x0000001aab000000)]
  0x000001364173c070 JavaThread "C1 CompilerThread0" daemon [_thread_blocked, id=20492, stack(0x0000001aab000000,0x0000001aab100000)]
  0x0000013641752a50 JavaThread "Sweeper thread" daemon [_thread_blocked, id=20232, stack(0x0000001aab100000,0x0000001aab200000)]
  0x000001364187bd50 JavaThread "Notification Thread" daemon [_thread_blocked, id=15672, stack(0x0000001aab200000,0x0000001aab300000)]
  0x000001364187eae0 JavaThread "Common-Cleaner" daemon [_thread_blocked, id=17384, stack(0x0000001aab400000,0x0000001aab500000)]
  0x0000013641b040b0 JavaThread "C2 CompilerThread1" daemon [_thread_blocked, id=14460, stack(0x0000001aab500000,0x0000001aab600000)]

Other Threads:
  0x00000136412e9690 VMThread "VM Thread" [stack: 0x0000001aaa800000,0x0000001aaa900000] [id=18132]
  0x00000136173a6830 WatcherThread [stack: 0x0000001aab300000,0x0000001aab400000] [id=5112]
  0x000001361737bcd0 GCTaskThread "GC Thread#0" [stack: 0x0000001aaa300000,0x0000001aaa400000] [id=1300]
  0x000001361738aaf0 ConcurrentGCThread "G1 Main Marker" [stack: 0x0000001aaa400000,0x0000001aaa500000] [id=10924]
  0x000001361738b500 ConcurrentGCThread "G1 Conc#0" [stack: 0x0000001aaa500000,0x0000001aaa600000] [id=23296]
  0x000001364119f480 ConcurrentGCThread "G1 Refine#0" [stack: 0x0000001aaa600000,0x0000001aaa700000] [id=13148]
  0x000001364119feb0 ConcurrentGCThread "G1 Service" [stack: 0x0000001aaa700000,0x0000001aaa800000] [id=23732]

Threads with active compile tasks:

VM state: not at safepoint (normal execution)

VM Mutex/Monitor currently owned by a thread: None

Heap address: 0x0000000642400000, size: 7132 MB, Compressed Oops mode: Zero based, Oop shift amount: 3

CDS archive(s) mapped at: [0x0000013642000000-0x0000013642bd0000-0x0000013642bd0000), size 12386304, SharedBaseAddress: 0x0000013642000000, ArchiveRelocationMode: 1.
Compressed class space mapped at: 0x0000013643000000-0x0000013683000000, reserved size: 1073741824
Narrow klass base: 0x0000013642000000, Narrow klass shift: 0, Narrow klass range: 0x100000000

GC Precious Log:
 CPUs: 12 total, 12 available
 Memory: 28524M
 Large Page Support: Disabled
 NUMA Support: Disabled
 Compressed Oops: Enabled (Zero based)
 Heap Region Size: 4M
 Heap Min Capacity: 8M
 Heap Initial Capacity: 448M
 Heap Max Capacity: 7132M
 Pre-touch: Disabled
 Parallel Workers: 10
 Concurrent Workers: 3
 Concurrent Refinement Workers: 10
 Periodic GC: Disabled

Heap:
 garbage-first heap   total 458752K, used 4096K [0x0000000642400000, 0x0000000800000000)
  region size 4096K, 2 young (8192K), 0 survivors (0K)
 Metaspace       used 2408K, committed 2624K, reserved 1114112K
  class space    used 189K, committed 320K, reserved 1048576K

Heap Regions: E=young(eden), S=young(survivor), O=old, HS=humongous(starts), HC=humongous(continues), CS=collection set, F=free, OA=open archive, CA=closed archive, TAMS=top-at-mark-start (previous, next)
|   0|0x0000000642400000, 0x0000000642400000, 0x0000000642800000|  0%| F|  |TAMS 0x0000000642400000, 0x0000000642400000| Untracked 
|   1|0x0000000642800000, 0x0000000642800000, 0x0000000642c00000|  0%| F|  |TAMS 0x0000000642800000, 0x0000000642800000| Untracked 
|   2|0x0000000642c00000, 0x0000000642c00000, 0x0000000643000000|  0%| F|  |TAMS 0x0000000642c00000, 0x0000000642c00000| Untracked 
|   3|0x0000000643000000, 0x0000000643000000, 0x0000000643400000|  0%| F|  |TAMS 0x0000000643000000, 0x0000000643000000| Untracked 
|   4|0x0000000643400000, 0x0000000643400000, 0x0000000643800000|  0%| F|  |TAMS 0x0000000643400000, 0x0000000643400000| Untracked 
|   5|0x0000000643800000, 0x0000000643800000, 0x0000000643c00000|  0%| F|  |TAMS 0x0000000643800000, 0x0000000643800000| Untracked 
|   6|0x0000000643c00000, 0x0000000643c00000, 0x0000000644000000|  0%| F|  |TAMS 0x0000000643c00000, 0x0000000643c00000| Untracked 
|   7|0x0000000644000000, 0x0000000644000000, 0x0000000644400000|  0%| F|  |TAMS 0x0000000644000000, 0x0000000644000000| Untracked 
|   8|0x0000000644400000, 0x0000000644400000, 0x0000000644800000|  0%| F|  |TAMS 0x0000000644400000, 0x0000000644400000| Untracked 
|   9|0x0000000644800000, 0x0000000644800000, 0x0000000644c00000|  0%| F|  |TAMS 0x0000000644800000, 0x0000000644800000| Untracked 
|  10|0x0000000644c00000, 0x0000000644c00000, 0x0000000645000000|  0%| F|  |TAMS 0x0000000644c00000, 0x0000000644c00000| Untracked 
|  11|0x0000000645000000, 0x0000000645000000, 0x0000000645400000|  0%| F|  |TAMS 0x0000000645000000, 0x0000000645000000| Untracked 
|  12|0x0000000645400000, 0x0000000645400000, 0x0000000645800000|  0%| F|  |TAMS 0x0000000645400000, 0x0000000645400000| Untracked 
|  13|0x0000000645800000, 0x0000000645800000, 0x0000000645c00000|  0%| F|  |TAMS 0x0000000645800000, 0x0000000645800000| Untracked 
|  14|0x0000000645c00000, 0x0000000645c00000, 0x0000000646000000|  0%| F|  |TAMS 0x0000000645c00000, 0x0000000645c00000| Untracked 
|  15|0x0000000646000000, 0x0000000646000000, 0x0000000646400000|  0%| F|  |TAMS 0x0000000646000000, 0x0000000646000000| Untracked 
|  16|0x0000000646400000, 0x0000000646400000, 0x0000000646800000|  0%| F|  |TAMS 0x0000000646400000, 0x0000000646400000| Untracked 
|  17|0x0000000646800000, 0x0000000646800000, 0x0000000646c00000|  0%| F|  |TAMS 0x0000000646800000, 0x0000000646800000| Untracked 
|  18|0x0000000646c00000, 0x0000000646c00000, 0x0000000647000000|  0%| F|  |TAMS 0x0000000646c00000, 0x0000000646c00000| Untracked 
|  19|0x0000000647000000, 0x0000000647000000, 0x0000000647400000|  0%| F|  |TAMS 0x0000000647000000, 0x0000000647000000| Untracked 
|  20|0x0000000647400000, 0x0000000647400000, 0x0000000647800000|  0%| F|  |TAMS 0x0000000647400000, 0x0000000647400000| Untracked 
|  21|0x0000000647800000, 0x0000000647800000, 0x0000000647c00000|  0%| F|  |TAMS 0x0000000647800000, 0x0000000647800000| Untracked 
|  22|0x0000000647c00000, 0x0000000647c00000, 0x0000000648000000|  0%| F|  |TAMS 0x0000000647c00000, 0x0000000647c00000| Untracked 
|  23|0x0000000648000000, 0x0000000648000000, 0x0000000648400000|  0%| F|  |TAMS 0x0000000648000000, 0x0000000648000000| Untracked 
|  24|0x0000000648400000, 0x0000000648400000, 0x0000000648800000|  0%| F|  |TAMS 0x0000000648400000, 0x0000000648400000| Untracked 
|  25|0x0000000648800000, 0x0000000648800000, 0x0000000648c00000|  0%| F|  |TAMS 0x0000000648800000, 0x0000000648800000| Untracked 
|  26|0x0000000648c00000, 0x0000000648c00000, 0x0000000649000000|  0%| F|  |TAMS 0x0000000648c00000, 0x0000000648c00000| Untracked 
|  27|0x0000000649000000, 0x0000000649000000, 0x0000000649400000|  0%| F|  |TAMS 0x0000000649000000, 0x0000000649000000| Untracked 
|  28|0x0000000649400000, 0x0000000649400000, 0x0000000649800000|  0%| F|  |TAMS 0x0000000649400000, 0x0000000649400000| Untracked 
|  29|0x0000000649800000, 0x0000000649800000, 0x0000000649c00000|  0%| F|  |TAMS 0x0000000649800000, 0x0000000649800000| Untracked 
|  30|0x0000000649c00000, 0x0000000649c00000, 0x000000064a000000|  0%| F|  |TAMS 0x0000000649c00000, 0x0000000649c00000| Untracked 
|  31|0x000000064a000000, 0x000000064a000000, 0x000000064a400000|  0%| F|  |TAMS 0x000000064a000000, 0x000000064a000000| Untracked 
|  32|0x000000064a400000, 0x000000064a400000, 0x000000064a800000|  0%| F|  |TAMS 0x000000064a400000, 0x000000064a400000| Untracked 
|  33|0x000000064a800000, 0x000000064a800000, 0x000000064ac00000|  0%| F|  |TAMS 0x000000064a800000, 0x000000064a800000| Untracked 
|  34|0x000000064ac00000, 0x000000064ac00000, 0x000000064b000000|  0%| F|  |TAMS 0x000000064ac00000, 0x000000064ac00000| Untracked 
|  35|0x000000064b000000, 0x000000064b000000, 0x000000064b400000|  0%| F|  |TAMS 0x000000064b000000, 0x000000064b000000| Untracked 
|  36|0x000000064b400000, 0x000000064b400000, 0x000000064b800000|  0%| F|  |TAMS 0x000000064b400000, 0x000000064b400000| Untracked 
|  37|0x000000064b800000, 0x000000064b800000, 0x000000064bc00000|  0%| F|  |TAMS 0x000000064b800000, 0x000000064b800000| Untracked 
|  38|0x000000064bc00000, 0x000000064bc00000, 0x000000064c000000|  0%| F|  |TAMS 0x000000064bc00000, 0x000000064bc00000| Untracked 
|  39|0x000000064c000000, 0x000000064c000000, 0x000000064c400000|  0%| F|  |TAMS 0x000000064c000000, 0x000000064c000000| Untracked 
|  40|0x000000064c400000, 0x000000064c400000, 0x000000064c800000|  0%| F|  |TAMS 0x000000064c400000, 0x000000064c400000| Untracked 
|  41|0x000000064c800000, 0x000000064c800000, 0x000000064cc00000|  0%| F|  |TAMS 0x000000064c800000, 0x000000064c800000| Untracked 
|  42|0x000000064cc00000, 0x000000064cc00000, 0x000000064d000000|  0%| F|  |TAMS 0x000000064cc00000, 0x000000064cc00000| Untracked 
|  43|0x000000064d000000, 0x000000064d000000, 0x000000064d400000|  0%| F|  |TAMS 0x000000064d000000, 0x000000064d000000| Untracked 
|  44|0x000000064d400000, 0x000000064d400000, 0x000000064d800000|  0%| F|  |TAMS 0x000000064d400000, 0x000000064d400000| Untracked 
|  45|0x000000064d800000, 0x000000064d800000, 0x000000064dc00000|  0%| F|  |TAMS 0x000000064d800000, 0x000000064d800000| Untracked 
|  46|0x000000064dc00000, 0x000000064dc00000, 0x000000064e000000|  0%| F|  |TAMS 0x000000064dc00000, 0x000000064dc00000| Untracked 
|  47|0x000000064e000000, 0x000000064e000000, 0x000000064e400000|  0%| F|  |TAMS 0x000000064e000000, 0x000000064e000000| Untracked 
|  48|0x000000064e400000, 0x000000064e400000, 0x000000064e800000|  0%| F|  |TAMS 0x000000064e400000, 0x000000064e400000| Untracked 
|  49|0x000000064e800000, 0x000000064e800000, 0x000000064ec00000|  0%| F|  |TAMS 0x000000064e800000, 0x000000064e800000| Untracked 
|  50|0x000000064ec00000, 0x000000064ec00000, 0x000000064f000000|  0%| F|  |TAMS 0x000000064ec00000, 0x000000064ec00000| Untracked 
|  51|0x000000064f000000, 0x000000064f000000, 0x000000064f400000|  0%| F|  |TAMS 0x000000064f000000, 0x000000064f000000| Untracked 
|  52|0x000000064f400000, 0x000000064f400000, 0x000000064f800000|  0%| F|  |TAMS 0x000000064f400000, 0x000000064f400000| Untracked 
|  53|0x000000064f800000, 0x000000064f800000, 0x000000064fc00000|  0%| F|  |TAMS 0x000000064f800000, 0x000000064f800000| Untracked 
|  54|0x000000064fc00000, 0x000000064fc00000, 0x0000000650000000|  0%| F|  |TAMS 0x000000064fc00000, 0x000000064fc00000| Untracked 
|  55|0x0000000650000000, 0x0000000650000000, 0x0000000650400000|  0%| F|  |TAMS 0x0000000650000000, 0x0000000650000000| Untracked 
|  56|0x0000000650400000, 0x0000000650400000, 0x0000000650800000|  0%| F|  |TAMS 0x0000000650400000, 0x0000000650400000| Untracked 
|  57|0x0000000650800000, 0x0000000650800000, 0x0000000650c00000|  0%| F|  |TAMS 0x0000000650800000, 0x0000000650800000| Untracked 
|  58|0x0000000650c00000, 0x0000000650c00000, 0x0000000651000000|  0%| F|  |TAMS 0x0000000650c00000, 0x0000000650c00000| Untracked 
|  59|0x0000000651000000, 0x0000000651000000, 0x0000000651400000|  0%| F|  |TAMS 0x0000000651000000, 0x0000000651000000| Untracked 
|  60|0x0000000651400000, 0x0000000651400000, 0x0000000651800000|  0%| F|  |TAMS 0x0000000651400000, 0x0000000651400000| Untracked 
|  61|0x0000000651800000, 0x0000000651800000, 0x0000000651c00000|  0%| F|  |TAMS 0x0000000651800000, 0x0000000651800000| Untracked 
|  62|0x0000000651c00000, 0x0000000651c00000, 0x0000000652000000|  0%| F|  |TAMS 0x0000000651c00000, 0x0000000651c00000| Untracked 
|  63|0x0000000652000000, 0x0000000652000000, 0x0000000652400000|  0%| F|  |TAMS 0x0000000652000000, 0x0000000652000000| Untracked 
|  64|0x0000000652400000, 0x0000000652400000, 0x0000000652800000|  0%| F|  |TAMS 0x0000000652400000, 0x0000000652400000| Untracked 
|  65|0x0000000652800000, 0x0000000652800000, 0x0000000652c00000|  0%| F|  |TAMS 0x0000000652800000, 0x0000000652800000| Untracked 
|  66|0x0000000652c00000, 0x0000000652c00000, 0x0000000653000000|  0%| F|  |TAMS 0x0000000652c00000, 0x0000000652c00000| Untracked 
|  67|0x0000000653000000, 0x0000000653000000, 0x0000000653400000|  0%| F|  |TAMS 0x0000000653000000, 0x0000000653000000| Untracked 
|  68|0x0000000653400000, 0x0000000653400000, 0x0000000653800000|  0%| F|  |TAMS 0x0000000653400000, 0x0000000653400000| Untracked 
|  69|0x0000000653800000, 0x0000000653800000, 0x0000000653c00000|  0%| F|  |TAMS 0x0000000653800000, 0x0000000653800000| Untracked 
|  70|0x0000000653c00000, 0x0000000653c00000, 0x0000000654000000|  0%| F|  |TAMS 0x0000000653c00000, 0x0000000653c00000| Untracked 
|  71|0x0000000654000000, 0x0000000654000000, 0x0000000654400000|  0%| F|  |TAMS 0x0000000654000000, 0x0000000654000000| Untracked 
|  72|0x0000000654400000, 0x0000000654400000, 0x0000000654800000|  0%| F|  |TAMS 0x0000000654400000, 0x0000000654400000| Untracked 
|  73|0x0000000654800000, 0x0000000654800000, 0x0000000654c00000|  0%| F|  |TAMS 0x0000000654800000, 0x0000000654800000| Untracked 
|  74|0x0000000654c00000, 0x0000000654c00000, 0x0000000655000000|  0%| F|  |TAMS 0x0000000654c00000, 0x0000000654c00000| Untracked 
|  75|0x0000000655000000, 0x0000000655000000, 0x0000000655400000|  0%| F|  |TAMS 0x0000000655000000, 0x0000000655000000| Untracked 
|  76|0x0000000655400000, 0x0000000655400000, 0x0000000655800000|  0%| F|  |TAMS 0x0000000655400000, 0x0000000655400000| Untracked 
|  77|0x0000000655800000, 0x0000000655800000, 0x0000000655c00000|  0%| F|  |TAMS 0x0000000655800000, 0x0000000655800000| Untracked 
|  78|0x0000000655c00000, 0x0000000655c00000, 0x0000000656000000|  0%| F|  |TAMS 0x0000000655c00000, 0x0000000655c00000| Untracked 
|  79|0x0000000656000000, 0x0000000656000000, 0x0000000656400000|  0%| F|  |TAMS 0x0000000656000000, 0x0000000656000000| Untracked 
|  80|0x0000000656400000, 0x0000000656400000, 0x0000000656800000|  0%| F|  |TAMS 0x0000000656400000, 0x0000000656400000| Untracked 
|  81|0x0000000656800000, 0x0000000656800000, 0x0000000656c00000|  0%| F|  |TAMS 0x0000000656800000, 0x0000000656800000| Untracked 
|  82|0x0000000656c00000, 0x0000000656c00000, 0x0000000657000000|  0%| F|  |TAMS 0x0000000656c00000, 0x0000000656c00000| Untracked 
|  83|0x0000000657000000, 0x0000000657000000, 0x0000000657400000|  0%| F|  |TAMS 0x0000000657000000, 0x0000000657000000| Untracked 
|  84|0x0000000657400000, 0x0000000657400000, 0x0000000657800000|  0%| F|  |TAMS 0x0000000657400000, 0x0000000657400000| Untracked 
|  85|0x0000000657800000, 0x0000000657800000, 0x0000000657c00000|  0%| F|  |TAMS 0x0000000657800000, 0x0000000657800000| Untracked 
|  86|0x0000000657c00000, 0x0000000657c00000, 0x0000000658000000|  0%| F|  |TAMS 0x0000000657c00000, 0x0000000657c00000| Untracked 
|  87|0x0000000658000000, 0x0000000658000000, 0x0000000658400000|  0%| F|  |TAMS 0x0000000658000000, 0x0000000658000000| Untracked 
|  88|0x0000000658400000, 0x0000000658400000, 0x0000000658800000|  0%| F|  |TAMS 0x0000000658400000, 0x0000000658400000| Untracked 
|  89|0x0000000658800000, 0x0000000658800000, 0x0000000658c00000|  0%| F|  |TAMS 0x0000000658800000, 0x0000000658800000| Untracked 
|  90|0x0000000658c00000, 0x0000000658c00000, 0x0000000659000000|  0%| F|  |TAMS 0x0000000658c00000, 0x0000000658c00000| Untracked 
|  91|0x0000000659000000, 0x0000000659000000, 0x0000000659400000|  0%| F|  |TAMS 0x0000000659000000, 0x0000000659000000| Untracked 
|  92|0x0000000659400000, 0x0000000659400000, 0x0000000659800000|  0%| F|  |TAMS 0x0000000659400000, 0x0000000659400000| Untracked 
|  93|0x0000000659800000, 0x0000000659800000, 0x0000000659c00000|  0%| F|  |TAMS 0x0000000659800000, 0x0000000659800000| Untracked 
|  94|0x0000000659c00000, 0x0000000659c00000, 0x000000065a000000|  0%| F|  |TAMS 0x0000000659c00000, 0x0000000659c00000| Untracked 
|  95|0x000000065a000000, 0x000000065a000000, 0x000000065a400000|  0%| F|  |TAMS 0x000000065a000000, 0x000000065a000000| Untracked 
|  96|0x000000065a400000, 0x000000065a400000, 0x000000065a800000|  0%| F|  |TAMS 0x000000065a400000, 0x000000065a400000| Untracked 
|  97|0x000000065a800000, 0x000000065a800000, 0x000000065ac00000|  0%| F|  |TAMS 0x000000065a800000, 0x000000065a800000| Untracked 
|  98|0x000000065ac00000, 0x000000065ac00000, 0x000000065b000000|  0%| F|  |TAMS 0x000000065ac00000, 0x000000065ac00000| Untracked 
|  99|0x000000065b000000, 0x000000065b000000, 0x000000065b400000|  0%| F|  |TAMS 0x000000065b000000, 0x000000065b000000| Untracked 
| 100|0x000000065b400000, 0x000000065b400000, 0x000000065b800000|  0%| F|  |TAMS 0x000000065b400000, 0x000000065b400000| Untracked 
| 101|0x000000065b800000, 0x000000065b800000, 0x000000065bc00000|  0%| F|  |TAMS 0x000000065b800000, 0x000000065b800000| Untracked 
| 102|0x000000065bc00000, 0x000000065bc00000, 0x000000065c000000|  0%| F|  |TAMS 0x000000065bc00000, 0x000000065bc00000| Untracked 
| 103|0x000000065c000000, 0x000000065c000000, 0x000000065c400000|  0%| F|  |TAMS 0x000000065c000000, 0x000000065c000000| Untracked 
| 104|0x000000065c400000, 0x000000065c400000, 0x000000065c800000|  0%| F|  |TAMS 0x000000065c400000, 0x000000065c400000| Untracked 
| 105|0x000000065c800000, 0x000000065c800000, 0x000000065cc00000|  0%| F|  |TAMS 0x000000065c800000, 0x000000065c800000| Untracked 
| 106|0x000000065cc00000, 0x000000065cc00000, 0x000000065d000000|  0%| F|  |TAMS 0x000000065cc00000, 0x000000065cc00000| Untracked 
| 107|0x000000065d000000, 0x000000065d000000, 0x000000065d400000|  0%| F|  |TAMS 0x000000065d000000, 0x000000065d000000| Untracked 
| 108|0x000000065d400000, 0x000000065d400000, 0x000000065d800000|  0%| F|  |TAMS 0x000000065d400000, 0x000000065d400000| Untracked 
| 109|0x000000065d800000, 0x000000065d800000, 0x000000065dc00000|  0%| F|  |TAMS 0x000000065d800000, 0x000000065d800000| Untracked 
| 110|0x000000065dc00000, 0x000000065dd9fb38, 0x000000065e000000| 40%| E|  |TAMS 0x000000065dc00000, 0x000000065dc00000| Complete 
| 111|0x000000065e000000, 0x000000065e400000, 0x000000065e400000|100%| E|CS|TAMS 0x000000065e000000, 0x000000065e000000| Complete 

Card table byte_map: [0x000001362eed0000,0x000001362fcc0000] _byte_map_base: 0x000001362bcbe000

Marking Bits (Prev, Next): (CMBitMap*) 0x000001361737c2f0, (CMBitMap*) 0x000001361737c330
 Prev Bits: [0x0000013630ab0000, 0x0000013637a20000)
 Next Bits: [0x0000013637a20000, 0x000001363e990000)

Polling page: 0x0000013615250000

Metaspace:

Usage:
  Non-class:      2.17 MB used.
      Class:    189.85 KB used.
       Both:      2.35 MB used.

Virtual space:
  Non-class space:       64.00 MB reserved,       2.25 MB (  4%) committed,  1 nodes.
      Class space:        1.00 GB reserved,     320.00 KB ( <1%) committed,  1 nodes.
             Both:        1.06 GB reserved,       2.56 MB ( <1%) committed. 

Chunk freelists:
   Non-Class:  11.23 MB
       Class:  15.67 MB
        Both:  26.90 MB

MaxMetaspaceSize: unlimited
CompressedClassSpaceSize: 1.00 GB
Initial GC threshold: 21.00 MB
Current GC threshold: 21.00 MB
CDS: on
MetaspaceReclaimPolicy: balanced
 - commit_granule_bytes: 65536.
 - commit_granule_words: 8192.
 - virtual_space_node_default_size: 8388608.
 - enlarge_chunks_in_place: 1.
 - new_chunks_are_fully_committed: 0.
 - uncommit_free_chunks: 1.
 - use_allocation_guard: 0.
 - handle_deallocations: 1.


Internal statistics:

num_allocs_failed_limit: 0.
num_arena_births: 62.
num_arena_deaths: 0.
num_vsnodes_births: 2.
num_vsnodes_deaths: 0.
num_space_committed: 41.
num_space_uncommitted: 0.
num_chunks_returned_to_freelist: 0.
num_chunks_taken_from_freelist: 111.
num_chunk_merges: 0.
num_chunk_splits: 70.
num_chunks_enlarged: 40.
num_inconsistent_stats: 0.

CodeHeap 'non-profiled nmethods': size=120000Kb used=153Kb max_used=153Kb free=119846Kb
 bounds [0x0000013626660000, 0x00000136268d0000, 0x000001362db90000]
CodeHeap 'profiled nmethods': size=120000Kb used=737Kb max_used=737Kb free=119262Kb
 bounds [0x000001361eb90000, 0x000001361ee00000, 0x00000136260c0000]
CodeHeap 'non-nmethods': size=5760Kb used=1157Kb max_used=1170Kb free=4602Kb
 bounds [0x00000136260c0000, 0x0000013626330000, 0x0000013626660000]
 total_blobs=934 nmethods=486 adapters=361
 compilation: enabled
              stopped_count=0, restarted_count=0
 full_count=0

Compilation events (20 events):
Event: 0.164 Thread 0x000001364173c070  476       3       java.lang.StringLatin1::regionMatchesCI (98 bytes)
Event: 0.164 Thread 0x000001364173c070 nmethod 476 0x000001361ec46110 code [0x000001361ec46340, 0x000001361ec46a98]
Event: 0.164 Thread 0x000001364173c070  478       3       java.io.RandomAccessFile::seek (22 bytes)
Event: 0.164 Thread 0x000001364173c070 nmethod 478 0x000001361ec46e10 code [0x000001361ec46fc0, 0x000001361ec471f8]
Event: 0.164 Thread 0x000001364173c070  477       1       java.security.CodeSource::getLocationNoFragString (5 bytes)
Event: 0.164 Thread 0x000001364173c070 nmethod 477 0x0000013626685910 code [0x0000013626685aa0, 0x0000013626685b78]
Event: 0.164 Thread 0x000001364173c070  479       3       java.lang.Integer::toUnsignedLong (7 bytes)
Event: 0.164 Thread 0x000001364173c070 nmethod 479 0x000001361ec47310 code [0x000001361ec474a0, 0x000001361ec47598]
Event: 0.164 Thread 0x000001364173c070  481       3       sun.misc.Unsafe::putLong (11 bytes)
Event: 0.165 Thread 0x000001364173c070 nmethod 481 0x000001361ec47610 code [0x000001361ec477a0, 0x000001361ec478b8]
Event: 0.165 Thread 0x000001364173c070  482       3       org.lwjgl.system.MemoryUtil::memPutAddress (29 bytes)
Event: 0.165 Thread 0x0000013641b040b0  483       4       java.lang.Integer::toUnsignedLong (7 bytes)
Event: 0.165 Thread 0x000001364173b6b0  484       4       sun.misc.Unsafe::putLong (11 bytes)
Event: 0.165 Thread 0x000001364173c070 nmethod 482 0x000001361ec47990 code [0x000001361ec47b40, 0x000001361ec47d38]
Event: 0.165 Thread 0x0000013641b040b0 nmethod 483 0x0000013626686010 code [0x0000013626686180, 0x00000136266861d8]
Event: 0.165 Thread 0x000001364173b6b0 nmethod 484 0x0000013626686310 code [0x0000013626686480, 0x0000013626686518]
Event: 0.165 Thread 0x000001364173c070  485       3       java.util.WeakHashMap::maskNull (12 bytes)
Event: 0.165 Thread 0x000001364173c070 nmethod 485 0x000001361ec47e10 code [0x000001361ec47fa0, 0x000001361ec480d8]
Event: 0.165 Thread 0x000001364173c070  486       3       java.util.WeakHashMap::hash (28 bytes)
Event: 0.165 Thread 0x000001364173c070 nmethod 486 0x000001361ec48190 code [0x000001361ec48340, 0x000001361ec48528]

GC Heap History (0 events):
No events

Deoptimization events (14 events):
Event: 0.095 Thread 0x00000136172dfce0 DEOPT PACKING pc=0x000001361eba5467 sp=0x0000001aaa2fb5d0
Event: 0.095 Thread 0x00000136172dfce0 DEOPT UNPACKING pc=0x0000013626112b43 sp=0x0000001aaa2fa9f0 mode 0
Event: 0.103 Thread 0x00000136172dfce0 Uncommon trap: trap_request=0xffffff45 fr.pc=0x00000136266767e4 relative=0x0000000000000064
Event: 0.103 Thread 0x00000136172dfce0 Uncommon trap: reason=unstable_if action=reinterpret pc=0x00000136266767e4 method=java.io.WinNTFileSystem.isSlash(C)Z @ 9 c2
Event: 0.103 Thread 0x00000136172dfce0 DEOPT PACKING pc=0x00000136266767e4 sp=0x0000001aaa2fc7f0
Event: 0.103 Thread 0x00000136172dfce0 DEOPT UNPACKING pc=0x00000136261123a3 sp=0x0000001aaa2fc778 mode 2
Event: 0.143 Thread 0x00000136172dfce0 DEOPT PACKING pc=0x000001361ec11c8f sp=0x0000001aaa2fd4c0
Event: 0.143 Thread 0x00000136172dfce0 DEOPT UNPACKING pc=0x0000013626112b43 sp=0x0000001aaa2fc938 mode 0
Event: 0.143 Thread 0x00000136172dfce0 DEOPT PACKING pc=0x000001361ec11c8f sp=0x0000001aaa2fd4c0
Event: 0.143 Thread 0x00000136172dfce0 DEOPT UNPACKING pc=0x0000013626112b43 sp=0x0000001aaa2fc938 mode 0
Event: 0.143 Thread 0x00000136172dfce0 DEOPT PACKING pc=0x000001361ec11c8f sp=0x0000001aaa2fd4c0
Event: 0.143 Thread 0x00000136172dfce0 DEOPT UNPACKING pc=0x0000013626112b43 sp=0x0000001aaa2fc938 mode 0
Event: 0.144 Thread 0x00000136172dfce0 DEOPT PACKING pc=0x000001361ec11c8f sp=0x0000001aaa2fd4c0
Event: 0.144 Thread 0x00000136172dfce0 DEOPT UNPACKING pc=0x0000013626112b43 sp=0x0000001aaa2fc938 mode 0

Classes unloaded (0 events):
No events

Classes redefined (0 events):
No events

Internal exceptions (18 events):
Event: 0.067 Thread 0x00000136172dfce0 Exception <a 'java/lang/NoSuchMethodError'{0x000000065e2834d8}: 'void java.lang.invoke.DirectMethodHandle$Holder.invokeStatic(java.lang.Object, java.lang.Object)'> (0x000000065e2834d8) 
thrown [s\open\src\hotspot\share\interpreter\linkResolver.cpp, line 759]
Event: 0.069 Thread 0x00000136172dfce0 Exception <a 'java/lang/NoSuchMethodError'{0x000000065e291070}: 'void java.lang.invoke.DirectMethodHandle$Holder.invokeSpecial(java.lang.Object, java.lang.Object, java.lang.Object)'> (0x000000065e291070) 
thrown [s\open\src\hotspot\share\interpreter\linkResolver.cpp, line 759]
Event: 0.071 Thread 0x00000136172dfce0 Exception <a 'java/lang/NoSuchMethodError'{0x000000065e2a5958}: 'java.lang.Object java.lang.invoke.DirectMethodHandle$Holder.invokeStatic(java.lang.Object, java.lang.Object, int)'> (0x000000065e2a5958) 
thrown [s\open\src\hotspot\share\interpreter\linkResolver.cpp, line 759]
Event: 0.072 Thread 0x00000136172dfce0 Exception <a 'java/lang/NoSuchMethodError'{0x000000065e2b17c0}: 'void java.lang.invoke.DelegatingMethodHandle$Holder.delegate(java.lang.Object, java.lang.Object, int, java.lang.Object)'> (0x000000065e2b17c0) 
thrown [s\open\src\hotspot\share\interpreter\linkResolver.cpp, line 759]
Event: 0.073 Thread 0x00000136172dfce0 Exception <a 'java/lang/NoSuchMethodError'{0x000000065e2b5a00}: 'int java.lang.invoke.DirectMethodHandle$Holder.invokeSpecial(java.lang.Object, java.lang.Object, java.lang.Object)'> (0x000000065e2b5a00) 
thrown [s\open\src\hotspot\share\interpreter\linkResolver.cpp, line 759]
Event: 0.108 Thread 0x00000136172dfce0 Exception <a 'sun/nio/fs/WindowsException'{0x000000065e3eb5e8}> (0x000000065e3eb5e8) 
thrown [s\open\src\hotspot\share\prims\jni.cpp, line 516]
Event: 0.108 Thread 0x00000136172dfce0 Exception <a 'sun/nio/fs/WindowsException'{0x000000065e3ebb38}> (0x000000065e3ebb38) 
thrown [s\open\src\hotspot\share\prims\jni.cpp, line 516]
Event: 0.140 Thread 0x00000136172dfce0 Exception <a 'sun/nio/fs/WindowsException'{0x000000065dc7ff10}> (0x000000065dc7ff10) 
thrown [s\open\src\hotspot\share\prims\jni.cpp, line 516]
Event: 0.140 Thread 0x00000136172dfce0 Exception <a 'sun/nio/fs/WindowsException'{0x000000065dc802b0}> (0x000000065dc802b0) 
thrown [s\open\src\hotspot\share\prims\jni.cpp, line 516]
Event: 0.145 Thread 0x00000136172dfce0 Exception <a 'sun/nio/fs/WindowsException'{0x000000065dc8ae98}> (0x000000065dc8ae98) 
thrown [s\open\src\hotspot\share\prims\jni.cpp, line 516]
Event: 0.145 Thread 0x00000136172dfce0 Exception <a 'sun/nio/fs/WindowsException'{0x000000065dc8b168}> (0x000000065dc8b168) 
thrown [s\open\src\hotspot\share\prims\jni.cpp, line 516]
Event: 0.149 Thread 0x00000136172dfce0 Exception <a 'java/lang/NoSuchMethodError'{0x000000065dcbfe38}: 'java.lang.Object java.lang.invoke.DirectMethodHandle$Holder.invokeStaticInit(java.lang.Object)'> (0x000000065dcbfe38) 
thrown [s\open\src\hotspot\share\interpreter\linkResolver.cpp, line 759]
Event: 0.152 Thread 0x00000136172dfce0 Exception <a 'java/lang/NoSuchMethodError'{0x000000065dcdf008}: 'int java.lang.invoke.DirectMethodHandle$Holder.invokeStaticInit(java.lang.Object, java.lang.Object, int, long)'> (0x000000065dcdf008) 
thrown [s\open\src\hotspot\share\interpreter\linkResolver.cpp, line 759]
Event: 0.152 Thread 0x00000136172dfce0 Exception <a 'java/lang/NoSuchMethodError'{0x000000065dce4b78}: 'java.lang.Object java.lang.invoke.DirectMethodHandle$Holder.newInvokeSpecial(java.lang.Object, java.lang.Object, int)'> (0x000000065dce4b78) 
thrown [s\open\src\hotspot\share\interpreter\linkResolver.cpp, line 759]
Event: 0.153 Thread 0x00000136172dfce0 Exception <a 'java/lang/NoSuchMethodError'{0x000000065dcf4950}: 'int java.lang.invoke.DirectMethodHandle$Holder.invokeStaticInit(java.lang.Object, java.lang.Object, long, long)'> (0x000000065dcf4950) 
thrown [s\open\src\hotspot\share\interpreter\linkResolver.cpp, line 759]
Event: 0.154 Thread 0x00000136172dfce0 Exception <a 'java/lang/NoSuchMethodError'{0x000000065dcfaa60}: 'java.lang.Object java.lang.invoke.DirectMethodHandle$Holder.newInvokeSpecial(java.lang.Object, java.lang.Object, long)'> (0x000000065dcfaa60) 
thrown [s\open\src\hotspot\share\interpreter\linkResolver.cpp, line 759]
Event: 0.154 Thread 0x00000136172dfce0 Exception <a 'java/lang/NoSuchMethodError'{0x000000065dcfed50}: 'java.lang.Object java.lang.invoke.Invokers$Holder.linkToTargetMethod(java.lang.Object, long, java.lang.Object)'> (0x000000065dcfed50) 
thrown [s\open\src\hotspot\share\interpreter\linkResolver.cpp, line 759]
Event: 0.155 Thread 0x00000136172dfce0 Exception <a 'java/lang/NoSuchMethodError'{0x000000065dd06468}: 'int java.lang.invoke.DirectMethodHandle$Holder.invokeStaticInit(java.lang.Object, java.lang.Object, java.lang.Object, long)'> (0x000000065dd06468) 
thrown [s\open\src\hotspot\share\interpreter\linkResolver.cpp, line 759]

VM Operations (2 events):
Event: 0.051 Executing VM operation: HandshakeAllThreads
Event: 0.051 Executing VM operation: HandshakeAllThreads done

Events (20 events):
Event: 0.150 loading class java/nio/DirectDoubleBufferU
Event: 0.150 loading class java/nio/DirectDoubleBufferU done
Event: 0.150 loading class sun/misc/Unsafe
Event: 0.150 loading class sun/misc/Unsafe done
Event: 0.150 loading class jdk/internal/reflect/UnsafeFieldAccessorFactory
Event: 0.150 loading class jdk/internal/reflect/UnsafeFieldAccessorFactory done
Event: 0.150 loading class jdk/internal/reflect/UnsafeQualifiedStaticObjectFieldAccessorImpl
Event: 0.150 loading class jdk/internal/reflect/UnsafeQualifiedStaticFieldAccessorImpl
Event: 0.150 loading class jdk/internal/reflect/UnsafeQualifiedStaticFieldAccessorImpl done
Event: 0.150 loading class jdk/internal/reflect/UnsafeQualifiedStaticObjectFieldAccessorImpl done
Event: 0.151 loading class java/util/function/LongPredicate
Event: 0.151 loading class java/util/function/LongPredicate done
Event: 0.152 loading class jdk/internal/access/foreign/MemorySegmentProxy
Event: 0.152 loading class jdk/internal/access/foreign/MemorySegmentProxy done
Event: 0.155 loading class java/nio/InvalidMarkException
Event: 0.155 loading class java/nio/InvalidMarkException done
Event: 0.155 loading class java/nio/BufferUnderflowException
Event: 0.156 loading class java/nio/BufferUnderflowException done
Event: 0.163 loading class java/util/Formatter$FixedString
Event: 0.163 loading class java/util/Formatter$FixedString done


Dynamic libraries:
0x00007ff6e1ce0000 - 0x00007ff6e1cf0000 	C:\Program Files\Java\jdk-17\bin\java.exe
0x00007ffdca6d0000 - 0x00007ffdca8e7000 	C:\Windows\SYSTEM32\ntdll.dll
0x00007ffdc8e40000 - 0x00007ffdc8f04000 	C:\Windows\System32\KERNEL32.DLL
0x00007ffdc7c10000 - 0x00007ffdc7fbc000 	C:\Windows\System32\KERNELBASE.dll
0x00007ffdc7af0000 - 0x00007ffdc7c01000 	C:\Windows\System32\ucrtbase.dll
0x00007ffdb5470000 - 0x00007ffdb5489000 	C:\Program Files\Java\jdk-17\bin\jli.dll
0x00007ffdb6200000 - 0x00007ffdb621b000 	C:\Program Files\Java\jdk-17\bin\VCRUNTIME140.dll
0x00007ffdc8c10000 - 0x00007ffdc8cc2000 	C:\Windows\System32\ADVAPI32.dll
0x00007ffdc8950000 - 0x00007ffdc89f7000 	C:\Windows\System32\msvcrt.dll
0x00007ffdca4e0000 - 0x00007ffdca58a000 	C:\Windows\System32\sechost.dll
0x00007ffdc8180000 - 0x00007ffdc81a8000 	C:\Windows\System32\bcrypt.dll
0x00007ffdc87c0000 - 0x00007ffdc88d5000 	C:\Windows\System32\RPCRT4.dll
0x00007ffdc9d90000 - 0x00007ffdc9f3e000 	C:\Windows\System32\USER32.dll
0x00007ffdc83e0000 - 0x00007ffdc8406000 	C:\Windows\System32\win32u.dll
0x00007ffdb9ab0000 - 0x00007ffdb9d43000 	C:\Windows\WinSxS\amd64_microsoft.windows.common-controls_6595b64144ccf1df_6.0.22621.3672_none_2713b9d173822955\COMCTL32.dll
0x00007ffdc9f40000 - 0x00007ffdc9f69000 	C:\Windows\System32\GDI32.dll
0x00007ffdc7fc0000 - 0x00007ffdc80d9000 	C:\Windows\System32\gdi32full.dll
0x00007ffdc80e0000 - 0x00007ffdc817a000 	C:\Windows\System32\msvcp_win.dll
0x00007ffdbff60000 - 0x00007ffdbff6a000 	C:\Windows\SYSTEM32\VERSION.dll
0x00007ffdc8bd0000 - 0x00007ffdc8c01000 	C:\Windows\System32\IMM32.DLL
0x00007ffdc22e0000 - 0x00007ffdc22ec000 	C:\Program Files\Java\jdk-17\bin\vcruntime140_1.dll
0x00007ffd993e0000 - 0x00007ffd9946e000 	C:\Program Files\Java\jdk-17\bin\msvcp140.dll
0x00007ffd37520000 - 0x00007ffd380ff000 	C:\Program Files\Java\jdk-17\bin\server\jvm.dll
0x00007ffdca3f0000 - 0x00007ffdca3f8000 	C:\Windows\System32\PSAPI.DLL
0x00007ffdc12d0000 - 0x00007ffdc12d9000 	C:\Windows\SYSTEM32\WSOCK32.dll
0x00007ffdc22a0000 - 0x00007ffdc22d4000 	C:\Windows\SYSTEM32\WINMM.dll
0x00007ffdc9920000 - 0x00007ffdc9991000 	C:\Windows\System32\WS2_32.dll
0x00007ffdc6950000 - 0x00007ffdc6968000 	C:\Windows\SYSTEM32\kernel.appcore.dll
0x00007ffdb8660000 - 0x00007ffdb866a000 	C:\Program Files\Java\jdk-17\bin\jimage.dll
0x00007ffdbf0f0000 - 0x00007ffdbf322000 	C:\Windows\SYSTEM32\DBGHELP.DLL
0x00007ffdc9a00000 - 0x00007ffdc9d88000 	C:\Windows\System32\combase.dll
0x00007ffdca400000 - 0x00007ffdca4d7000 	C:\Windows\System32\OLEAUT32.dll
0x00007ffdacc20000 - 0x00007ffdacc52000 	C:\Windows\SYSTEM32\dbgcore.DLL
0x00007ffdc7a70000 - 0x00007ffdc7aeb000 	C:\Windows\System32\bcryptPrimitives.dll
0x00007ffdb50b0000 - 0x00007ffdb50d5000 	C:\Program Files\Java\jdk-17\bin\java.dll
0x00007ffd99300000 - 0x00007ffd993d7000 	C:\Program Files\Java\jdk-17\bin\jsvml.dll
0x00007ffdc90c0000 - 0x00007ffdc991c000 	C:\Windows\System32\SHELL32.dll
0x00007ffdc5900000 - 0x00007ffdc61f7000 	C:\Windows\SYSTEM32\windows.storage.dll
0x00007ffdc57c0000 - 0x00007ffdc58ff000 	C:\Windows\SYSTEM32\wintypes.dll
0x00007ffdc8cd0000 - 0x00007ffdc8dc4000 	C:\Windows\System32\SHCORE.dll
0x00007ffdc88f0000 - 0x00007ffdc894e000 	C:\Windows\System32\shlwapi.dll
0x00007ffdc7930000 - 0x00007ffdc7951000 	C:\Windows\SYSTEM32\profapi.dll
0x00007ffdb2ce0000 - 0x00007ffdb2cf9000 	C:\Program Files\Java\jdk-17\bin\net.dll
0x00007ffdc39e0000 - 0x00007ffdc3b16000 	C:\Windows\SYSTEM32\WINHTTP.dll
0x00007ffdc6e50000 - 0x00007ffdc6eb9000 	C:\Windows\system32\mswsock.dll
0x00007ffdad860000 - 0x00007ffdad876000 	C:\Program Files\Java\jdk-17\bin\nio.dll
0x00007ffdaa600000 - 0x00007ffdaa618000 	C:\Program Files\Java\jdk-17\bin\zip.dll
0x00007ffd48640000 - 0x00007ffd486bb000 	C:\Users\ll-Ew\AppData\Local\Temp\lwjgl_ll-Ew\3.3.3+5\x64\lwjgl.dll
0x00007ffd47ef0000 - 0x00007ffd47f4e000 	C:\Users\ll-Ew\AppData\Local\Temp\lwjgl_ll-Ew\3.3.3+5\x64\lwjgl_opengl.dll
0x00007ffd83360000 - 0x00007ffd83460000 	C:\Windows\SYSTEM32\opengl32.dll
0x00007ffd95760000 - 0x00007ffd9578d000 	C:\Windows\SYSTEM32\GLU32.dll
0x00007ffdc4ff0000 - 0x00007ffdc5029000 	C:\Windows\SYSTEM32\dxcore.dll

dbghelp: loaded successfully - version: 4.0.5 - missing functions: none
symbol engine: initialized successfully - sym options: 0x614 - pdb path: .;C:\Program Files\Java\jdk-17\bin;C:\Windows\SYSTEM32;C:\Windows\WinSxS\amd64_microsoft.windows.common-controls_6595b64144ccf1df_6.0.22621.3672_none_2713b9d173822955;C:\Program Files\Java\jdk-17\bin\server;C:\Users\ll-Ew\AppData\Local\Temp\lwjgl_ll-Ew\3.3.3+5\x64

VM Arguments:
jvm_args: -XX:+ShowCodeDetailsInExceptionMessages 
java_command: org.HiddenEngine.CyberDomination
java_class_path (initial): C:\Users\ll-Ew\Downloads\Java Projects\Gradle Thing\JavaGradleTemplate\bin\main;C:\Users\ll-Ew\.gradle\caches\modules-2\files-2.1\org.lwjgl\lwjgl-assimp\3.3.3\c2c34011cbda30ed8cf98bc5cbf97b49afe5279a\lwjgl-assimp-3.3.3.jar;C:\Users\ll-Ew\.gradle\caches\modules-2\files-2.1\org.lwjgl\lwjgl-glfw\3.3.3\efa1eb78c5ccd840e9f329717109b5e892d72f8e\lwjgl-glfw-3.3.3.jar;C:\Users\ll-Ew\.gradle\caches\modules-2\files-2.1\org.lwjgl\lwjgl-nfd\3.3.3\f1b41d3a0a2f5cd2a55a6a59a618c87d0348681c\lwjgl-nfd-3.3.3.jar;C:\Users\ll-Ew\.gradle\caches\modules-2\files-2.1\org.lwjgl\lwjgl-openal\3.3.3\daada81ceb5fc0c291fbfdd4433cb8d9423577f2\lwjgl-openal-3.3.3.jar;C:\Users\ll-Ew\.gradle\caches\modules-2\files-2.1\org.lwjgl\lwjgl-opengl\3.3.3\2f6b0147078396a58979125a4c947664e98293a\lwjgl-opengl-3.3.3.jar;C:\Users\ll-Ew\.gradle\caches\modules-2\files-2.1\org.lwjgl\lwjgl-stb\3.3.3\25dd6161988d7e65f71d5065c99902402ee32746\lwjgl-stb-3.3.3.jar;C:\Users\ll-Ew\.gradle\caches\modules-2\files-2.1\org.lwjgl\lwjgl\3.3.3\29589b5f87ed335a6c7e7ee6a5775f81f97ecb84\lwjgl-3.3.3.jar;C:\Users\ll-Ew\.gradle\caches\modules-2\files-2.1\org.joml\joml\1.10.5\22566d58af70ad3d72308bab63b8339906deb649\joml-1.10.5.jar;C:\Users\ll-Ew\.gradle\caches\modules-2\files-2.1\org.lwjgl\lwjgl-assimp\3.3.3\d90ccdade594716062975cffd1431d387f770ac4\lwjgl-assimp-3.3.3-natives-windows.jar;C:\Users\ll-Ew\.gradle\caches\modules-2\files-2.1\org.lwjgl\lwjgl-glfw\3.3.3\e449e28b4891fc423c54c85fbc5bb0b9efece67a\lwjgl-glfw-3.3.3-natives-windows.jar;C:\Users\ll-Ew\.gradle\caches\modules-2\files-2.1\org.lwjgl\lwjgl-nfd\3.3.3\3a39132eef695dcb7631adc1d02e493527940d10\lwjgl-nfd-3.3.3-natives-windows.jar;C:\Users\ll-Ew\.gradle\caches\modules-2\files-2.1\org.lwjgl\lwjgl-openal\3.3.3\cf83862ae95d98496b26915024c7e666d8ab1c8f\lwjgl-openal-3.3.3-natives-windows.jar;C:\Users\ll-Ew\.gradle\caches\modules-2\files-2.1\org.lwjgl\lwjgl-opengl\3.3.3\e6c1eec8be8a71951b830a4d69efc01c6531900c\lwjgl-opengl-3.3.3-natives-windows.jar;C:\Users
Launcher Type: SUN_STANDARD

[Global flags]
     intx CICompilerCount                          = 4                                         {product} {ergonomic}
     uint ConcGCThreads                            = 3                                         {product} {ergonomic}
     uint G1ConcRefinementThreads                  = 10                                        {product} {ergonomic}
   size_t G1HeapRegionSize                         = 4194304                                   {product} {ergonomic}
    uintx GCDrainStackTargetSize                   = 64                                        {product} {ergonomic}
   size_t InitialHeapSize                          = 469762048                                 {product} {ergonomic}
   size_t MarkStackSize                            = 4194304                                   {product} {ergonomic}
   size_t MaxHeapSize                              = 7478444032                                {product} {ergonomic}
   size_t MaxNewSize                               = 4483710976                                {product} {ergonomic}
   size_t MinHeapDeltaBytes                        = 4194304                                   {product} {ergonomic}
   size_t MinHeapSize                              = 8388608                                   {product} {ergonomic}
    uintx NonNMethodCodeHeapSize                   = 5839372                                {pd product} {ergonomic}
    uintx NonProfiledCodeHeapSize                  = 122909434                              {pd product} {ergonomic}
    uintx ProfiledCodeHeapSize                     = 122909434                              {pd product} {ergonomic}
    uintx ReservedCodeCacheSize                    = 251658240                              {pd product} {ergonomic}
     bool SegmentedCodeCache                       = true                                      {product} {ergonomic}
     bool ShowCodeDetailsInExceptionMessages       = true                                   {manageable} {command line}
   size_t SoftMaxHeapSize                          = 7478444032                             {manageable} {ergonomic}
     bool UseCompressedClassPointers               = true                           {product lp64_product} {ergonomic}
     bool UseCompressedOops                        = true                           {product lp64_product} {ergonomic}
     bool UseG1GC                                  = true                                      {product} {ergonomic}
     bool UseLargePagesIndividualAllocation        = false                                  {pd product} {ergonomic}

Logging:
Log output configuration:
 #0: stdout all=warning uptime,level,tags
 #1: stderr all=off uptime,level,tags

Environment Variables:
PATH=C:\Program Files\Common Files\Oracle\Java\javapath;C:\Program Files (x86)\Common Files\Oracle\Java\java8path;C:\Program Files (x86)\Common Files\Oracle\Java\javapath;C:\Windows\system32;C:\Windows;C:\Windows\System32\Wbem;C:\Windows\System32\WindowsPowerShell\v1.0\;C:\Windows\System32\OpenSSH\;C:\Program Files (x86)\NVIDIA Corporation\PhysX\Common;C:\Program Files\NVIDIA Corporation\NVIDIA NvDLISR;C:\Program Files\Microsoft SQL Server\150\Tools\Binn\;C:\Program Files\Microsoft SQL Server\Client SDK\ODBC\170\Tools\Binn\;C:\Program Files (x86)\Windows Kits\10\Windows Performance Toolkit\;C:\Program Files\dotnet\;C:\Users\ll-Ew\AppData\Local\Microsoft\WindowsApps;C:\Users\ll-Ew\.dotnet\tools;C:\Users\ll-Ew\AppData\Local\Programs\Microsoft VS Code\bin
USERNAME=ll-Ew
LANG=en_US.UTF-8
OS=Windows_NT
PROCESSOR_IDENTIFIER=AMD64 Family 25 Model 80 Stepping 0, AuthenticAMD



---------------  S Y S T E M  ---------------

OS:
 Windows 11 , 64 bit Build 22621 (10.0.22621.3672)
OS uptime: 5 days 1:06 hours
Hyper-V role detected

CPU: total 12 (initial active 12) (12 cores per cpu, 2 threads per core) family 25 model 80 stepping 0 microcode 0x0, cx8, cmov, fxsr, ht, mmx, 3dnowpref, sse, sse2, sse3, ssse3, sse4a, sse4.1, sse4.2, popcnt, lzcnt, tsc, tscinvbit, avx, avx2, aes, erms, clmul, bmi1, bmi2, adx, sha, fma, vzeroupper, clflush, clflushopt, hv

Memory: 4k page, system-wide physical 28524M (17783M free)
TotalPageFile size 30444M (AvailPageFile size 14677M)
current process WorkingSet (physical memory assigned to process): 49M, peak: 49M
current process commit charge ("private bytes"): 554M, peak: 554M

vm_info: Java HotSpot(TM) 64-Bit Server VM (17.0.10+11-LTS-240) for windows-amd64 JRE (17.0.10+11-LTS-240), built on Dec 19 2023 21:47:25 by "mach5one" with MS VC++ 17.1 (VS2022)

END.
