#
# A fatal error has been detected by the Java Runtime Environment:
#
#  EXCEPTION_ACCESS_VIOLATION (0xc0000005) at pc=0x00007ffda79f1265, pid=6440, tid=21012
#
# JRE version: Java(TM) SE Runtime Environment (17.0.10+11) (build 17.0.10+11-LTS-240)
# Java VM: Java HotSpot(TM) 64-Bit Server VM (17.0.10+11-LTS-240, mixed mode, sharing, tiered, compressed oops, compressed class ptrs, g1 gc, windows-amd64)
# Problematic frame:
# C  [glfw.dll+0x1265]
#
# No core dump will be written. Minidumps are not enabled by default on client versions of Windows
#
# If you would like to submit a bug report, please visit:
#   https://bugreport.java.com/bugreport/crash.jsp
# The crash happened outside the Java Virtual Machine in native code.
# See problematic frame for where to report the bug.
#

---------------  S U M M A R Y ------------

Command Line: -XX:+ShowCodeDetailsInExceptionMessages org.HiddenEngine.CyberDomination

Host: AMD Ryzen 5 5600H with Radeon Graphics         , 12 cores, 27G,  Windows 11 , 64 bit Build 22621 (10.0.22621.3672)
Time: Thu Jun 13 01:33:32 2024 Eastern Daylight Time elapsed time: 0.188128 seconds (0d 0h 0m 0s)

---------------  T H R E A D  ---------------

Current thread (0x000001d79d8a50a0):  JavaThread "main" [_thread_in_native, id=21012, stack(0x0000006900400000,0x0000006900500000)]

Stack: [0x0000006900400000,0x0000006900500000],  sp=0x00000069004fe910,  free space=1018k
Native frames: (J=compiled Java code, j=interpreted, Vv=VM code, C=native code)
C  [glfw.dll+0x1265]

Java frames: (J=compiled Java code, j=interpreted, Vv=VM code)
j  org.lwjgl.system.JNI.invokePPPP(IIJJJJ)J+0
j  org.lwjgl.glfw.GLFW.nglfwCreateWindow(IIJJJ)J+14
j  org.lwjgl.glfw.GLFW.glfwCreateWindow(IILjava/lang/CharSequence;JJ)J+34
j  org.HiddenEngine.Window.Create()J+63
j  org.HiddenEngine.CyberDomination.main([Ljava/lang/String;)V+28
v  ~StubRoutines::call_stub

siginfo: EXCEPTION_ACCESS_VIOLATION (0xc0000005), reading address 0x000000000000026c


Registers:
RAX=0x0000000000000064, RBX=0x000001d80b4b3540, RCX=0x00000069004fe960, RDX=0x0000000000030001
RSP=0x00000069004fe910, RBP=0x00000069004fea40, RSI=0x00000000000007d0, RDI=0x0000000000000064
R8 =0x0000000000036001, R9 =0x0000000000000064, R10=0x0000000000000064, R11=0x000000065ddb4b88
R12=0x0000000000000000, R13=0x000001d80b4b3540, R14=0x0000000000000064, R15=0x000001d79d8a50a0
RIP=0x00007ffda79f1265, EFLAGS=0x0000000000010202


Register to memory mapping:

RIP=0x00007ffda79f1265 glfw.dll
RAX=0x0000000000000064 is an unknown value
RBX={method} {0x000001d80b4b3548} 'invokePPPP' '(IIJJJJ)J' in 'org/lwjgl/system/JNI'
RCX=0x00000069004fe960 is pointing into the stack for thread: 0x000001d79d8a50a0
RDX=0x0000000000030001 is an unknown value
RSP=0x00000069004fe910 is pointing into the stack for thread: 0x000001d79d8a50a0
RBP=0x00000069004fea40 is pointing into the stack for thread: 0x000001d79d8a50a0
RSI=0x00000000000007d0 is an unknown value
RDI=0x0000000000000064 is an unknown value
R8 =0x0000000000036001 is an unknown value
R9 =0x0000000000000064 is an unknown value
R10=0x0000000000000064 is an unknown value
R11=0x000000065ddb4b88 is an oop: java.lang.Class 
{0x000000065ddb4b88} - klass: 'java/lang/Class'
 - ---- fields (total size 14 words):
 - private volatile transient 'classRedefinedCount' 'I' @12  0
 - private volatile transient 'cachedConstructor' 'Ljava/lang/reflect/Constructor;' @40  NULL (0)
 - private transient 'name' 'Ljava/lang/String;' @44  "org.lwjgl.system.JNI"{0x000000065ddb4c08} (cbbb6981)
 - private transient 'module' 'Ljava/lang/Module;' @48  a 'java/lang/Module'{0x000000065e0cda10} (cbc19b42)
 - private final 'classLoader' 'Ljava/lang/ClassLoader;' @52  a 'jdk/internal/loader/ClassLoaders$AppClassLoader'{0x000000065e0cd850} (cbc19b0a)
 - private transient 'classData' 'Ljava/lang/Object;' @56  NULL (0)
 - private transient 'packageName' 'Ljava/lang/String;' @60  "org.lwjgl.system"{0x000000065e204880} (cbc40910)
 - private final 'componentType' 'Ljava/lang/Class;' @64  NULL (0)
 - private volatile transient 'reflectionData' 'Ljava/lang/ref/SoftReference;' @68  NULL (0)
 - private volatile transient 'genericInfo' 'Lsun/reflect/generics/repository/ClassRepository;' @72  NULL (0)
 - private volatile transient 'enumConstants' '[Ljava/lang/Object;' @76  NULL (0)
 - private volatile transient 'enumConstantDirectory' 'Ljava/util/Map;' @80  NULL (0)
 - private volatile transient 'annotationData' 'Ljava/lang/Class$AnnotationData;' @84  NULL (0)
 - private volatile transient 'annotationType' 'Lsun/reflect/annotation/AnnotationType;' @88  NULL (0)
 - transient 'classValueMap' 'Ljava/lang/ClassValue$ClassValueMap;' @92  NULL (0)
 - signature: Lorg/lwjgl/system/JNI;
 - fake entry for mirror: 'org/lwjgl/system/JNI'
 - fake entry for array: NULL
 - fake entry for oop_size: 14
 - fake entry for static_oop_field_count: 0
R12=0x0 is NULL
R13={method} {0x000001d80b4b3548} 'invokePPPP' '(IIJJJJ)J' in 'org/lwjgl/system/JNI'
R14=0x0000000000000064 is an unknown value
R15=0x000001d79d8a50a0 is a thread


Top of Stack: (sp=0x00000069004fe910)
0x00000069004fe910:   00000069004fed80 00007ffd00000000
0x00000069004fe920:   000000065e0cd850 000001d79d8a50a0
0x00000069004fe930:   0000000000000004 00007ffda79f6df5
0x00000069004fe940:   ffffffffffffffff 00000040ffffffff
0x00000069004fe950:   0000000000000300 00007ffd2fcf5ff0
0x00000069004fe960:   0003600100030001 0000000000000001
0x00000069004fe970:   0000000000000000 0000000000000000
0x00000069004fe980:   0000000000000000 0000000000000064
0x00000069004fe990:   0000000000000000 00007ffd2fcf5ff0
0x00000069004fe9a0:   8000000080000000 000007d000000064
0x00000069004fe9b0:   000001d80f64d148 0000000000000001
0x00000069004fe9c0:   0000000100000001 0000000000000001
0x00000069004fe9d0:   0000000100000001 0000000000000001
0x00000069004fe9e0:   0000000100000000 0000000000000000
0x00000069004fe9f0:   0000000000000000 0000000000000000
0x00000069004fea00:   0000000000000000 0000000000000000 

Instructions: (pc=0x00007ffda79f1265)
0x00007ffda79f1165:   49 24 83 f9 ff 74 08 2b 4a fc 0f af c9 03 c1 83
0x00007ffda79f1175:   fb ff 74 08 2b 5a 08 0f af db 03 c3 41 83 79 34
0x00007ffda79f1185:   00 74 08 83 7a 0c 00 75 02 ff c0 41 3b f6 73 06
0x00007ffda79f1195:   48 8d 6a d8 eb 1d 75 12 45 3b c7 72 07 75 0b 41
0x00007ffda79f11a5:   3b c4 73 06 48 8d 6a d8 eb 09 48 8d 4a d8 48 3b
0x00007ffda79f11b5:   cd 75 09 44 8b f6 45 8b f8 44 8b e0 b8 01 00 00
0x00007ffda79f11c5:   00 48 83 c2 48 49 83 ed 01 0f 85 7c fe ff ff 4c
0x00007ffda79f11d5:   8b 6c 24 40 48 8b 7c 24 38 48 8b 74 24 30 48 8b
0x00007ffda79f11e5:   5c 24 28 48 8b c5 41 5f 41 5e 41 5c 5d c3 cc cc
0x00007ffda79f11f5:   cc cc cc cc cc cc cc cc cc cc cc 48 83 ec 28 44
0x00007ffda79f1205:   8b 41 04 41 8d 80 ff 9f fc ff 83 f8 02 76 18 48
0x00007ffda79f1215:   8d 15 55 f4 02 00 b9 03 00 01 00 e8 7b 0c 00 00
0x00007ffda79f1225:   33 c0 48 83 c4 28 c3 8b 11 85 d2 74 26 8d 82 ff
0x00007ffda79f1235:   ff fc ff 83 f8 01 76 1b 44 8b c2 b9 03 00 01 00
0x00007ffda79f1245:   48 8d 15 4c f4 02 00 e8 4f 0c 00 00 33 c0 48 83
0x00007ffda79f1255:   c4 28 c3 48 8b 41 28 48 85 c0 74 41 85 d2 74 2a
0x00007ffda79f1265:   83 b8 08 02 00 00 00 74 21 44 3b 80 0c 02 00 00
0x00007ffda79f1275:   74 2b 48 8d 15 3a f4 02 00 b9 03 00 01 00 e8 18
0x00007ffda79f1285:   0c 00 00 33 c0 48 83 c4 28 c3 33 d2 b9 0a 00 01
0x00007ffda79f1295:   00 e8 05 0c 00 00 33 c0 48 83 c4 28 c3 81 fa 01
0x00007ffda79f12a5:   00 03 00 0f 85 e3 00 00 00 44 8b 41 08 41 83 f8
0x00007ffda79f12b5:   01 0f 8c b9 00 00 00 8b 51 0c 85 d2 0f 88 ae 00
0x00007ffda79f12c5:   00 00 41 83 f8 01 75 09 83 fa 05 0f 8f 9f 00 00
0x00007ffda79f12d5:   00 41 83 f8 02 75 09 83 fa 01 0f 8f 90 00 00 00
0x00007ffda79f12e5:   41 83 f8 03 75 09 41 3b d0 0f 8f 81 00 00 00 44
0x00007ffda79f12f5:   8b 49 1c 45 85 c9 74 50 41 8d 81 ff df fc ff 83
0x00007ffda79f1305:   f8 01 76 1b 45 8b c1 48 8d 15 fd f3 02 00 b9 03
0x00007ffda79f1315:   00 01 00 e8 83 0b 00 00 33 c0 48 83 c4 28 c3 41
0x00007ffda79f1325:   83 f8 02 7e 0b 41 83 f8 03 75 1d 83 fa 02 7d 18
0x00007ffda79f1335:   48 8d 15 f4 f3 02 00 b9 04 00 01 00 e8 5a 0b 00
0x00007ffda79f1345:   00 33 c0 48 83 c4 28 c3 83 79 10 00 0f 84 84 00
0x00007ffda79f1355:   00 00 41 83 f8 02 7f 7e 48 8d 15 1c f4 02 00 b9 


Stack slot to memory mapping:
stack at sp + 0 slots: 0x00000069004fed80 is pointing into the stack for thread: 0x000001d79d8a50a0
stack at sp + 1 slots: 0x00007ffd00000000 is an unknown value
stack at sp + 2 slots: 0x000000065e0cd850 is an oop: jdk.internal.loader.ClassLoaders$AppClassLoader 
{0x000000065e0cd850} - klass: 'jdk/internal/loader/ClassLoaders$AppClassLoader'
 - ---- fields (total size 13 words):
 - private 'defaultAssertionStatus' 'Z' @12  false
 - private final 'parent' 'Ljava/lang/ClassLoader;' @24  a 'jdk/internal/loader/ClassLoaders$PlatformClassLoader'{0x000000065e05d378} (cbc0ba6f)
 - private final 'name' 'Ljava/lang/String;' @28  "app"{0x000000065e0cd8b8} (cbc19b17)
 - private final 'unnamedModule' 'Ljava/lang/Module;' @32  a 'java/lang/Module'{0x000000065e0cda10} (cbc19b42)
 - private final 'nameAndId' 'Ljava/lang/String;' @36  "'app'"{0x000000065e0cdb10} (cbc19b62)
 - private final 'parallelLockMap' 'Ljava/util/concurrent/ConcurrentHashMap;' @40  a 'java/util/concurrent/ConcurrentHashMap'{0x000000065e0cda48} (cbc19b49)
 - private final 'package2certs' 'Ljava/util/concurrent/ConcurrentHashMap;' @44  a 'java/util/concurrent/ConcurrentHashMap'{0x000000065e0cda98} (cbc19b53)
 - private final 'classes' 'Ljava/util/ArrayList;' @48  a 'java/util/ArrayList'{0x000000065e0cd8e8} (cbc19b1d)
 - private final 'defaultDomain' 'Ljava/security/ProtectionDomain;' @52  a 'java/security/ProtectionDomain'{0x000000065e0cd900} (cbc19b20)
 - private final 'packages' 'Ljava/util/concurrent/ConcurrentHashMap;' @56  a 'java/util/concurrent/ConcurrentHashMap'{0x000000065e0cd970} (cbc19b2e)
 - private final 'libraries' 'Ljdk/internal/loader/NativeLibraries;' @60  a 'jdk/internal/loader/NativeLibraries'{0x000000065e0cd9b0} (cbc19b36)
 - final 'assertionLock' 'Ljava/lang/Object;' @64  a 'java/lang/Object'{0x000000065e0cda88} (cbc19b51)
 - private 'packageAssertionStatus' 'Ljava/util/Map;' @68  NULL (0)
 - 'classAssertionStatus' 'Ljava/util/Map;' @72  NULL (0)
 - private volatile 'classLoaderValueMap' 'Ljava/util/concurrent/ConcurrentHashMap;' @76  a 'java/util/concurrent/ConcurrentHashMap'{0x000000065e0ce090} (cbc19c12)
 - private final 'pdcache' 'Ljava/util/Map;' @80  a 'java/util/concurrent/ConcurrentHashMap'{0x000000065e0cdb40} (cbc19b68)
 - private final 'parent' 'Ljdk/internal/loader/BuiltinClassLoader;' @84  a 'jdk/internal/loader/ClassLoaders$PlatformClassLoader'{0x000000065e05d378} (cbc0ba6f)
 - private synchronized 'ucp' 'Ljdk/internal/loader/URLClassPath;' @88  a 'jdk/internal/loader/URLClassPath'{0x000000065e05e0a8} (cbc0bc15)
 - private final 'nameToModule' 'Ljava/util/Map;' @92  a 'java/util/concurrent/ConcurrentHashMap'{0x000000065e0cdb80} (cbc19b70)
 - private final 'moduleToReader' 'Ljava/util/Map;' @96  a 'java/util/concurrent/ConcurrentHashMap'{0x000000065e0cdbc0} (cbc19b78)
 - private volatile 'resourceCache' 'Ljava/lang/ref/SoftReference;' @100  a 'java/lang/ref/SoftReference'{0x000000065e331c00} (cbc66380)
stack at sp + 3 slots: 0x000001d79d8a50a0 is a thread
stack at sp + 4 slots: 0x0000000000000004 is an unknown value
stack at sp + 5 slots: 0x00007ffda79f6df5 glfw.dll
stack at sp + 6 slots: 0xffffffffffffffff is an unknown value
stack at sp + 7 slots: 0x00000040ffffffff is an unknown value


---------------  P R O C E S S  ---------------

Threads class SMR info:
_java_thread_list=0x000001d80f172bd0, length=13, elements={
0x000001d79d8a50a0, 0x000001d7c983bfa0, 0x000001d7c983ce20, 0x000001d80f006a10,
0x000001d80f0074e0, 0x000001d80f009ec0, 0x000001d80f00a790, 0x000001d80f00b390,
0x000001d80f019780, 0x000001d80f0420b0, 0x000001d80f16e0c0, 0x000001d80f172e50,
0x000001d80f20bad0
}

Java Threads: ( => current thread )
=>0x000001d79d8a50a0 JavaThread "main" [_thread_in_native, id=21012, stack(0x0000006900400000,0x0000006900500000)]
  0x000001d7c983bfa0 JavaThread "Reference Handler" daemon [_thread_blocked, id=23952, stack(0x0000006900b00000,0x0000006900c00000)]
  0x000001d7c983ce20 JavaThread "Finalizer" daemon [_thread_blocked, id=11672, stack(0x0000006900c00000,0x0000006900d00000)]
  0x000001d80f006a10 JavaThread "Signal Dispatcher" daemon [_thread_blocked, id=23728, stack(0x0000006900d00000,0x0000006900e00000)]
  0x000001d80f0074e0 JavaThread "Attach Listener" daemon [_thread_blocked, id=23936, stack(0x0000006900e00000,0x0000006900f00000)]
  0x000001d80f009ec0 JavaThread "Service Thread" daemon [_thread_blocked, id=21196, stack(0x0000006900f00000,0x0000006901000000)]
  0x000001d80f00a790 JavaThread "Monitor Deflation Thread" daemon [_thread_blocked, id=11152, stack(0x0000006901000000,0x0000006901100000)]
  0x000001d80f00b390 JavaThread "C2 CompilerThread0" daemon [_thread_blocked, id=18436, stack(0x0000006901100000,0x0000006901200000)]
  0x000001d80f019780 JavaThread "C1 CompilerThread0" daemon [_thread_blocked, id=11592, stack(0x0000006901200000,0x0000006901300000)]
  0x000001d80f0420b0 JavaThread "Sweeper thread" daemon [_thread_blocked, id=21832, stack(0x0000006901300000,0x0000006901400000)]
  0x000001d80f16e0c0 JavaThread "Notification Thread" daemon [_thread_blocked, id=2452, stack(0x0000006901400000,0x0000006901500000)]
  0x000001d80f172e50 JavaThread "Common-Cleaner" daemon [_thread_blocked, id=19728, stack(0x0000006901600000,0x0000006901700000)]
  0x000001d80f20bad0 JavaThread "C2 CompilerThread1" daemon [_thread_blocked, id=24132, stack(0x0000006901700000,0x0000006901800000)]

Other Threads:
  0x000001d7c9836390 VMThread "VM Thread" [stack: 0x0000006900a00000,0x0000006900b00000] [id=23448]
  0x000001d80f16ebb0 WatcherThread [stack: 0x0000006901500000,0x0000006901600000] [id=22732]
  0x000001d79d940a20 GCTaskThread "GC Thread#0" [stack: 0x0000006900500000,0x0000006900600000] [id=16600]
  0x000001d79d94f840 ConcurrentGCThread "G1 Main Marker" [stack: 0x0000006900600000,0x0000006900700000] [id=24348]
  0x000001d79d9509f0 ConcurrentGCThread "G1 Conc#0" [stack: 0x0000006900700000,0x0000006900800000] [id=3428]
  0x000001d7c96f1d90 ConcurrentGCThread "G1 Refine#0" [stack: 0x0000006900800000,0x0000006900900000] [id=2724]
  0x000001d7c96f27c0 ConcurrentGCThread "G1 Service" [stack: 0x0000006900900000,0x0000006900a00000] [id=16948]

Threads with active compile tasks:

VM state: not at safepoint (normal execution)

VM Mutex/Monitor currently owned by a thread: None

Heap address: 0x0000000642400000, size: 7132 MB, Compressed Oops mode: Zero based, Oop shift amount: 3

CDS archive(s) mapped at: [0x000001d7ca000000-0x000001d7cabd0000-0x000001d7cabd0000), size 12386304, SharedBaseAddress: 0x000001d7ca000000, ArchiveRelocationMode: 1.
Compressed class space mapped at: 0x000001d7cb000000-0x000001d80b000000, reserved size: 1073741824
Narrow klass base: 0x000001d7ca000000, Narrow klass shift: 0, Narrow klass range: 0x100000000

GC Precious Log:
 CPUs: 12 total, 12 available
 Memory: 28524M
 Large Page Support: Disabled
 NUMA Support: Disabled
 Compressed Oops: Enabled (Zero based)
 Heap Region Size: 4M
 Heap Min Capacity: 8M
 Heap Initial Capacity: 448M
 Heap Max Capacity: 7132M
 Pre-touch: Disabled
 Parallel Workers: 10
 Concurrent Workers: 3
 Concurrent Refinement Workers: 10
 Periodic GC: Disabled

Heap:
 garbage-first heap   total 458752K, used 4096K [0x0000000642400000, 0x0000000800000000)
  region size 4096K, 2 young (8192K), 0 survivors (0K)
 Metaspace       used 2620K, committed 2816K, reserved 1114112K
  class space    used 201K, committed 320K, reserved 1048576K

Heap Regions: E=young(eden), S=young(survivor), O=old, HS=humongous(starts), HC=humongous(continues), CS=collection set, F=free, OA=open archive, CA=closed archive, TAMS=top-at-mark-start (previous, next)
|   0|0x0000000642400000, 0x0000000642400000, 0x0000000642800000|  0%| F|  |TAMS 0x0000000642400000, 0x0000000642400000| Untracked 
|   1|0x0000000642800000, 0x0000000642800000, 0x0000000642c00000|  0%| F|  |TAMS 0x0000000642800000, 0x0000000642800000| Untracked 
|   2|0x0000000642c00000, 0x0000000642c00000, 0x0000000643000000|  0%| F|  |TAMS 0x0000000642c00000, 0x0000000642c00000| Untracked 
|   3|0x0000000643000000, 0x0000000643000000, 0x0000000643400000|  0%| F|  |TAMS 0x0000000643000000, 0x0000000643000000| Untracked 
|   4|0x0000000643400000, 0x0000000643400000, 0x0000000643800000|  0%| F|  |TAMS 0x0000000643400000, 0x0000000643400000| Untracked 
|   5|0x0000000643800000, 0x0000000643800000, 0x0000000643c00000|  0%| F|  |TAMS 0x0000000643800000, 0x0000000643800000| Untracked 
|   6|0x0000000643c00000, 0x0000000643c00000, 0x0000000644000000|  0%| F|  |TAMS 0x0000000643c00000, 0x0000000643c00000| Untracked 
|   7|0x0000000644000000, 0x0000000644000000, 0x0000000644400000|  0%| F|  |TAMS 0x0000000644000000, 0x0000000644000000| Untracked 
|   8|0x0000000644400000, 0x0000000644400000, 0x0000000644800000|  0%| F|  |TAMS 0x0000000644400000, 0x0000000644400000| Untracked 
|   9|0x0000000644800000, 0x0000000644800000, 0x0000000644c00000|  0%| F|  |TAMS 0x0000000644800000, 0x0000000644800000| Untracked 
|  10|0x0000000644c00000, 0x0000000644c00000, 0x0000000645000000|  0%| F|  |TAMS 0x0000000644c00000, 0x0000000644c00000| Untracked 
|  11|0x0000000645000000, 0x0000000645000000, 0x0000000645400000|  0%| F|  |TAMS 0x0000000645000000, 0x0000000645000000| Untracked 
|  12|0x0000000645400000, 0x0000000645400000, 0x0000000645800000|  0%| F|  |TAMS 0x0000000645400000, 0x0000000645400000| Untracked 
|  13|0x0000000645800000, 0x0000000645800000, 0x0000000645c00000|  0%| F|  |TAMS 0x0000000645800000, 0x0000000645800000| Untracked 
|  14|0x0000000645c00000, 0x0000000645c00000, 0x0000000646000000|  0%| F|  |TAMS 0x0000000645c00000, 0x0000000645c00000| Untracked 
|  15|0x0000000646000000, 0x0000000646000000, 0x0000000646400000|  0%| F|  |TAMS 0x0000000646000000, 0x0000000646000000| Untracked 
|  16|0x0000000646400000, 0x0000000646400000, 0x0000000646800000|  0%| F|  |TAMS 0x0000000646400000, 0x0000000646400000| Untracked 
|  17|0x0000000646800000, 0x0000000646800000, 0x0000000646c00000|  0%| F|  |TAMS 0x0000000646800000, 0x0000000646800000| Untracked 
|  18|0x0000000646c00000, 0x0000000646c00000, 0x0000000647000000|  0%| F|  |TAMS 0x0000000646c00000, 0x0000000646c00000| Untracked 
|  19|0x0000000647000000, 0x0000000647000000, 0x0000000647400000|  0%| F|  |TAMS 0x0000000647000000, 0x0000000647000000| Untracked 
|  20|0x0000000647400000, 0x0000000647400000, 0x0000000647800000|  0%| F|  |TAMS 0x0000000647400000, 0x0000000647400000| Untracked 
|  21|0x0000000647800000, 0x0000000647800000, 0x0000000647c00000|  0%| F|  |TAMS 0x0000000647800000, 0x0000000647800000| Untracked 
|  22|0x0000000647c00000, 0x0000000647c00000, 0x0000000648000000|  0%| F|  |TAMS 0x0000000647c00000, 0x0000000647c00000| Untracked 
|  23|0x0000000648000000, 0x0000000648000000, 0x0000000648400000|  0%| F|  |TAMS 0x0000000648000000, 0x0000000648000000| Untracked 
|  24|0x0000000648400000, 0x0000000648400000, 0x0000000648800000|  0%| F|  |TAMS 0x0000000648400000, 0x0000000648400000| Untracked 
|  25|0x0000000648800000, 0x0000000648800000, 0x0000000648c00000|  0%| F|  |TAMS 0x0000000648800000, 0x0000000648800000| Untracked 
|  26|0x0000000648c00000, 0x0000000648c00000, 0x0000000649000000|  0%| F|  |TAMS 0x0000000648c00000, 0x0000000648c00000| Untracked 
|  27|0x0000000649000000, 0x0000000649000000, 0x0000000649400000|  0%| F|  |TAMS 0x0000000649000000, 0x0000000649000000| Untracked 
|  28|0x0000000649400000, 0x0000000649400000, 0x0000000649800000|  0%| F|  |TAMS 0x0000000649400000, 0x0000000649400000| Untracked 
|  29|0x0000000649800000, 0x0000000649800000, 0x0000000649c00000|  0%| F|  |TAMS 0x0000000649800000, 0x0000000649800000| Untracked 
|  30|0x0000000649c00000, 0x0000000649c00000, 0x000000064a000000|  0%| F|  |TAMS 0x0000000649c00000, 0x0000000649c00000| Untracked 
|  31|0x000000064a000000, 0x000000064a000000, 0x000000064a400000|  0%| F|  |TAMS 0x000000064a000000, 0x000000064a000000| Untracked 
|  32|0x000000064a400000, 0x000000064a400000, 0x000000064a800000|  0%| F|  |TAMS 0x000000064a400000, 0x000000064a400000| Untracked 
|  33|0x000000064a800000, 0x000000064a800000, 0x000000064ac00000|  0%| F|  |TAMS 0x000000064a800000, 0x000000064a800000| Untracked 
|  34|0x000000064ac00000, 0x000000064ac00000, 0x000000064b000000|  0%| F|  |TAMS 0x000000064ac00000, 0x000000064ac00000| Untracked 
|  35|0x000000064b000000, 0x000000064b000000, 0x000000064b400000|  0%| F|  |TAMS 0x000000064b000000, 0x000000064b000000| Untracked 
|  36|0x000000064b400000, 0x000000064b400000, 0x000000064b800000|  0%| F|  |TAMS 0x000000064b400000, 0x000000064b400000| Untracked 
|  37|0x000000064b800000, 0x000000064b800000, 0x000000064bc00000|  0%| F|  |TAMS 0x000000064b800000, 0x000000064b800000| Untracked 
|  38|0x000000064bc00000, 0x000000064bc00000, 0x000000064c000000|  0%| F|  |TAMS 0x000000064bc00000, 0x000000064bc00000| Untracked 
|  39|0x000000064c000000, 0x000000064c000000, 0x000000064c400000|  0%| F|  |TAMS 0x000000064c000000, 0x000000064c000000| Untracked 
|  40|0x000000064c400000, 0x000000064c400000, 0x000000064c800000|  0%| F|  |TAMS 0x000000064c400000, 0x000000064c400000| Untracked 
|  41|0x000000064c800000, 0x000000064c800000, 0x000000064cc00000|  0%| F|  |TAMS 0x000000064c800000, 0x000000064c800000| Untracked 
|  42|0x000000064cc00000, 0x000000064cc00000, 0x000000064d000000|  0%| F|  |TAMS 0x000000064cc00000, 0x000000064cc00000| Untracked 
|  43|0x000000064d000000, 0x000000064d000000, 0x000000064d400000|  0%| F|  |TAMS 0x000000064d000000, 0x000000064d000000| Untracked 
|  44|0x000000064d400000, 0x000000064d400000, 0x000000064d800000|  0%| F|  |TAMS 0x000000064d400000, 0x000000064d400000| Untracked 
|  45|0x000000064d800000, 0x000000064d800000, 0x000000064dc00000|  0%| F|  |TAMS 0x000000064d800000, 0x000000064d800000| Untracked 
|  46|0x000000064dc00000, 0x000000064dc00000, 0x000000064e000000|  0%| F|  |TAMS 0x000000064dc00000, 0x000000064dc00000| Untracked 
|  47|0x000000064e000000, 0x000000064e000000, 0x000000064e400000|  0%| F|  |TAMS 0x000000064e000000, 0x000000064e000000| Untracked 
|  48|0x000000064e400000, 0x000000064e400000, 0x000000064e800000|  0%| F|  |TAMS 0x000000064e400000, 0x000000064e400000| Untracked 
|  49|0x000000064e800000, 0x000000064e800000, 0x000000064ec00000|  0%| F|  |TAMS 0x000000064e800000, 0x000000064e800000| Untracked 
|  50|0x000000064ec00000, 0x000000064ec00000, 0x000000064f000000|  0%| F|  |TAMS 0x000000064ec00000, 0x000000064ec00000| Untracked 
|  51|0x000000064f000000, 0x000000064f000000, 0x000000064f400000|  0%| F|  |TAMS 0x000000064f000000, 0x000000064f000000| Untracked 
|  52|0x000000064f400000, 0x000000064f400000, 0x000000064f800000|  0%| F|  |TAMS 0x000000064f400000, 0x000000064f400000| Untracked 
|  53|0x000000064f800000, 0x000000064f800000, 0x000000064fc00000|  0%| F|  |TAMS 0x000000064f800000, 0x000000064f800000| Untracked 
|  54|0x000000064fc00000, 0x000000064fc00000, 0x0000000650000000|  0%| F|  |TAMS 0x000000064fc00000, 0x000000064fc00000| Untracked 
|  55|0x0000000650000000, 0x0000000650000000, 0x0000000650400000|  0%| F|  |TAMS 0x0000000650000000, 0x0000000650000000| Untracked 
|  56|0x0000000650400000, 0x0000000650400000, 0x0000000650800000|  0%| F|  |TAMS 0x0000000650400000, 0x0000000650400000| Untracked 
|  57|0x0000000650800000, 0x0000000650800000, 0x0000000650c00000|  0%| F|  |TAMS 0x0000000650800000, 0x0000000650800000| Untracked 
|  58|0x0000000650c00000, 0x0000000650c00000, 0x0000000651000000|  0%| F|  |TAMS 0x0000000650c00000, 0x0000000650c00000| Untracked 
|  59|0x0000000651000000, 0x0000000651000000, 0x0000000651400000|  0%| F|  |TAMS 0x0000000651000000, 0x0000000651000000| Untracked 
|  60|0x0000000651400000, 0x0000000651400000, 0x0000000651800000|  0%| F|  |TAMS 0x0000000651400000, 0x0000000651400000| Untracked 
|  61|0x0000000651800000, 0x0000000651800000, 0x0000000651c00000|  0%| F|  |TAMS 0x0000000651800000, 0x0000000651800000| Untracked 
|  62|0x0000000651c00000, 0x0000000651c00000, 0x0000000652000000|  0%| F|  |TAMS 0x0000000651c00000, 0x0000000651c00000| Untracked 
|  63|0x0000000652000000, 0x0000000652000000, 0x0000000652400000|  0%| F|  |TAMS 0x0000000652000000, 0x0000000652000000| Untracked 
|  64|0x0000000652400000, 0x0000000652400000, 0x0000000652800000|  0%| F|  |TAMS 0x0000000652400000, 0x0000000652400000| Untracked 
|  65|0x0000000652800000, 0x0000000652800000, 0x0000000652c00000|  0%| F|  |TAMS 0x0000000652800000, 0x0000000652800000| Untracked 
|  66|0x0000000652c00000, 0x0000000652c00000, 0x0000000653000000|  0%| F|  |TAMS 0x0000000652c00000, 0x0000000652c00000| Untracked 
|  67|0x0000000653000000, 0x0000000653000000, 0x0000000653400000|  0%| F|  |TAMS 0x0000000653000000, 0x0000000653000000| Untracked 
|  68|0x0000000653400000, 0x0000000653400000, 0x0000000653800000|  0%| F|  |TAMS 0x0000000653400000, 0x0000000653400000| Untracked 
|  69|0x0000000653800000, 0x0000000653800000, 0x0000000653c00000|  0%| F|  |TAMS 0x0000000653800000, 0x0000000653800000| Untracked 
|  70|0x0000000653c00000, 0x0000000653c00000, 0x0000000654000000|  0%| F|  |TAMS 0x0000000653c00000, 0x0000000653c00000| Untracked 
|  71|0x0000000654000000, 0x0000000654000000, 0x0000000654400000|  0%| F|  |TAMS 0x0000000654000000, 0x0000000654000000| Untracked 
|  72|0x0000000654400000, 0x0000000654400000, 0x0000000654800000|  0%| F|  |TAMS 0x0000000654400000, 0x0000000654400000| Untracked 
|  73|0x0000000654800000, 0x0000000654800000, 0x0000000654c00000|  0%| F|  |TAMS 0x0000000654800000, 0x0000000654800000| Untracked 
|  74|0x0000000654c00000, 0x0000000654c00000, 0x0000000655000000|  0%| F|  |TAMS 0x0000000654c00000, 0x0000000654c00000| Untracked 
|  75|0x0000000655000000, 0x0000000655000000, 0x0000000655400000|  0%| F|  |TAMS 0x0000000655000000, 0x0000000655000000| Untracked 
|  76|0x0000000655400000, 0x0000000655400000, 0x0000000655800000|  0%| F|  |TAMS 0x0000000655400000, 0x0000000655400000| Untracked 
|  77|0x0000000655800000, 0x0000000655800000, 0x0000000655c00000|  0%| F|  |TAMS 0x0000000655800000, 0x0000000655800000| Untracked 
|  78|0x0000000655c00000, 0x0000000655c00000, 0x0000000656000000|  0%| F|  |TAMS 0x0000000655c00000, 0x0000000655c00000| Untracked 
|  79|0x0000000656000000, 0x0000000656000000, 0x0000000656400000|  0%| F|  |TAMS 0x0000000656000000, 0x0000000656000000| Untracked 
|  80|0x0000000656400000, 0x0000000656400000, 0x0000000656800000|  0%| F|  |TAMS 0x0000000656400000, 0x0000000656400000| Untracked 
|  81|0x0000000656800000, 0x0000000656800000, 0x0000000656c00000|  0%| F|  |TAMS 0x0000000656800000, 0x0000000656800000| Untracked 
|  82|0x0000000656c00000, 0x0000000656c00000, 0x0000000657000000|  0%| F|  |TAMS 0x0000000656c00000, 0x0000000656c00000| Untracked 
|  83|0x0000000657000000, 0x0000000657000000, 0x0000000657400000|  0%| F|  |TAMS 0x0000000657000000, 0x0000000657000000| Untracked 
|  84|0x0000000657400000, 0x0000000657400000, 0x0000000657800000|  0%| F|  |TAMS 0x0000000657400000, 0x0000000657400000| Untracked 
|  85|0x0000000657800000, 0x0000000657800000, 0x0000000657c00000|  0%| F|  |TAMS 0x0000000657800000, 0x0000000657800000| Untracked 
|  86|0x0000000657c00000, 0x0000000657c00000, 0x0000000658000000|  0%| F|  |TAMS 0x0000000657c00000, 0x0000000657c00000| Untracked 
|  87|0x0000000658000000, 0x0000000658000000, 0x0000000658400000|  0%| F|  |TAMS 0x0000000658000000, 0x0000000658000000| Untracked 
|  88|0x0000000658400000, 0x0000000658400000, 0x0000000658800000|  0%| F|  |TAMS 0x0000000658400000, 0x0000000658400000| Untracked 
|  89|0x0000000658800000, 0x0000000658800000, 0x0000000658c00000|  0%| F|  |TAMS 0x0000000658800000, 0x0000000658800000| Untracked 
|  90|0x0000000658c00000, 0x0000000658c00000, 0x0000000659000000|  0%| F|  |TAMS 0x0000000658c00000, 0x0000000658c00000| Untracked 
|  91|0x0000000659000000, 0x0000000659000000, 0x0000000659400000|  0%| F|  |TAMS 0x0000000659000000, 0x0000000659000000| Untracked 
|  92|0x0000000659400000, 0x0000000659400000, 0x0000000659800000|  0%| F|  |TAMS 0x0000000659400000, 0x0000000659400000| Untracked 
|  93|0x0000000659800000, 0x0000000659800000, 0x0000000659c00000|  0%| F|  |TAMS 0x0000000659800000, 0x0000000659800000| Untracked 
|  94|0x0000000659c00000, 0x0000000659c00000, 0x000000065a000000|  0%| F|  |TAMS 0x0000000659c00000, 0x0000000659c00000| Untracked 
|  95|0x000000065a000000, 0x000000065a000000, 0x000000065a400000|  0%| F|  |TAMS 0x000000065a000000, 0x000000065a000000| Untracked 
|  96|0x000000065a400000, 0x000000065a400000, 0x000000065a800000|  0%| F|  |TAMS 0x000000065a400000, 0x000000065a400000| Untracked 
|  97|0x000000065a800000, 0x000000065a800000, 0x000000065ac00000|  0%| F|  |TAMS 0x000000065a800000, 0x000000065a800000| Untracked 
|  98|0x000000065ac00000, 0x000000065ac00000, 0x000000065b000000|  0%| F|  |TAMS 0x000000065ac00000, 0x000000065ac00000| Untracked 
|  99|0x000000065b000000, 0x000000065b000000, 0x000000065b400000|  0%| F|  |TAMS 0x000000065b000000, 0x000000065b000000| Untracked 
| 100|0x000000065b400000, 0x000000065b400000, 0x000000065b800000|  0%| F|  |TAMS 0x000000065b400000, 0x000000065b400000| Untracked 
| 101|0x000000065b800000, 0x000000065b800000, 0x000000065bc00000|  0%| F|  |TAMS 0x000000065b800000, 0x000000065b800000| Untracked 
| 102|0x000000065bc00000, 0x000000065bc00000, 0x000000065c000000|  0%| F|  |TAMS 0x000000065bc00000, 0x000000065bc00000| Untracked 
| 103|0x000000065c000000, 0x000000065c000000, 0x000000065c400000|  0%| F|  |TAMS 0x000000065c000000, 0x000000065c000000| Untracked 
| 104|0x000000065c400000, 0x000000065c400000, 0x000000065c800000|  0%| F|  |TAMS 0x000000065c400000, 0x000000065c400000| Untracked 
| 105|0x000000065c800000, 0x000000065c800000, 0x000000065cc00000|  0%| F|  |TAMS 0x000000065c800000, 0x000000065c800000| Untracked 
| 106|0x000000065cc00000, 0x000000065cc00000, 0x000000065d000000|  0%| F|  |TAMS 0x000000065cc00000, 0x000000065cc00000| Untracked 
| 107|0x000000065d000000, 0x000000065d000000, 0x000000065d400000|  0%| F|  |TAMS 0x000000065d000000, 0x000000065d000000| Untracked 
| 108|0x000000065d400000, 0x000000065d400000, 0x000000065d800000|  0%| F|  |TAMS 0x000000065d400000, 0x000000065d400000| Untracked 
| 109|0x000000065d800000, 0x000000065d800000, 0x000000065dc00000|  0%| F|  |TAMS 0x000000065d800000, 0x000000065d800000| Untracked 
| 110|0x000000065dc00000, 0x000000065de31358, 0x000000065e000000| 54%| E|  |TAMS 0x000000065dc00000, 0x000000065dc00000| Complete 
| 111|0x000000065e000000, 0x000000065e400000, 0x000000065e400000|100%| E|CS|TAMS 0x000000065e000000, 0x000000065e000000| Complete 

Card table byte_map: [0x000001d7b73a0000,0x000001d7b8190000] _byte_map_base: 0x000001d7b418e000

Marking Bits (Prev, Next): (CMBitMap*) 0x000001d79d941040, (CMBitMap*) 0x000001d79d941080
 Prev Bits: [0x000001d7b8f80000, 0x000001d7bfef0000)
 Next Bits: [0x000001d7bfef0000, 0x000001d7c6e60000)

Polling page: 0x000001d79d970000

Metaspace:

Usage:
  Non-class:      2.36 MB used.
      Class:    201.63 KB used.
       Both:      2.56 MB used.

Virtual space:
  Non-class space:       64.00 MB reserved,       2.44 MB (  4%) committed,  1 nodes.
      Class space:        1.00 GB reserved,     320.00 KB ( <1%) committed,  1 nodes.
             Both:        1.06 GB reserved,       2.75 MB ( <1%) committed. 

Chunk freelists:
   Non-Class:  11.08 MB
       Class:  15.67 MB
        Both:  26.75 MB

MaxMetaspaceSize: unlimited
CompressedClassSpaceSize: 1.00 GB
Initial GC threshold: 21.00 MB
Current GC threshold: 21.00 MB
CDS: on
MetaspaceReclaimPolicy: balanced
 - commit_granule_bytes: 65536.
 - commit_granule_words: 8192.
 - virtual_space_node_default_size: 8388608.
 - enlarge_chunks_in_place: 1.
 - new_chunks_are_fully_committed: 0.
 - uncommit_free_chunks: 1.
 - use_allocation_guard: 0.
 - handle_deallocations: 1.


Internal statistics:

num_allocs_failed_limit: 0.
num_arena_births: 60.
num_arena_deaths: 0.
num_vsnodes_births: 2.
num_vsnodes_deaths: 0.
num_space_committed: 44.
num_space_uncommitted: 0.
num_chunks_returned_to_freelist: 0.
num_chunks_taken_from_freelist: 115.
num_chunk_merges: 0.
num_chunk_splits: 72.
num_chunks_enlarged: 49.
num_inconsistent_stats: 0.

CodeHeap 'non-profiled nmethods': size=120000Kb used=158Kb max_used=158Kb free=119841Kb
 bounds [0x000001d7ae3f0000, 0x000001d7ae660000, 0x000001d7b5920000]
CodeHeap 'profiled nmethods': size=120000Kb used=800Kb max_used=800Kb free=119199Kb
 bounds [0x000001d7a6920000, 0x000001d7a6b90000, 0x000001d7ade50000]
CodeHeap 'non-nmethods': size=5760Kb used=1564Kb max_used=1564Kb free=4195Kb
 bounds [0x000001d7ade50000, 0x000001d7ae0c0000, 0x000001d7ae3f0000]
 total_blobs=1497 nmethods=512 adapters=898
 compilation: enabled
              stopped_count=0, restarted_count=0
 full_count=0

Compilation events (20 events):
Event: 0.169 Thread 0x000001d80f00b390 nmethod 478 0x000001d7ae416490 code [0x000001d7ae416640, 0x000001d7ae416ce8]
Event: 0.169 Thread 0x000001d80f019780 nmethod 500 0x000001d7a69e4190 code [0x000001d7a69e44a0, 0x000001d7a69e5508]
Event: 0.169 Thread 0x000001d80f019780  497       1       java.lang.reflect.Field::getRoot (5 bytes)
Event: 0.169 Thread 0x000001d80f019780 nmethod 497 0x000001d7ae417090 code [0x000001d7ae417220, 0x000001d7ae4172f8]
Event: 0.169 Thread 0x000001d80f019780  503       3       java.lang.Integer::toUnsignedLong (7 bytes)
Event: 0.169 Thread 0x000001d80f019780 nmethod 503 0x000001d7a69e5990 code [0x000001d7a69e5b20, 0x000001d7a69e5c18]
Event: 0.169 Thread 0x000001d80f019780  504       3       org.lwjgl.system.MemoryUtil::write8 (19 bytes)
Event: 0.169 Thread 0x000001d80f019780 nmethod 504 0x000001d7a69e5c90 code [0x000001d7a69e5e40, 0x000001d7a69e6098]
Event: 0.169 Thread 0x000001d80f019780  505       3       sun.misc.Unsafe::putByte (11 bytes)
Event: 0.169 Thread 0x000001d80f019780 nmethod 505 0x000001d7a69e6190 code [0x000001d7a69e6320, 0x000001d7a69e6438]
Event: 0.169 Thread 0x000001d80f019780  508       3       sun.misc.Unsafe::putInt (11 bytes)
Event: 0.169 Thread 0x000001d80f019780 nmethod 508 0x000001d7a69e6510 code [0x000001d7a69e66a0, 0x000001d7a69e67b8]
Event: 0.169 Thread 0x000001d80f019780  509       3       org.lwjgl.system.MemoryUtil::encodeASCIIUnsafe (53 bytes)
Event: 0.169 Thread 0x000001d80f019780 nmethod 509 0x000001d7a69e6890 code [0x000001d7a69e6a60, 0x000001d7a69e6e78]
Event: 0.169 Thread 0x000001d80f019780  510       3       java.lang.StringConcatHelper::prepend (37 bytes)
Event: 0.170 Thread 0x000001d80f019780 nmethod 510 0x000001d7a69e7010 code [0x000001d7a69e71e0, 0x000001d7a69e74b8]
Event: 0.170 Thread 0x000001d80f019780  511       3       java.lang.String::getBytes (44 bytes)
Event: 0.170 Thread 0x000001d80f019780 nmethod 511 0x000001d7a69e7610 code [0x000001d7a69e77e0, 0x000001d7a69e7af8]
Event: 0.173 Thread 0x000001d80f019780  512       3       java.util.concurrent.ConcurrentHashMap$ValueIterator::next (34 bytes)
Event: 0.174 Thread 0x000001d80f019780 nmethod 512 0x000001d7a69e7c10 code [0x000001d7a69e7dc0, 0x000001d7a69e8038]

GC Heap History (0 events):
No events

Deoptimization events (6 events):
Event: 0.096 Thread 0x000001d79d8a50a0 DEOPT PACKING pc=0x000001d7a6936967 sp=0x00000069004faa60
Event: 0.096 Thread 0x000001d79d8a50a0 DEOPT UNPACKING pc=0x000001d7adea2b43 sp=0x00000069004f9e80 mode 0
Event: 0.105 Thread 0x000001d79d8a50a0 Uncommon trap: trap_request=0xffffff45 fr.pc=0x000001d7ae403be4 relative=0x0000000000000064
Event: 0.105 Thread 0x000001d79d8a50a0 Uncommon trap: reason=unstable_if action=reinterpret pc=0x000001d7ae403be4 method=java.io.WinNTFileSystem.isSlash(C)Z @ 9 c2
Event: 0.105 Thread 0x000001d79d8a50a0 DEOPT PACKING pc=0x000001d7ae403be4 sp=0x00000069004fb8b0
Event: 0.105 Thread 0x000001d79d8a50a0 DEOPT UNPACKING pc=0x000001d7adea23a3 sp=0x00000069004fb838 mode 2

Classes unloaded (0 events):
No events

Classes redefined (0 events):
No events

Internal exceptions (16 events):
Event: 0.073 Thread 0x000001d79d8a50a0 Exception <a 'java/lang/NoSuchMethodError'{0x000000065e295e08}: 'java.lang.Object java.lang.invoke.DirectMethodHandle$Holder.invokeStaticInit(java.lang.Object)'> (0x000000065e295e08) 
thrown [s\open\src\hotspot\share\interpreter\linkResolver.cpp, line 759]
Event: 0.080 Thread 0x000001d79d8a50a0 Exception <a 'java/lang/NoSuchMethodError'{0x000000065e2e3af0}: 'void java.lang.invoke.DirectMethodHandle$Holder.invokeStatic(java.lang.Object, java.lang.Object)'> (0x000000065e2e3af0) 
thrown [s\open\src\hotspot\share\interpreter\linkResolver.cpp, line 759]
Event: 0.081 Thread 0x000001d79d8a50a0 Exception <a 'java/lang/NoSuchMethodError'{0x000000065e2e9338}: 'void java.lang.invoke.DirectMethodHandle$Holder.invokeSpecial(java.lang.Object, java.lang.Object, java.lang.Object)'> (0x000000065e2e9338) 
thrown [s\open\src\hotspot\share\interpreter\linkResolver.cpp, line 759]
Event: 0.082 Thread 0x000001d79d8a50a0 Exception <a 'java/lang/NoSuchMethodError'{0x000000065e2fc6c0}: 'java.lang.Object java.lang.invoke.DirectMethodHandle$Holder.invokeStatic(java.lang.Object, java.lang.Object, int)'> (0x000000065e2fc6c0) 
thrown [s\open\src\hotspot\share\interpreter\linkResolver.cpp, line 759]
Event: 0.083 Thread 0x000001d79d8a50a0 Exception <a 'java/lang/NoSuchMethodError'{0x000000065e308430}: 'void java.lang.invoke.DelegatingMethodHandle$Holder.delegate(java.lang.Object, java.lang.Object, int, java.lang.Object)'> (0x000000065e308430) 
thrown [s\open\src\hotspot\share\interpreter\linkResolver.cpp, line 759]
Event: 0.083 Thread 0x000001d79d8a50a0 Exception <a 'java/lang/NoSuchMethodError'{0x000000065e30c670}: 'int java.lang.invoke.DirectMethodHandle$Holder.invokeSpecial(java.lang.Object, java.lang.Object, java.lang.Object)'> (0x000000065e30c670) 
thrown [s\open\src\hotspot\share\interpreter\linkResolver.cpp, line 759]
Event: 0.110 Thread 0x000001d79d8a50a0 Exception <a 'sun/nio/fs/WindowsException'{0x000000065e3da038}> (0x000000065e3da038) 
thrown [s\open\src\hotspot\share\prims\jni.cpp, line 516]
Event: 0.110 Thread 0x000001d79d8a50a0 Exception <a 'sun/nio/fs/WindowsException'{0x000000065e3da588}> (0x000000065e3da588) 
thrown [s\open\src\hotspot\share\prims\jni.cpp, line 516]
Event: 0.144 Thread 0x000001d79d8a50a0 Exception <a 'java/lang/NoSuchMethodError'{0x000000065dc91258}: 'int java.lang.invoke.DirectMethodHandle$Holder.invokeStaticInit(java.lang.Object, java.lang.Object, int, long)'> (0x000000065dc91258) 
thrown [s\open\src\hotspot\share\interpreter\linkResolver.cpp, line 759]
Event: 0.145 Thread 0x000001d79d8a50a0 Exception <a 'java/lang/NoSuchMethodError'{0x000000065dc96b20}: 'java.lang.Object java.lang.invoke.DirectMethodHandle$Holder.newInvokeSpecial(java.lang.Object, java.lang.Object, int)'> (0x000000065dc96b20) 
thrown [s\open\src\hotspot\share\interpreter\linkResolver.cpp, line 759]
Event: 0.146 Thread 0x000001d79d8a50a0 Exception <a 'java/lang/NoSuchMethodError'{0x000000065dca6578}: 'int java.lang.invoke.DirectMethodHandle$Holder.invokeStaticInit(java.lang.Object, java.lang.Object, long, long)'> (0x000000065dca6578) 
thrown [s\open\src\hotspot\share\interpreter\linkResolver.cpp, line 759]
Event: 0.147 Thread 0x000001d79d8a50a0 Exception <a 'java/lang/NoSuchMethodError'{0x000000065dcac688}: 'java.lang.Object java.lang.invoke.DirectMethodHandle$Holder.newInvokeSpecial(java.lang.Object, java.lang.Object, long)'> (0x000000065dcac688) 
thrown [s\open\src\hotspot\share\interpreter\linkResolver.cpp, line 759]
Event: 0.147 Thread 0x000001d79d8a50a0 Exception <a 'java/lang/NoSuchMethodError'{0x000000065dcb06d0}: 'java.lang.Object java.lang.invoke.Invokers$Holder.linkToTargetMethod(java.lang.Object, long, java.lang.Object)'> (0x000000065dcb06d0) 
thrown [s\open\src\hotspot\share\interpreter\linkResolver.cpp, line 759]
Event: 0.147 Thread 0x000001d79d8a50a0 Exception <a 'java/lang/NoSuchMethodError'{0x000000065dcb7e50}: 'int java.lang.invoke.DirectMethodHandle$Holder.invokeStaticInit(java.lang.Object, java.lang.Object, java.lang.Object, long)'> (0x000000065dcb7e50) 
thrown [s\open\src\hotspot\share\interpreter\linkResolver.cpp, line 759]
Event: 0.163 Thread 0x000001d79d8a50a0 Exception <a 'sun/nio/fs/WindowsException'{0x000000065dd72840}> (0x000000065dd72840) 
thrown [s\open\src\hotspot\share\prims\jni.cpp, line 516]
Event: 0.163 Thread 0x000001d79d8a50a0 Exception <a 'sun/nio/fs/WindowsException'{0x000000065dd72ba0}> (0x000000065dd72ba0) 
thrown [s\open\src\hotspot\share\prims\jni.cpp, line 516]

VM Operations (4 events):
Event: 0.051 Executing VM operation: HandshakeAllThreads
Event: 0.051 Executing VM operation: HandshakeAllThreads done
Event: 0.120 Executing VM operation: HandshakeAllThreads
Event: 0.120 Executing VM operation: HandshakeAllThreads done

Events (20 events):
Event: 0.141 loading class jdk/internal/reflect/UnsafeFieldAccessorFactory
Event: 0.141 loading class jdk/internal/reflect/UnsafeFieldAccessorFactory done
Event: 0.142 loading class jdk/internal/reflect/UnsafeQualifiedStaticObjectFieldAccessorImpl
Event: 0.142 loading class jdk/internal/reflect/UnsafeQualifiedStaticFieldAccessorImpl
Event: 0.142 loading class jdk/internal/reflect/UnsafeQualifiedStaticFieldAccessorImpl done
Event: 0.142 loading class jdk/internal/reflect/UnsafeQualifiedStaticObjectFieldAccessorImpl done
Event: 0.144 loading class java/util/function/LongPredicate
Event: 0.144 loading class java/util/function/LongPredicate done
Event: 0.145 loading class jdk/internal/access/foreign/MemorySegmentProxy
Event: 0.145 loading class jdk/internal/access/foreign/MemorySegmentProxy done
Event: 0.148 loading class java/nio/InvalidMarkException
Event: 0.148 loading class java/nio/InvalidMarkException done
Event: 0.148 loading class java/nio/BufferUnderflowException
Event: 0.148 loading class java/nio/BufferUnderflowException done
Event: 0.155 loading class java/util/Formatter$FixedString
Event: 0.155 loading class java/util/Formatter$FixedString done
Event: 0.164 loading class java/lang/NoSuchFieldError
Event: 0.164 loading class java/lang/NoSuchFieldError done
Event: 0.167 loading class jdk/internal/reflect/UnsafeQualifiedStaticIntegerFieldAccessorImpl
Event: 0.167 loading class jdk/internal/reflect/UnsafeQualifiedStaticIntegerFieldAccessorImpl done


Dynamic libraries:
0x00007ff79a620000 - 0x00007ff79a630000 	C:\Program Files\Java\jdk-17\bin\java.exe
0x00007ffdca6d0000 - 0x00007ffdca8e7000 	C:\Windows\SYSTEM32\ntdll.dll
0x00007ffdc8e40000 - 0x00007ffdc8f04000 	C:\Windows\System32\KERNEL32.DLL
0x00007ffdc7c10000 - 0x00007ffdc7fbc000 	C:\Windows\System32\KERNELBASE.dll
0x00007ffdc7af0000 - 0x00007ffdc7c01000 	C:\Windows\System32\ucrtbase.dll
0x00007ffda7900000 - 0x00007ffda791b000 	C:\Program Files\Java\jdk-17\bin\VCRUNTIME140.dll
0x00007ffda6b30000 - 0x00007ffda6b49000 	C:\Program Files\Java\jdk-17\bin\jli.dll
0x00007ffdc8c10000 - 0x00007ffdc8cc2000 	C:\Windows\System32\ADVAPI32.dll
0x00007ffdc8950000 - 0x00007ffdc89f7000 	C:\Windows\System32\msvcrt.dll
0x00007ffdca4e0000 - 0x00007ffdca58a000 	C:\Windows\System32\sechost.dll
0x00007ffdc8180000 - 0x00007ffdc81a8000 	C:\Windows\System32\bcrypt.dll
0x00007ffdc87c0000 - 0x00007ffdc88d5000 	C:\Windows\System32\RPCRT4.dll
0x00007ffdc9d90000 - 0x00007ffdc9f3e000 	C:\Windows\System32\USER32.dll
0x00007ffdb60a0000 - 0x00007ffdb6333000 	C:\Windows\WinSxS\amd64_microsoft.windows.common-controls_6595b64144ccf1df_6.0.22621.3672_none_2713b9d173822955\COMCTL32.dll
0x00007ffdc83e0000 - 0x00007ffdc8406000 	C:\Windows\System32\win32u.dll
0x00007ffdc9f40000 - 0x00007ffdc9f69000 	C:\Windows\System32\GDI32.dll
0x00007ffdc7fc0000 - 0x00007ffdc80d9000 	C:\Windows\System32\gdi32full.dll
0x00007ffdc80e0000 - 0x00007ffdc817a000 	C:\Windows\System32\msvcp_win.dll
0x00007ffdbff60000 - 0x00007ffdbff6a000 	C:\Windows\SYSTEM32\VERSION.dll
0x00007ffdc8bd0000 - 0x00007ffdc8c01000 	C:\Windows\System32\IMM32.DLL
0x00007ffdc1d60000 - 0x00007ffdc1d6c000 	C:\Program Files\Java\jdk-17\bin\vcruntime140_1.dll
0x00007ffda5730000 - 0x00007ffda57be000 	C:\Program Files\Java\jdk-17\bin\msvcp140.dll
0x00007ffd2f4b0000 - 0x00007ffd3008f000 	C:\Program Files\Java\jdk-17\bin\server\jvm.dll
0x00007ffdca3f0000 - 0x00007ffdca3f8000 	C:\Windows\System32\PSAPI.DLL
0x00007ffda6d80000 - 0x00007ffda6d89000 	C:\Windows\SYSTEM32\WSOCK32.dll
0x00007ffdc22a0000 - 0x00007ffdc22d4000 	C:\Windows\SYSTEM32\WINMM.dll
0x00007ffdc9920000 - 0x00007ffdc9991000 	C:\Windows\System32\WS2_32.dll
0x00007ffdc6950000 - 0x00007ffdc6968000 	C:\Windows\SYSTEM32\kernel.appcore.dll
0x00007ffda78f0000 - 0x00007ffda78fa000 	C:\Program Files\Java\jdk-17\bin\jimage.dll
0x00007ffdbf0f0000 - 0x00007ffdbf322000 	C:\Windows\SYSTEM32\DBGHELP.DLL
0x00007ffdc9a00000 - 0x00007ffdc9d88000 	C:\Windows\System32\combase.dll
0x00007ffdca400000 - 0x00007ffdca4d7000 	C:\Windows\System32\OLEAUT32.dll
0x00007ffdacc20000 - 0x00007ffdacc52000 	C:\Windows\SYSTEM32\dbgcore.DLL
0x00007ffdc7a70000 - 0x00007ffdc7aeb000 	C:\Windows\System32\bcryptPrimitives.dll
0x00007ffda4b40000 - 0x00007ffda4b65000 	C:\Program Files\Java\jdk-17\bin\java.dll
0x00007ffd961e0000 - 0x00007ffd962b7000 	C:\Program Files\Java\jdk-17\bin\jsvml.dll
0x00007ffdc90c0000 - 0x00007ffdc991c000 	C:\Windows\System32\SHELL32.dll
0x00007ffdc5900000 - 0x00007ffdc61f7000 	C:\Windows\SYSTEM32\windows.storage.dll
0x00007ffdc57c0000 - 0x00007ffdc58ff000 	C:\Windows\SYSTEM32\wintypes.dll
0x00007ffdc8cd0000 - 0x00007ffdc8dc4000 	C:\Windows\System32\SHCORE.dll
0x00007ffdc88f0000 - 0x00007ffdc894e000 	C:\Windows\System32\shlwapi.dll
0x00007ffdc7930000 - 0x00007ffdc7951000 	C:\Windows\SYSTEM32\profapi.dll
0x00007ffda4b20000 - 0x00007ffda4b39000 	C:\Program Files\Java\jdk-17\bin\net.dll
0x00007ffdc39e0000 - 0x00007ffdc3b16000 	C:\Windows\SYSTEM32\WINHTTP.dll
0x00007ffdc6e50000 - 0x00007ffdc6eb9000 	C:\Windows\system32\mswsock.dll
0x00007ffda1b40000 - 0x00007ffda1b56000 	C:\Program Files\Java\jdk-17\bin\nio.dll
0x00007ffda5710000 - 0x00007ffda5728000 	C:\Program Files\Java\jdk-17\bin\zip.dll
0x00007ffdada60000 - 0x00007ffdadadb000 	C:\Users\ll-Ew\AppData\Local\Temp\lwjgl_ll-Ew\3.3.3+5\x64\lwjgl.dll
0x00007ffda79f0000 - 0x00007ffda7a72000 	C:\Users\ll-Ew\AppData\Local\Temp\lwjgl_ll-Ew\3.3.3+5\x64\glfw.dll
0x00007ffdad860000 - 0x00007ffdad8a6000 	C:\Windows\SYSTEM32\dinput8.dll
0x00007ffdb47c0000 - 0x00007ffdb47d1000 	C:\Windows\SYSTEM32\xinput1_4.dll
0x00007ffdc75f0000 - 0x00007ffdc763e000 	C:\Windows\SYSTEM32\cfgmgr32.dll
0x00007ffdc75c0000 - 0x00007ffdc75ec000 	C:\Windows\SYSTEM32\DEVOBJ.dll
0x00007ffdc5160000 - 0x00007ffdc518b000 	C:\Windows\SYSTEM32\dwmapi.dll
0x00007ffdb2a50000 - 0x00007ffdb2c5c000 	C:\Windows\SYSTEM32\inputhost.dll
0x00007ffdc18a0000 - 0x00007ffdc19d3000 	C:\Windows\SYSTEM32\CoreMessaging.dll
0x00007ffdc4ed0000 - 0x00007ffdc4f7a000 	C:\Windows\system32\uxtheme.dll
0x00007ffdc7180000 - 0x00007ffdc718c000 	C:\Windows\SYSTEM32\CRYPTBASE.DLL
0x00007ffdc8660000 - 0x00007ffdc87b3000 	C:\Windows\System32\MSCTF.dll

dbghelp: loaded successfully - version: 4.0.5 - missing functions: none
symbol engine: initialized successfully - sym options: 0x614 - pdb path: .;C:\Program Files\Java\jdk-17\bin;C:\Windows\SYSTEM32;C:\Windows\WinSxS\amd64_microsoft.windows.common-controls_6595b64144ccf1df_6.0.22621.3672_none_2713b9d173822955;C:\Program Files\Java\jdk-17\bin\server;C:\Users\ll-Ew\AppData\Local\Temp\lwjgl_ll-Ew\3.3.3+5\x64

VM Arguments:
jvm_args: -XX:+ShowCodeDetailsInExceptionMessages 
java_command: org.HiddenEngine.CyberDomination
java_class_path (initial): C:\Users\ll-Ew\Downloads\Java Projects\Gradle Thing\JavaGradleTemplate\bin\main;C:\Users\ll-Ew\.gradle\caches\modules-2\files-2.1\org.lwjgl\lwjgl-assimp\3.3.3\c2c34011cbda30ed8cf98bc5cbf97b49afe5279a\lwjgl-assimp-3.3.3.jar;C:\Users\ll-Ew\.gradle\caches\modules-2\files-2.1\org.lwjgl\lwjgl-glfw\3.3.3\efa1eb78c5ccd840e9f329717109b5e892d72f8e\lwjgl-glfw-3.3.3.jar;C:\Users\ll-Ew\.gradle\caches\modules-2\files-2.1\org.lwjgl\lwjgl-nfd\3.3.3\f1b41d3a0a2f5cd2a55a6a59a618c87d0348681c\lwjgl-nfd-3.3.3.jar;C:\Users\ll-Ew\.gradle\caches\modules-2\files-2.1\org.lwjgl\lwjgl-openal\3.3.3\daada81ceb5fc0c291fbfdd4433cb8d9423577f2\lwjgl-openal-3.3.3.jar;C:\Users\ll-Ew\.gradle\caches\modules-2\files-2.1\org.lwjgl\lwjgl-opengl\3.3.3\2f6b0147078396a58979125a4c947664e98293a\lwjgl-opengl-3.3.3.jar;C:\Users\ll-Ew\.gradle\caches\modules-2\files-2.1\org.lwjgl\lwjgl-stb\3.3.3\25dd6161988d7e65f71d5065c99902402ee32746\lwjgl-stb-3.3.3.jar;C:\Users\ll-Ew\.gradle\caches\modules-2\files-2.1\org.lwjgl\lwjgl\3.3.3\29589b5f87ed335a6c7e7ee6a5775f81f97ecb84\lwjgl-3.3.3.jar;C:\Users\ll-Ew\.gradle\caches\modules-2\files-2.1\org.joml\joml\1.10.5\22566d58af70ad3d72308bab63b8339906deb649\joml-1.10.5.jar;C:\Users\ll-Ew\.gradle\caches\modules-2\files-2.1\org.lwjgl\lwjgl-assimp\3.3.3\d90ccdade594716062975cffd1431d387f770ac4\lwjgl-assimp-3.3.3-natives-windows.jar;C:\Users\ll-Ew\.gradle\caches\modules-2\files-2.1\org.lwjgl\lwjgl-glfw\3.3.3\e449e28b4891fc423c54c85fbc5bb0b9efece67a\lwjgl-glfw-3.3.3-natives-windows.jar;C:\Users\ll-Ew\.gradle\caches\modules-2\files-2.1\org.lwjgl\lwjgl-nfd\3.3.3\3a39132eef695dcb7631adc1d02e493527940d10\lwjgl-nfd-3.3.3-natives-windows.jar;C:\Users\ll-Ew\.gradle\caches\modules-2\files-2.1\org.lwjgl\lwjgl-openal\3.3.3\cf83862ae95d98496b26915024c7e666d8ab1c8f\lwjgl-openal-3.3.3-natives-windows.jar;C:\Users\ll-Ew\.gradle\caches\modules-2\files-2.1\org.lwjgl\lwjgl-opengl\3.3.3\e6c1eec8be8a71951b830a4d69efc01c6531900c\lwjgl-opengl-3.3.3-natives-windows.jar;C:\Users
Launcher Type: SUN_STANDARD

[Global flags]
     intx CICompilerCount                          = 4                                         {product} {ergonomic}
     uint ConcGCThreads                            = 3                                         {product} {ergonomic}
     uint G1ConcRefinementThreads                  = 10                                        {product} {ergonomic}
   size_t G1HeapRegionSize                         = 4194304                                   {product} {ergonomic}
    uintx GCDrainStackTargetSize                   = 64                                        {product} {ergonomic}
   size_t InitialHeapSize                          = 469762048                                 {product} {ergonomic}
   size_t MarkStackSize                            = 4194304                                   {product} {ergonomic}
   size_t MaxHeapSize                              = 7478444032                                {product} {ergonomic}
   size_t MaxNewSize                               = 4483710976                                {product} {ergonomic}
   size_t MinHeapDeltaBytes                        = 4194304                                   {product} {ergonomic}
   size_t MinHeapSize                              = 8388608                                   {product} {ergonomic}
    uintx NonNMethodCodeHeapSize                   = 5839372                                {pd product} {ergonomic}
    uintx NonProfiledCodeHeapSize                  = 122909434                              {pd product} {ergonomic}
    uintx ProfiledCodeHeapSize                     = 122909434                              {pd product} {ergonomic}
    uintx ReservedCodeCacheSize                    = 251658240                              {pd product} {ergonomic}
     bool SegmentedCodeCache                       = true                                      {product} {ergonomic}
     bool ShowCodeDetailsInExceptionMessages       = true                                   {manageable} {command line}
   size_t SoftMaxHeapSize                          = 7478444032                             {manageable} {ergonomic}
     bool UseCompressedClassPointers               = true                           {product lp64_product} {ergonomic}
     bool UseCompressedOops                        = true                           {product lp64_product} {ergonomic}
     bool UseG1GC                                  = true                                      {product} {ergonomic}
     bool UseLargePagesIndividualAllocation        = false                                  {pd product} {ergonomic}

Logging:
Log output configuration:
 #0: stdout all=warning uptime,level,tags
 #1: stderr all=off uptime,level,tags

Environment Variables:
PATH=C:\Program Files\Common Files\Oracle\Java\javapath;C:\Program Files (x86)\Common Files\Oracle\Java\java8path;C:\Program Files (x86)\Common Files\Oracle\Java\javapath;C:\Windows\system32;C:\Windows;C:\Windows\System32\Wbem;C:\Windows\System32\WindowsPowerShell\v1.0\;C:\Windows\System32\OpenSSH\;C:\Program Files (x86)\NVIDIA Corporation\PhysX\Common;C:\Program Files\NVIDIA Corporation\NVIDIA NvDLISR;C:\Program Files\Microsoft SQL Server\150\Tools\Binn\;C:\Program Files\Microsoft SQL Server\Client SDK\ODBC\170\Tools\Binn\;C:\Program Files (x86)\Windows Kits\10\Windows Performance Toolkit\;C:\Program Files\dotnet\;C:\Users\ll-Ew\AppData\Local\Microsoft\WindowsApps;C:\Users\ll-Ew\.dotnet\tools;C:\Users\ll-Ew\AppData\Local\Programs\Microsoft VS Code\bin
USERNAME=ll-Ew
LANG=en_US.UTF-8
OS=Windows_NT
PROCESSOR_IDENTIFIER=AMD64 Family 25 Model 80 Stepping 0, AuthenticAMD



---------------  S Y S T E M  ---------------

OS:
 Windows 11 , 64 bit Build 22621 (10.0.22621.3672)
OS uptime: 0 days 11:33 hours
Hyper-V role detected

CPU: total 12 (initial active 12) (12 cores per cpu, 2 threads per core) family 25 model 80 stepping 0 microcode 0x0, cx8, cmov, fxsr, ht, mmx, 3dnowpref, sse, sse2, sse3, ssse3, sse4a, sse4.1, sse4.2, popcnt, lzcnt, tsc, tscinvbit, avx, avx2, aes, erms, clmul, bmi1, bmi2, adx, sha, fma, vzeroupper, clflush, clflushopt, hv

Memory: 4k page, system-wide physical 28524M (16326M free)
TotalPageFile size 30521M (AvailPageFile size 11351M)
current process WorkingSet (physical memory assigned to process): 52M, peak: 52M
current process commit charge ("private bytes"): 555M, peak: 555M

vm_info: Java HotSpot(TM) 64-Bit Server VM (17.0.10+11-LTS-240) for windows-amd64 JRE (17.0.10+11-LTS-240), built on Dec 19 2023 21:47:25 by "mach5one" with MS VC++ 17.1 (VS2022)

END.
