#
# A fatal error has been detected by the Java Runtime Environment:
#
#  EXCEPTION_ACCESS_VIOLATION (0xc0000005) at pc=0x00007ffd47efc5b9, pid=23768, tid=4876
#
# JRE version: Java(TM) SE Runtime Environment (17.0.10+11) (build 17.0.10+11-LTS-240)
# Java VM: Java HotSpot(TM) 64-Bit Server VM (17.0.10+11-LTS-240, mixed mode, sharing, tiered, compressed oops, compressed class ptrs, g1 gc, windows-amd64)
# Problematic frame:
# C  [lwjgl_opengl.dll+0xc5b9]
#
# No core dump will be written. Minidumps are not enabled by default on client versions of Windows
#
# If you would like to submit a bug report, please visit:
#   https://bugreport.java.com/bugreport/crash.jsp
# The crash happened outside the Java Virtual Machine in native code.
# See problematic frame for where to report the bug.
#

---------------  S U M M A R Y ------------

Command Line: -XX:+ShowCodeDetailsInExceptionMessages org.HiddenEngine.CyberDomination

Host: AMD Ryzen 5 5600H with Radeon Graphics         , 12 cores, 27G,  Windows 11 , 64 bit Build 22621 (10.0.22621.3672)
Time: Mon Jun 17 15:02:55 2024 Eastern Daylight Time elapsed time: 0.170814 seconds (0d 0h 0m 0s)

---------------  T H R E A D  ---------------

Current thread (0x000001697867af40):  JavaThread "main" [_thread_in_native, id=4876, stack(0x00000057cd000000,0x00000057cd100000)]

Stack: [0x00000057cd000000,0x00000057cd100000],  sp=0x00000057cd0ff1a8,  free space=1020k
Native frames: (J=compiled Java code, j=interpreted, Vv=VM code, C=native code)
C  [lwjgl_opengl.dll+0xc5b9]

Java frames: (J=compiled Java code, j=interpreted, Vv=VM code)
j  org.lwjgl.opengl.GL11C.glClearColor(FFFF)V+0
j  org.lwjgl.opengl.GL11.glClearColor(FFFF)V+4
j  org.HiddenEngine.Window.SetRGB(IIII)I+68
j  org.HiddenEngine.CyberDomination.main([Ljava/lang/String;)V+22
v  ~StubRoutines::call_stub

siginfo: EXCEPTION_ACCESS_VIOLATION (0xc0000005), reading address 0x0000000000000070


Registers:
RAX=0x000001696a26e020, RBX=0x00000169664b51e0, RCX=0x0000000000000000, RDX=0x00000057cd0ff248
RSP=0x00000057cd0ff1a8, RBP=0x00000057cd0ff238, RSI=0x00000057cd0ff790, RDI=0x00000057cd0ff798
R8 =0x0000000000000002, R9 =0x0000000000000002, R10=0x000001690ed1d5f2, R11=0x000000065dd89fe0
R12=0x0000000000000000, R13=0x00000169664b51d8, R14=0x00000057cd0ff270, R15=0x000001697867af40
RIP=0x00007ffd47efc5b9, EFLAGS=0x0000000000010206


Register to memory mapping:

RIP=0x00007ffd47efc5b9 lwjgl_opengl.dll
RAX=0x000001696a26e020 points into unknown readable memory: 0x0000000000000000 | 00 00 00 00 00 00 00 00
RBX={method} {0x00000169664b51e8} 'glClearColor' '(FFFF)V' in 'org/lwjgl/opengl/GL11C'
RCX=0x0 is NULL
RDX=0x00000057cd0ff248 is pointing into the stack for thread: 0x000001697867af40
RSP=0x00000057cd0ff1a8 is pointing into the stack for thread: 0x000001697867af40
RBP=0x00000057cd0ff238 is pointing into the stack for thread: 0x000001697867af40
RSI=0x00000057cd0ff790 is pointing into the stack for thread: 0x000001697867af40
RDI=0x00000057cd0ff798 is pointing into the stack for thread: 0x000001697867af40
R8 =0x0000000000000002 is an unknown value
R9 =0x0000000000000002 is an unknown value
R10=0x000001690ed1d5f2 is at code_begin+946 in an Interpreter codelet
method entry point (kind = native)  [0x000001690ed1d240, 0x000001690ed1dbc0]  2432 bytes
R11=0x000000065dd89fe0 is an oop: java.lang.Class 
{0x000000065dd89fe0} - klass: 'java/lang/Class'
 - ---- fields (total size 116 words):
 - private volatile transient 'classRedefinedCount' 'I' @12  0
 - private volatile transient 'cachedConstructor' 'Ljava/lang/reflect/Constructor;' @40  NULL (0)
 - private transient 'name' 'Ljava/lang/String;' @44  "org.lwjgl.opengl.GL11C"{0x000000065dd8a390} (cbbb1472)
 - private transient 'module' 'Ljava/lang/Module;' @48  a 'java/lang/Module'{0x000000065e0cda10} (cbc19b42)
 - private final 'classLoader' 'Ljava/lang/ClassLoader;' @52  a 'jdk/internal/loader/ClassLoaders$AppClassLoader'{0x000000065e0cd850} (cbc19b0a)
 - private transient 'classData' 'Ljava/lang/Object;' @56  NULL (0)
 - private transient 'packageName' 'Ljava/lang/String;' @60  "org.lwjgl.opengl"{0x000000065e1d3740} (cbc3a6e8)
 - private final 'componentType' 'Ljava/lang/Class;' @64  NULL (0)
 - private volatile transient 'reflectionData' 'Ljava/lang/ref/SoftReference;' @68  NULL (0)
 - private volatile transient 'genericInfo' 'Lsun/reflect/generics/repository/ClassRepository;' @72  NULL (0)
 - private volatile transient 'enumConstants' '[Ljava/lang/Object;' @76  NULL (0)
 - private volatile transient 'enumConstantDirectory' 'Ljava/util/Map;' @80  NULL (0)
 - private volatile transient 'annotationData' 'Ljava/lang/Class$AnnotationData;' @84  NULL (0)
 - private volatile transient 'annotationType' 'Lsun/reflect/annotation/AnnotationType;' @88  NULL (0)
 - transient 'classValueMap' 'Ljava/lang/ClassValue$ClassValueMap;' @92  NULL (0)
 - signature: Lorg/lwjgl/opengl/GL11C;
 - fake entry for mirror: 'org/lwjgl/opengl/GL11C'
 - fake entry for array: NULL
 - fake entry for oop_size: 116
 - fake entry for static_oop_field_count: 0
 - public static final 'GL_NEVER' 'I' @112  512 (200)
 - public static final 'GL_LESS' 'I' @116  513 (201)
 - public static final 'GL_EQUAL' 'I' @120  514 (202)
 - public static final 'GL_LEQUAL' 'I' @124  515 (203)
 - public static final 'GL_GREATER' 'I' @128  516 (204)
 - public static final 'GL_NOTEQUAL' 'I' @132  517 (205)
 - public static final 'GL_GEQUAL' 'I' @136  518 (206)
 - public static final 'GL_ALWAYS' 'I' @140  519 (207)
 - public static final 'GL_DEPTH_BUFFER_BIT' 'I' @144  256 (100)
 - public static final 'GL_STENCIL_BUFFER_BIT' 'I' @148  1024 (400)
 - public static final 'GL_COLOR_BUFFER_BIT' 'I' @152  16384 (4000)
 - public static final 'GL_POINTS' 'I' @156  0
 - public static final 'GL_LINES' 'I' @160  1
 - public static final 'GL_LINE_LOOP' 'I' @164  2
 - public static final 'GL_LINE_STRIP' 'I' @168  3
 - public static final 'GL_TRIANGLES' 'I' @172  4
 - public static final 'GL_TRIANGLE_STRIP' 'I' @176  5
 - public static final 'GL_TRIANGLE_FAN' 'I' @180  6
 - public static final 'GL_QUADS' 'I' @184  7
 - public static final 'GL_ZERO' 'I' @188  0
 - public static final 'GL_ONE' 'I' @192  1
 - public static final 'GL_SRC_COLOR' 'I' @196  768 (300)
 - public static final 'GL_ONE_MINUS_SRC_COLOR' 'I' @200  769 (301)
 - public static final 'GL_SRC_ALPHA' 'I' @204  770 (302)
 - public static final 'GL_ONE_MINUS_SRC_ALPHA' 'I' @208  771 (303)
 - public static final 'GL_DST_ALPHA' 'I' @212  772 (304)
 - public static final 'GL_ONE_MINUS_DST_ALPHA' 'I' @216  773 (305)
 - public static final 'GL_DST_COLOR' 'I' @220  774 (306)
 - public static final 'GL_ONE_MINUS_DST_COLOR' 'I' @224  775 (307)
 - public static final 'GL_SRC_ALPHA_SATURATE' 'I' @228  776 (308)
 - public static final 'GL_TRUE' 'I' @232  1
 - public static final 'GL_FALSE' 'I' @236  0
 - public static final 'GL_BYTE' 'I' @240  5120 (1400)
 - public static final 'GL_UNSIGNED_BYTE' 'I' @244  5121 (1401)
 - public static final 'GL_SHORT' 'I' @248  5122 (1402)
 - public static final 'GL_UNSIGNED_SHORT' 'I' @252  5123 (1403)
 - public static final 'GL_INT' 'I' @256  5124 (1404)
 - public static final 'GL_UNSIGNED_INT' 'I' @260  5125 (1405)
 - public static final 'GL_FLOAT' 'I' @264  5126 (1406)
 - public static final 'GL_DOUBLE' 'I' @268  5130 (140a)
 - public static final 'GL_NONE' 'I' @272  0
 - public static final 'GL_FRONT_LEFT' 'I' @276  1024 (400)
 - public static final 'GL_FRONT_RIGHT' 'I' @280  1025 (401)
 - public static final 'GL_BACK_LEFT' 'I' @284  1026 (402)
 - public static final 'GL_BACK_RIGHT' 'I' @288  1027 (403)
 - public static final 'GL_FRONT' 'I' @292  1028 (404)
 - public static final 'GL_BACK' 'I' @296  1029 (405)
 - public static final 'GL_LEFT' 'I' @300  1030 (406)
 - public static final 'GL_RIGHT' 'I' @304  1031 (407)
 - public static final 'GL_FRONT_AND_BACK' 'I' @308  1032 (408)
 - public static final 'GL_NO_ERROR' 'I' @312  0
 - public static final 'GL_INVALID_ENUM' 'I' @316  1280 (500)
 - public static final 'GL_INVALID_VALUE' 'I' @320  1281 (501)
 - public static final 'GL_INVALID_OPERATION' 'I' @324  1282 (502)
 - public static final 'GL_STACK_OVERFLOW' 'I' @328  1283 (503)
 - public static final 'GL_STACK_UNDERFLOW' 'I' @332  1284 (504)
 - public static final 'GL_OUT_OF_MEMORY' 'I' @336  1285 (505)
 - public static final 'GL_CW' 'I' @340  2304 (900)
 - public static final 'GL_CCW' 'I' @344  2305 (901)
 - public static final 'GL_POINT_SIZE' 'I' @348  2833 (b11)
 - public static final 'GL_POINT_SIZE_RANGE' 'I' @352  2834 (b12)
 - public static final 'GL_POINT_SIZE_GRANULARITY' 'I' @356  2835 (b13)
 - public static final 'GL_LINE_SMOOTH' 'I' @360  2848 (b20)
 - public static final 'GL_LINE_WIDTH' 'I' @364  2849 (b21)
 - public static final 'GL_LINE_WIDTH_RANGE' 'I' @368  2850 (b22)
 - public static final 'GL_LINE_WIDTH_GRANULARITY' 'I' @372  2851 (b23)
 - public static final 'GL_POLYGON_MODE' 'I' @376  2880 (b40)
 - public static final 'GL_POLYGON_SMOOTH' 'I' @380  2881 (b41)
 - public static final 'GL_CULL_FACE' 'I' @384  2884 (b44)
 - public static final 'GL_CULL_FACE_MODE' 'I' @388  2885 (b45)
 - public static final 'GL_FRONT_FACE' 'I' @392  2886 (b46)
 - public static final 'GL_DEPTH_RANGE' 'I' @396  2928 (b70)
 - public static final 'GL_DEPTH_TEST' 'I' @400  2929 (b71)
 - public static final 'GL_DEPTH_WRITEMASK' 'I' @404  2930 (b72)
 - public static final 'GL_DEPTH_CLEAR_VALUE' 'I' @408  2931 (b73)
 - public static final 'GL_DEPTH_FUNC' 'I' @412  2932 (b74)
 - public static final 'GL_STENCIL_TEST' 'I' @416  2960 (b90)
 - public static final 'GL_STENCIL_CLEAR_VALUE' 'I' @420  2961 (b91)
 - public static final 'GL_STENCIL_FUNC' 'I' @424  2962 (b92)
 - public static final 'GL_STENCIL_VALUE_MASK' 'I' @428  2963 (b93)
 - public static final 'GL_STENCIL_FAIL' 'I' @432  2964 (b94)
 - public static final 'GL_STENCIL_PASS_DEPTH_FAIL' 'I' @436  2965 (b95)
 - public static final 'GL_STENCIL_PASS_DEPTH_PASS' 'I' @440  2966 (b96)
 - public static final 'GL_STENCIL_REF' 'I' @444  2967 (b97)
 - public static final 'GL_STENCIL_WRITEMASK' 'I' @448  2968 (b98)
 - public static final 'GL_VIEWPORT' 'I' @452  2978 (ba2)
 - public static final 'GL_DITHER' 'I' @456  3024 (bd0)
 - public static final 'GL_BLEND_DST' 'I' @460  3040 (be0)
 - public static final 'GL_BLEND_SRC' 'I' @464  3041 (be1)
 - public static final 'GL_BLEND' 'I' @468  3042 (be2)
 - public static final 'GL_LOGIC_OP_MODE' 'I' @472  3056 (bf0)
 - public static final 'GL_COLOR_LOGIC_OP' 'I' @476  3058 (bf2)
 - public static final 'GL_DRAW_BUFFER' 'I' @480  3073 (c01)
 - public static final 'GL_READ_BUFFER' 'I' @484  3074 (c02)
 - public static final 'GL_SCISSOR_BOX' 'I' @488  3088 (c10)
 - public static final 'GL_SCISSOR_TEST' 'I' @492  3089 (c11)
 - public static final 'GL_COLOR_CLEAR_VALUE' 'I' @496  3106 (c22)
 - public static final 'GL_COLOR_WRITEMASK' 'I' @500  3107 (c23)
 - public static final 'GL_DOUBLEBUFFER' 'I' @504  3122 (c32)
 - public static final 'GL_STEREO' 'I' @508  3123 (c33)
 - public static final 'GL_LINE_SMOOTH_HINT' 'I' @512  3154 (c52)
 - public static final 'GL_POLYGON_SMOOTH_HINT' 'I' @516  3155 (c53)
 - public static final 'GL_UNPACK_SWAP_BYTES' 'I' @520  3312 (cf0)
 - public static final 'GL_UNPACK_LSB_FIRST' 'I' @524  3313 (cf1)
 - public static final 'GL_UNPACK_ROW_LENGTH' 'I' @528  3314 (cf2)
 - public static final 'GL_UNPACK_SKIP_ROWS' 'I' @532  3315 (cf3)
 - public static final 'GL_UNPACK_SKIP_PIXELS' 'I' @536  3316 (cf4)
 - public static final 'GL_UNPACK_ALIGNMENT' 'I' @540  3317 (cf5)
 - public static final 'GL_PACK_SWAP_BYTES' 'I' @544  3328 (d00)
 - public static final 'GL_PACK_LSB_FIRST' 'I' @548  3329 (d01)
 - public static final 'GL_PACK_ROW_LENGTH' 'I' @552  3330 (d02)
 - public static final 'GL_PACK_SKIP_ROWS' 'I' @556  3331 (d03)
 - public static final 'GL_PACK_SKIP_PIXELS' 'I' @560  3332 (d04)
 - public static final 'GL_PACK_ALIGNMENT' 'I' @564  3333 (d05)
 - public static final 'GL_MAX_TEXTURE_SIZE' 'I' @568  3379 (d33)
 - public static final 'GL_MAX_VIEWPORT_DIMS' 'I' @572  3386 (d3a)
 - public static final 'GL_SUBPIXEL_BITS' 'I' @576  3408 (d50)
 - public static final 'GL_TEXTURE_1D' 'I' @580  3552 (de0)
 - public static final 'GL_TEXTURE_2D' 'I' @584  3553 (de1)
 - public static final 'GL_TEXTURE_WIDTH' 'I' @588  4096 (1000)
 - public static final 'GL_TEXTURE_HEIGHT' 'I' @592  4097 (1001)
 - public static final 'GL_TEXTURE_INTERNAL_FORMAT' 'I' @596  4099 (1003)
 - public static final 'GL_TEXTURE_BORDER_COLOR' 'I' @600  4100 (1004)
 - public static final 'GL_DONT_CARE' 'I' @604  4352 (1100)
 - public static final 'GL_FASTEST' 'I' @608  4353 (1101)
 - public static final 'GL_NICEST' 'I' @612  4354 (1102)
 - public static final 'GL_CLEAR' 'I' @616  5376 (1500)
 - public static final 'GL_AND' 'I' @620  5377 (1501)
 - public static final 'GL_AND_REVERSE' 'I' @624  5378 (1502)
 - public static final 'GL_COPY' 'I' @628  5379 (1503)
 - public static final 'GL_AND_INVERTED' 'I' @632  5380 (1504)
 - public static final 'GL_NOOP' 'I' @636  5381 (1505)
 - public static final 'GL_XOR' 'I' @640  5382 (1506)
 - public static final 'GL_OR' 'I' @644  5383 (1507)
 - public static final 'GL_NOR' 'I' @648  5384 (1508)
 - public static final 'GL_EQUIV' 'I' @652  5385 (1509)
 - public static final 'GL_INVERT' 'I' @656  5386 (150a)
 - public static final 'GL_OR_REVERSE' 'I' @660  5387 (150b)
 - public static final 'GL_COPY_INVERTED' 'I' @664  5388 (150c)
 - public static final 'GL_OR_INVERTED' 'I' @668  5389 (150d)
 - public static final 'GL_NAND' 'I' @672  5390 (150e)
 - public static final 'GL_SET' 'I' @676  5391 (150f)
 - public static final 'GL_TEXTURE' 'I' @680  5890 (1702)
 - public static final 'GL_COLOR' 'I' @684  6144 (1800)
 - public static final 'GL_DEPTH' 'I' @688  6145 (1801)
 - public static final 'GL_STENCIL' 'I' @692  6146 (1802)
 - public static final 'GL_STENCIL_INDEX' 'I' @696  6401 (1901)
 - public static final 'GL_DEPTH_COMPONENT' 'I' @700  6402 (1902)
 - public static final 'GL_RED' 'I' @704  6403 (1903)
 - public static final 'GL_GREEN' 'I' @708  6404 (1904)
 - public static final 'GL_BLUE' 'I' @712  6405 (1905)
 - public static final 'GL_ALPHA' 'I' @716  6406 (1906)
 - public static final 'GL_RGB' 'I' @720  6407 (1907)
 - public static final 'GL_RGBA' 'I' @724  6408 (1908)
 - public static final 'GL_POINT' 'I' @728  6912 (1b00)
 - public static final 'GL_LINE' 'I' @732  6913 (1b01)
 - public static final 'GL_FILL' 'I' @736  6914 (1b02)
 - public static final 'GL_KEEP' 'I' @740  7680 (1e00)
 - public static final 'GL_REPLACE' 'I' @744  7681 (1e01)
 - public static final 'GL_INCR' 'I' @748  7682 (1e02)
 - public static final 'GL_DECR' 'I' @752  7683 (1e03)
 - public static final 'GL_VENDOR' 'I' @756  7936 (1f00)
 - public static final 'GL_RENDERER' 'I' @760  7937 (1f01)
 - public static final 'GL_VERSION' 'I' @764  7938 (1f02)
 - public static final 'GL_EXTENSIONS' 'I' @768  7939 (1f03)
 - public static final 'GL_NEAREST' 'I' @772  9728 (2600)
 - public static final 'GL_LINEAR' 'I' @776  9729 (2601)
 - public static final 'GL_NEAREST_MIPMAP_NEAREST' 'I' @780  9984 (2700)
 - public static final 'GL_LINEAR_MIPMAP_NEAREST' 'I' @784  9985 (2701)
 - public static final 'GL_NEAREST_MIPMAP_LINEAR' 'I' @788  9986 (2702)
 - public static final 'GL_LINEAR_MIPMAP_LINEAR' 'I' @792  9987 (2703)
 - public static final 'GL_TEXTURE_MAG_FILTER' 'I' @796  10240 (2800)
 - public static final 'GL_TEXTURE_MIN_FILTER' 'I' @800  10241 (2801)
 - public static final 'GL_TEXTURE_WRAP_S' 'I' @804  10242 (2802)
 - public static final 'GL_TEXTURE_WRAP_T' 'I' @808  10243 (2803)
 - public static final 'GL_REPEAT' 'I' @812  10497 (2901)
 - public static final 'GL_POLYGON_OFFSET_FACTOR' 'I' @816  32824 (8038)
 - public static final 'GL_POLYGON_OFFSET_UNITS' 'I' @820  10752 (2a00)
 - public static final 'GL_POLYGON_OFFSET_POINT' 'I' @824  10753 (2a01)
 - public static final 'GL_POLYGON_OFFSET_LINE' 'I' @828  10754 (2a02)
 - public static final 'GL_POLYGON_OFFSET_FILL' 'I' @832  32823 (8037)
 - public static final 'GL_R3_G3_B2' 'I' @836  10768 (2a10)
 - public static final 'GL_RGB4' 'I' @840  32847 (804f)
 - public static final 'GL_RGB5' 'I' @844  32848 (8050)
 - public static final 'GL_RGB8' 'I' @848  32849 (8051)
 - public static final 'GL_RGB10' 'I' @852  32850 (8052)
 - public static final 'GL_RGB12' 'I' @856  32851 (8053)
 - public static final 'GL_RGB16' 'I' @860  32852 (8054)
 - public static final 'GL_RGBA2' 'I' @864  32853 (8055)
 - public static final 'GL_RGBA4' 'I' @868  32854 (8056)
 - public static final 'GL_RGB5_A1' 'I' @872  32855 (8057)
 - public static final 'GL_RGBA8' 'I' @876  32856 (8058)
 - public static final 'GL_RGB10_A2' 'I' @880  32857 (8059)
 - public static final 'GL_RGBA12' 'I' @884  32858 (805a)
 - public static final 'GL_RGBA16' 'I' @888  32859 (805b)
 - public static final 'GL_TEXTURE_RED_SIZE' 'I' @892  32860 (805c)
 - public static final 'GL_TEXTURE_GREEN_SIZE' 'I' @896  32861 (805d)
 - public static final 'GL_TEXTURE_BLUE_SIZE' 'I' @900  32862 (805e)
 - public static final 'GL_TEXTURE_ALPHA_SIZE' 'I' @904  32863 (805f)
 - public static final 'GL_PROXY_TEXTURE_1D' 'I' @908  32867 (8063)
 - public static final 'GL_PROXY_TEXTURE_2D' 'I' @912  32868 (8064)
 - public static final 'GL_TEXTURE_BINDING_1D' 'I' @916  32872 (8068)
 - public static final 'GL_TEXTURE_BINDING_2D' 'I' @920  32873 (8069)
 - public static final 'GL_VERTEX_ARRAY' 'I' @924  32884 (8074)
R12=0x0 is NULL
R13=0x00000169664b51d8 is pointing into metadata
R14=0x00000057cd0ff270 is pointing into the stack for thread: 0x000001697867af40
R15=0x000001697867af40 is a thread


Top of Stack: (sp=0x00000057cd0ff1a8)
0x00000057cd0ff1a8:   000001690ed1d621 00000057cd0ff798
0x00000057cd0ff1b8:   000001690ed1d33c 00000169664b51e0
0x00000057cd0ff1c8:   00000057cd0ff790 3ff0000000000000
0x00000057cd0ff1d8:   0000016900000000 00000057cd0ff790
0x00000057cd0ff1e8:   000001690ed1d2f6 00000057cd0ff1f0
0x00000057cd0ff1f8:   00000169664b51d8 00000057cd0ff270
0x00000057cd0ff208:   00000169664c0000 0000000000000000
0x00000057cd0ff218:   000000065dd89fe0 00000169664b51e0
0x00000057cd0ff228:   0000000000000000 00000057cd0ff258
0x00000057cd0ff238:   00000057cd0ff2c0 000001690ed194fe
0x00000057cd0ff248:   000000065dd89fe0 000001690ed1af78
0x00000057cd0ff258:   0000005700000000 0000016900000000
0x00000057cd0ff268:   0000016900000000 0000016900000000
0x00000057cd0ff278:   00000057cd0ff278 0000016966406b1c
0x00000057cd0ff288:   00000057cd0ff2e8 0000016966438000
0x00000057cd0ff298:   0000000000000000 000000065e1f74c0 

Instructions: (pc=0x00007ffd47efc5b9)
0x00007ffd47efc4b9:   cc cc cc cc cc cc cc 48 8b 01 49 8b c8 48 8b 50
0x00007ffd47efc4c9:   18 48 ff a2 60 0a 00 00 cc cc cc cc cc cc cc cc
0x00007ffd47efc4d9:   cc cc cc cc cc cc cc 48 8b 01 49 8b c8 48 8b 50
0x00007ffd47efc4e9:   18 48 ff a2 68 0a 00 00 cc cc cc cc cc cc cc cc
0x00007ffd47efc4f9:   cc cc cc cc cc cc cc 40 53 48 8b 01 41 8b d8 44
0x00007ffd47efc509:   8b 44 24 30 41 8b d1 4c 8b 4c 24 38 8b cb 4c 8b
0x00007ffd47efc519:   50 18 5b 49 ff a2 70 0a 00 00 cc cc cc cc cc cc
0x00007ffd47efc529:   cc cc cc cc cc cc cc 48 8b 01 41 8b c8 48 8b 50
0x00007ffd47efc539:   18 48 ff 22 cc cc cc 48 8b 01 41 8b c8 48 8b 50
0x00007ffd47efc549:   18 48 ff 62 08 cc cc 48 8b 01 41 8b d1 41 8b c8
0x00007ffd47efc559:   4c 8b 50 18 49 ff 62 38 cc cc cc cc cc cc cc cc
0x00007ffd47efc569:   cc cc cc cc cc cc cc 48 8b 01 41 8b d1 41 8b c8
0x00007ffd47efc579:   4c 8b 50 18 49 ff 62 48 cc cc cc cc cc cc cc cc
0x00007ffd47efc589:   cc cc cc cc cc cc cc 48 8b 01 41 8b c8 48 8b 50
0x00007ffd47efc599:   18 48 ff 62 60 cc cc 48 8b 01 0f 28 cb f3 0f 10
0x00007ffd47efc5a9:   5c 24 30 0f 28 c2 f3 0f 10 54 24 28 48 8b 48 18
0x00007ffd47efc5b9:   48 ff 61 70 cc cc cc 48 8b 01 0f 28 c2 48 8b 48
0x00007ffd47efc5c9:   18 48 ff 61 78 cc cc 48 8b 01 41 8b c8 48 8b 50
0x00007ffd47efc5d9:   18 48 ff a2 88 00 00 00 cc cc cc cc cc cc cc cc
0x00007ffd47efc5e9:   cc cc cc cc cc cc cc 40 53 48 8b 01 41 0f b6 d8
0x00007ffd47efc5f9:   44 0f b6 44 24 30 41 0f b6 d1 44 0f b6 4c 24 38
0x00007ffd47efc609:   0f b6 cb 4c 8b 50 18 5b 49 ff a2 98 01 00 00 cc
0x00007ffd47efc619:   cc cc cc cc cc cc cc 48 8b 01 41 8b c8 48 8b 50
0x00007ffd47efc629:   18 48 ff a2 b8 01 00 00 cc cc cc cc cc cc cc cc
0x00007ffd47efc639:   cc cc cc cc cc cc cc 48 8b 01 41 8b c8 48 8b 50
0x00007ffd47efc649:   18 48 ff a2 c8 01 00 00 cc cc cc cc cc cc cc cc
0x00007ffd47efc659:   cc cc cc cc cc cc cc 48 8b 01 41 0f b6 c8 48 8b
0x00007ffd47efc669:   50 18 48 ff a2 d0 01 00 00 cc cc cc cc cc cc cc
0x00007ffd47efc679:   cc cc cc cc cc cc cc 48 8b 01 0f 28 cb 0f 28 c2
0x00007ffd47efc689:   48 8b 48 18 48 ff a1 d8 01 00 00 cc cc cc cc cc
0x00007ffd47efc699:   cc cc cc cc cc cc cc 48 8b 01 45 8b d8 44 8b 44
0x00007ffd47efc6a9:   24 28 41 8b d1 41 8b cb 4c 8b 50 18 49 ff a2 e8 


Stack slot to memory mapping:
stack at sp + 0 slots: 0x000001690ed1d621 is at code_begin+993 in an Interpreter codelet
method entry point (kind = native)  [0x000001690ed1d240, 0x000001690ed1dbc0]  2432 bytes
stack at sp + 1 slots: 0x00000057cd0ff798 is pointing into the stack for thread: 0x000001697867af40
stack at sp + 2 slots: 0x000001690ed1d33c is at code_begin+252 in an Interpreter codelet
method entry point (kind = native)  [0x000001690ed1d240, 0x000001690ed1dbc0]  2432 bytes
stack at sp + 3 slots: {method} {0x00000169664b51e8} 'glClearColor' '(FFFF)V' in 'org/lwjgl/opengl/GL11C'
stack at sp + 4 slots: 0x00000057cd0ff790 is pointing into the stack for thread: 0x000001697867af40
stack at sp + 5 slots: 0x3ff0000000000000 is an unknown value
stack at sp + 6 slots: 0x0000016900000000 points into unknown readable memory: 0x00010000cafedada | da da fe ca 00 00 01 00
stack at sp + 7 slots: 0x00000057cd0ff790 is pointing into the stack for thread: 0x000001697867af40


---------------  P R O C E S S  ---------------

Threads class SMR info:
_java_thread_list=0x0000016924eaac90, length=13, elements={
0x000001697867af40, 0x000001697fee9d50, 0x000001697feebaf0, 0x000001697ff02130,
0x000001697ff02c00, 0x000001697ff036d0, 0x000001697ff05fb0, 0x000001697ff06bb0,
0x000001697ff07570, 0x000001697ff13eb0, 0x0000016924c81410, 0x0000016924c89600,
0x000001696a201600
}

Java Threads: ( => current thread )
=>0x000001697867af40 JavaThread "main" [_thread_in_native, id=4876, stack(0x00000057cd000000,0x00000057cd100000)]
  0x000001697fee9d50 JavaThread "Reference Handler" daemon [_thread_blocked, id=15924, stack(0x00000057cd700000,0x00000057cd800000)]
  0x000001697feebaf0 JavaThread "Finalizer" daemon [_thread_blocked, id=19684, stack(0x00000057cd800000,0x00000057cd900000)]
  0x000001697ff02130 JavaThread "Signal Dispatcher" daemon [_thread_blocked, id=13356, stack(0x00000057cd900000,0x00000057cda00000)]
  0x000001697ff02c00 JavaThread "Attach Listener" daemon [_thread_blocked, id=13308, stack(0x00000057cda00000,0x00000057cdb00000)]
  0x000001697ff036d0 JavaThread "Service Thread" daemon [_thread_blocked, id=2908, stack(0x00000057cdb00000,0x00000057cdc00000)]
  0x000001697ff05fb0 JavaThread "Monitor Deflation Thread" daemon [_thread_blocked, id=22112, stack(0x00000057cdc00000,0x00000057cdd00000)]
  0x000001697ff06bb0 JavaThread "C2 CompilerThread0" daemon [_thread_blocked, id=6748, stack(0x00000057cdd00000,0x00000057cde00000)]
  0x000001697ff07570 JavaThread "C1 CompilerThread0" daemon [_thread_blocked, id=23740, stack(0x00000057cde00000,0x00000057cdf00000)]
  0x000001697ff13eb0 JavaThread "Sweeper thread" daemon [_thread_blocked, id=17816, stack(0x00000057cdf00000,0x00000057ce000000)]
  0x0000016924c81410 JavaThread "Notification Thread" daemon [_thread_blocked, id=11740, stack(0x00000057ce000000,0x00000057ce100000)]
  0x0000016924c89600 JavaThread "Common-Cleaner" daemon [_thread_blocked, id=2972, stack(0x00000057ce200000,0x00000057ce300000)]
  0x000001696a201600 JavaThread "C2 CompilerThread1" daemon [_thread_blocked, id=24060, stack(0x00000057ce300000,0x00000057ce400000)]

Other Threads:
  0x000001697fee1c80 VMThread "VM Thread" [stack: 0x00000057cd600000,0x00000057cd700000] [id=19464]
  0x0000016924c84120 WatcherThread [stack: 0x00000057ce100000,0x00000057ce200000] [id=18580]
  0x00000169787bc8c0 GCTaskThread "GC Thread#0" [stack: 0x00000057cd100000,0x00000057cd200000] [id=3192]
  0x00000169787cb6e0 ConcurrentGCThread "G1 Main Marker" [stack: 0x00000057cd200000,0x00000057cd300000] [id=20832]
  0x00000169787cc890 ConcurrentGCThread "G1 Conc#0" [stack: 0x00000057cd300000,0x00000057cd400000] [id=7988]
  0x000001697fe1c500 ConcurrentGCThread "G1 Refine#0" [stack: 0x00000057cd400000,0x00000057cd500000] [id=340]
  0x000001697fe1cf30 ConcurrentGCThread "G1 Service" [stack: 0x00000057cd500000,0x00000057cd600000] [id=1428]

Threads with active compile tasks:

VM state: not at safepoint (normal execution)

VM Mutex/Monitor currently owned by a thread: None

Heap address: 0x0000000642400000, size: 7132 MB, Compressed Oops mode: Zero based, Oop shift amount: 3

CDS archive(s) mapped at: [0x0000016925000000-0x0000016925bd0000-0x0000016925bd0000), size 12386304, SharedBaseAddress: 0x0000016925000000, ArchiveRelocationMode: 1.
Compressed class space mapped at: 0x0000016926000000-0x0000016966000000, reserved size: 1073741824
Narrow klass base: 0x0000016925000000, Narrow klass shift: 0, Narrow klass range: 0x100000000

GC Precious Log:
 CPUs: 12 total, 12 available
 Memory: 28524M
 Large Page Support: Disabled
 NUMA Support: Disabled
 Compressed Oops: Enabled (Zero based)
 Heap Region Size: 4M
 Heap Min Capacity: 8M
 Heap Initial Capacity: 448M
 Heap Max Capacity: 7132M
 Pre-touch: Disabled
 Parallel Workers: 10
 Concurrent Workers: 3
 Concurrent Refinement Workers: 10
 Periodic GC: Disabled

Heap:
 garbage-first heap   total 458752K, used 4096K [0x0000000642400000, 0x0000000800000000)
  region size 4096K, 2 young (8192K), 0 survivors (0K)
 Metaspace       used 2410K, committed 2624K, reserved 1114112K
  class space    used 189K, committed 320K, reserved 1048576K

Heap Regions: E=young(eden), S=young(survivor), O=old, HS=humongous(starts), HC=humongous(continues), CS=collection set, F=free, OA=open archive, CA=closed archive, TAMS=top-at-mark-start (previous, next)
|   0|0x0000000642400000, 0x0000000642400000, 0x0000000642800000|  0%| F|  |TAMS 0x0000000642400000, 0x0000000642400000| Untracked 
|   1|0x0000000642800000, 0x0000000642800000, 0x0000000642c00000|  0%| F|  |TAMS 0x0000000642800000, 0x0000000642800000| Untracked 
|   2|0x0000000642c00000, 0x0000000642c00000, 0x0000000643000000|  0%| F|  |TAMS 0x0000000642c00000, 0x0000000642c00000| Untracked 
|   3|0x0000000643000000, 0x0000000643000000, 0x0000000643400000|  0%| F|  |TAMS 0x0000000643000000, 0x0000000643000000| Untracked 
|   4|0x0000000643400000, 0x0000000643400000, 0x0000000643800000|  0%| F|  |TAMS 0x0000000643400000, 0x0000000643400000| Untracked 
|   5|0x0000000643800000, 0x0000000643800000, 0x0000000643c00000|  0%| F|  |TAMS 0x0000000643800000, 0x0000000643800000| Untracked 
|   6|0x0000000643c00000, 0x0000000643c00000, 0x0000000644000000|  0%| F|  |TAMS 0x0000000643c00000, 0x0000000643c00000| Untracked 
|   7|0x0000000644000000, 0x0000000644000000, 0x0000000644400000|  0%| F|  |TAMS 0x0000000644000000, 0x0000000644000000| Untracked 
|   8|0x0000000644400000, 0x0000000644400000, 0x0000000644800000|  0%| F|  |TAMS 0x0000000644400000, 0x0000000644400000| Untracked 
|   9|0x0000000644800000, 0x0000000644800000, 0x0000000644c00000|  0%| F|  |TAMS 0x0000000644800000, 0x0000000644800000| Untracked 
|  10|0x0000000644c00000, 0x0000000644c00000, 0x0000000645000000|  0%| F|  |TAMS 0x0000000644c00000, 0x0000000644c00000| Untracked 
|  11|0x0000000645000000, 0x0000000645000000, 0x0000000645400000|  0%| F|  |TAMS 0x0000000645000000, 0x0000000645000000| Untracked 
|  12|0x0000000645400000, 0x0000000645400000, 0x0000000645800000|  0%| F|  |TAMS 0x0000000645400000, 0x0000000645400000| Untracked 
|  13|0x0000000645800000, 0x0000000645800000, 0x0000000645c00000|  0%| F|  |TAMS 0x0000000645800000, 0x0000000645800000| Untracked 
|  14|0x0000000645c00000, 0x0000000645c00000, 0x0000000646000000|  0%| F|  |TAMS 0x0000000645c00000, 0x0000000645c00000| Untracked 
|  15|0x0000000646000000, 0x0000000646000000, 0x0000000646400000|  0%| F|  |TAMS 0x0000000646000000, 0x0000000646000000| Untracked 
|  16|0x0000000646400000, 0x0000000646400000, 0x0000000646800000|  0%| F|  |TAMS 0x0000000646400000, 0x0000000646400000| Untracked 
|  17|0x0000000646800000, 0x0000000646800000, 0x0000000646c00000|  0%| F|  |TAMS 0x0000000646800000, 0x0000000646800000| Untracked 
|  18|0x0000000646c00000, 0x0000000646c00000, 0x0000000647000000|  0%| F|  |TAMS 0x0000000646c00000, 0x0000000646c00000| Untracked 
|  19|0x0000000647000000, 0x0000000647000000, 0x0000000647400000|  0%| F|  |TAMS 0x0000000647000000, 0x0000000647000000| Untracked 
|  20|0x0000000647400000, 0x0000000647400000, 0x0000000647800000|  0%| F|  |TAMS 0x0000000647400000, 0x0000000647400000| Untracked 
|  21|0x0000000647800000, 0x0000000647800000, 0x0000000647c00000|  0%| F|  |TAMS 0x0000000647800000, 0x0000000647800000| Untracked 
|  22|0x0000000647c00000, 0x0000000647c00000, 0x0000000648000000|  0%| F|  |TAMS 0x0000000647c00000, 0x0000000647c00000| Untracked 
|  23|0x0000000648000000, 0x0000000648000000, 0x0000000648400000|  0%| F|  |TAMS 0x0000000648000000, 0x0000000648000000| Untracked 
|  24|0x0000000648400000, 0x0000000648400000, 0x0000000648800000|  0%| F|  |TAMS 0x0000000648400000, 0x0000000648400000| Untracked 
|  25|0x0000000648800000, 0x0000000648800000, 0x0000000648c00000|  0%| F|  |TAMS 0x0000000648800000, 0x0000000648800000| Untracked 
|  26|0x0000000648c00000, 0x0000000648c00000, 0x0000000649000000|  0%| F|  |TAMS 0x0000000648c00000, 0x0000000648c00000| Untracked 
|  27|0x0000000649000000, 0x0000000649000000, 0x0000000649400000|  0%| F|  |TAMS 0x0000000649000000, 0x0000000649000000| Untracked 
|  28|0x0000000649400000, 0x0000000649400000, 0x0000000649800000|  0%| F|  |TAMS 0x0000000649400000, 0x0000000649400000| Untracked 
|  29|0x0000000649800000, 0x0000000649800000, 0x0000000649c00000|  0%| F|  |TAMS 0x0000000649800000, 0x0000000649800000| Untracked 
|  30|0x0000000649c00000, 0x0000000649c00000, 0x000000064a000000|  0%| F|  |TAMS 0x0000000649c00000, 0x0000000649c00000| Untracked 
|  31|0x000000064a000000, 0x000000064a000000, 0x000000064a400000|  0%| F|  |TAMS 0x000000064a000000, 0x000000064a000000| Untracked 
|  32|0x000000064a400000, 0x000000064a400000, 0x000000064a800000|  0%| F|  |TAMS 0x000000064a400000, 0x000000064a400000| Untracked 
|  33|0x000000064a800000, 0x000000064a800000, 0x000000064ac00000|  0%| F|  |TAMS 0x000000064a800000, 0x000000064a800000| Untracked 
|  34|0x000000064ac00000, 0x000000064ac00000, 0x000000064b000000|  0%| F|  |TAMS 0x000000064ac00000, 0x000000064ac00000| Untracked 
|  35|0x000000064b000000, 0x000000064b000000, 0x000000064b400000|  0%| F|  |TAMS 0x000000064b000000, 0x000000064b000000| Untracked 
|  36|0x000000064b400000, 0x000000064b400000, 0x000000064b800000|  0%| F|  |TAMS 0x000000064b400000, 0x000000064b400000| Untracked 
|  37|0x000000064b800000, 0x000000064b800000, 0x000000064bc00000|  0%| F|  |TAMS 0x000000064b800000, 0x000000064b800000| Untracked 
|  38|0x000000064bc00000, 0x000000064bc00000, 0x000000064c000000|  0%| F|  |TAMS 0x000000064bc00000, 0x000000064bc00000| Untracked 
|  39|0x000000064c000000, 0x000000064c000000, 0x000000064c400000|  0%| F|  |TAMS 0x000000064c000000, 0x000000064c000000| Untracked 
|  40|0x000000064c400000, 0x000000064c400000, 0x000000064c800000|  0%| F|  |TAMS 0x000000064c400000, 0x000000064c400000| Untracked 
|  41|0x000000064c800000, 0x000000064c800000, 0x000000064cc00000|  0%| F|  |TAMS 0x000000064c800000, 0x000000064c800000| Untracked 
|  42|0x000000064cc00000, 0x000000064cc00000, 0x000000064d000000|  0%| F|  |TAMS 0x000000064cc00000, 0x000000064cc00000| Untracked 
|  43|0x000000064d000000, 0x000000064d000000, 0x000000064d400000|  0%| F|  |TAMS 0x000000064d000000, 0x000000064d000000| Untracked 
|  44|0x000000064d400000, 0x000000064d400000, 0x000000064d800000|  0%| F|  |TAMS 0x000000064d400000, 0x000000064d400000| Untracked 
|  45|0x000000064d800000, 0x000000064d800000, 0x000000064dc00000|  0%| F|  |TAMS 0x000000064d800000, 0x000000064d800000| Untracked 
|  46|0x000000064dc00000, 0x000000064dc00000, 0x000000064e000000|  0%| F|  |TAMS 0x000000064dc00000, 0x000000064dc00000| Untracked 
|  47|0x000000064e000000, 0x000000064e000000, 0x000000064e400000|  0%| F|  |TAMS 0x000000064e000000, 0x000000064e000000| Untracked 
|  48|0x000000064e400000, 0x000000064e400000, 0x000000064e800000|  0%| F|  |TAMS 0x000000064e400000, 0x000000064e400000| Untracked 
|  49|0x000000064e800000, 0x000000064e800000, 0x000000064ec00000|  0%| F|  |TAMS 0x000000064e800000, 0x000000064e800000| Untracked 
|  50|0x000000064ec00000, 0x000000064ec00000, 0x000000064f000000|  0%| F|  |TAMS 0x000000064ec00000, 0x000000064ec00000| Untracked 
|  51|0x000000064f000000, 0x000000064f000000, 0x000000064f400000|  0%| F|  |TAMS 0x000000064f000000, 0x000000064f000000| Untracked 
|  52|0x000000064f400000, 0x000000064f400000, 0x000000064f800000|  0%| F|  |TAMS 0x000000064f400000, 0x000000064f400000| Untracked 
|  53|0x000000064f800000, 0x000000064f800000, 0x000000064fc00000|  0%| F|  |TAMS 0x000000064f800000, 0x000000064f800000| Untracked 
|  54|0x000000064fc00000, 0x000000064fc00000, 0x0000000650000000|  0%| F|  |TAMS 0x000000064fc00000, 0x000000064fc00000| Untracked 
|  55|0x0000000650000000, 0x0000000650000000, 0x0000000650400000|  0%| F|  |TAMS 0x0000000650000000, 0x0000000650000000| Untracked 
|  56|0x0000000650400000, 0x0000000650400000, 0x0000000650800000|  0%| F|  |TAMS 0x0000000650400000, 0x0000000650400000| Untracked 
|  57|0x0000000650800000, 0x0000000650800000, 0x0000000650c00000|  0%| F|  |TAMS 0x0000000650800000, 0x0000000650800000| Untracked 
|  58|0x0000000650c00000, 0x0000000650c00000, 0x0000000651000000|  0%| F|  |TAMS 0x0000000650c00000, 0x0000000650c00000| Untracked 
|  59|0x0000000651000000, 0x0000000651000000, 0x0000000651400000|  0%| F|  |TAMS 0x0000000651000000, 0x0000000651000000| Untracked 
|  60|0x0000000651400000, 0x0000000651400000, 0x0000000651800000|  0%| F|  |TAMS 0x0000000651400000, 0x0000000651400000| Untracked 
|  61|0x0000000651800000, 0x0000000651800000, 0x0000000651c00000|  0%| F|  |TAMS 0x0000000651800000, 0x0000000651800000| Untracked 
|  62|0x0000000651c00000, 0x0000000651c00000, 0x0000000652000000|  0%| F|  |TAMS 0x0000000651c00000, 0x0000000651c00000| Untracked 
|  63|0x0000000652000000, 0x0000000652000000, 0x0000000652400000|  0%| F|  |TAMS 0x0000000652000000, 0x0000000652000000| Untracked 
|  64|0x0000000652400000, 0x0000000652400000, 0x0000000652800000|  0%| F|  |TAMS 0x0000000652400000, 0x0000000652400000| Untracked 
|  65|0x0000000652800000, 0x0000000652800000, 0x0000000652c00000|  0%| F|  |TAMS 0x0000000652800000, 0x0000000652800000| Untracked 
|  66|0x0000000652c00000, 0x0000000652c00000, 0x0000000653000000|  0%| F|  |TAMS 0x0000000652c00000, 0x0000000652c00000| Untracked 
|  67|0x0000000653000000, 0x0000000653000000, 0x0000000653400000|  0%| F|  |TAMS 0x0000000653000000, 0x0000000653000000| Untracked 
|  68|0x0000000653400000, 0x0000000653400000, 0x0000000653800000|  0%| F|  |TAMS 0x0000000653400000, 0x0000000653400000| Untracked 
|  69|0x0000000653800000, 0x0000000653800000, 0x0000000653c00000|  0%| F|  |TAMS 0x0000000653800000, 0x0000000653800000| Untracked 
|  70|0x0000000653c00000, 0x0000000653c00000, 0x0000000654000000|  0%| F|  |TAMS 0x0000000653c00000, 0x0000000653c00000| Untracked 
|  71|0x0000000654000000, 0x0000000654000000, 0x0000000654400000|  0%| F|  |TAMS 0x0000000654000000, 0x0000000654000000| Untracked 
|  72|0x0000000654400000, 0x0000000654400000, 0x0000000654800000|  0%| F|  |TAMS 0x0000000654400000, 0x0000000654400000| Untracked 
|  73|0x0000000654800000, 0x0000000654800000, 0x0000000654c00000|  0%| F|  |TAMS 0x0000000654800000, 0x0000000654800000| Untracked 
|  74|0x0000000654c00000, 0x0000000654c00000, 0x0000000655000000|  0%| F|  |TAMS 0x0000000654c00000, 0x0000000654c00000| Untracked 
|  75|0x0000000655000000, 0x0000000655000000, 0x0000000655400000|  0%| F|  |TAMS 0x0000000655000000, 0x0000000655000000| Untracked 
|  76|0x0000000655400000, 0x0000000655400000, 0x0000000655800000|  0%| F|  |TAMS 0x0000000655400000, 0x0000000655400000| Untracked 
|  77|0x0000000655800000, 0x0000000655800000, 0x0000000655c00000|  0%| F|  |TAMS 0x0000000655800000, 0x0000000655800000| Untracked 
|  78|0x0000000655c00000, 0x0000000655c00000, 0x0000000656000000|  0%| F|  |TAMS 0x0000000655c00000, 0x0000000655c00000| Untracked 
|  79|0x0000000656000000, 0x0000000656000000, 0x0000000656400000|  0%| F|  |TAMS 0x0000000656000000, 0x0000000656000000| Untracked 
|  80|0x0000000656400000, 0x0000000656400000, 0x0000000656800000|  0%| F|  |TAMS 0x0000000656400000, 0x0000000656400000| Untracked 
|  81|0x0000000656800000, 0x0000000656800000, 0x0000000656c00000|  0%| F|  |TAMS 0x0000000656800000, 0x0000000656800000| Untracked 
|  82|0x0000000656c00000, 0x0000000656c00000, 0x0000000657000000|  0%| F|  |TAMS 0x0000000656c00000, 0x0000000656c00000| Untracked 
|  83|0x0000000657000000, 0x0000000657000000, 0x0000000657400000|  0%| F|  |TAMS 0x0000000657000000, 0x0000000657000000| Untracked 
|  84|0x0000000657400000, 0x0000000657400000, 0x0000000657800000|  0%| F|  |TAMS 0x0000000657400000, 0x0000000657400000| Untracked 
|  85|0x0000000657800000, 0x0000000657800000, 0x0000000657c00000|  0%| F|  |TAMS 0x0000000657800000, 0x0000000657800000| Untracked 
|  86|0x0000000657c00000, 0x0000000657c00000, 0x0000000658000000|  0%| F|  |TAMS 0x0000000657c00000, 0x0000000657c00000| Untracked 
|  87|0x0000000658000000, 0x0000000658000000, 0x0000000658400000|  0%| F|  |TAMS 0x0000000658000000, 0x0000000658000000| Untracked 
|  88|0x0000000658400000, 0x0000000658400000, 0x0000000658800000|  0%| F|  |TAMS 0x0000000658400000, 0x0000000658400000| Untracked 
|  89|0x0000000658800000, 0x0000000658800000, 0x0000000658c00000|  0%| F|  |TAMS 0x0000000658800000, 0x0000000658800000| Untracked 
|  90|0x0000000658c00000, 0x0000000658c00000, 0x0000000659000000|  0%| F|  |TAMS 0x0000000658c00000, 0x0000000658c00000| Untracked 
|  91|0x0000000659000000, 0x0000000659000000, 0x0000000659400000|  0%| F|  |TAMS 0x0000000659000000, 0x0000000659000000| Untracked 
|  92|0x0000000659400000, 0x0000000659400000, 0x0000000659800000|  0%| F|  |TAMS 0x0000000659400000, 0x0000000659400000| Untracked 
|  93|0x0000000659800000, 0x0000000659800000, 0x0000000659c00000|  0%| F|  |TAMS 0x0000000659800000, 0x0000000659800000| Untracked 
|  94|0x0000000659c00000, 0x0000000659c00000, 0x000000065a000000|  0%| F|  |TAMS 0x0000000659c00000, 0x0000000659c00000| Untracked 
|  95|0x000000065a000000, 0x000000065a000000, 0x000000065a400000|  0%| F|  |TAMS 0x000000065a000000, 0x000000065a000000| Untracked 
|  96|0x000000065a400000, 0x000000065a400000, 0x000000065a800000|  0%| F|  |TAMS 0x000000065a400000, 0x000000065a400000| Untracked 
|  97|0x000000065a800000, 0x000000065a800000, 0x000000065ac00000|  0%| F|  |TAMS 0x000000065a800000, 0x000000065a800000| Untracked 
|  98|0x000000065ac00000, 0x000000065ac00000, 0x000000065b000000|  0%| F|  |TAMS 0x000000065ac00000, 0x000000065ac00000| Untracked 
|  99|0x000000065b000000, 0x000000065b000000, 0x000000065b400000|  0%| F|  |TAMS 0x000000065b000000, 0x000000065b000000| Untracked 
| 100|0x000000065b400000, 0x000000065b400000, 0x000000065b800000|  0%| F|  |TAMS 0x000000065b400000, 0x000000065b400000| Untracked 
| 101|0x000000065b800000, 0x000000065b800000, 0x000000065bc00000|  0%| F|  |TAMS 0x000000065b800000, 0x000000065b800000| Untracked 
| 102|0x000000065bc00000, 0x000000065bc00000, 0x000000065c000000|  0%| F|  |TAMS 0x000000065bc00000, 0x000000065bc00000| Untracked 
| 103|0x000000065c000000, 0x000000065c000000, 0x000000065c400000|  0%| F|  |TAMS 0x000000065c000000, 0x000000065c000000| Untracked 
| 104|0x000000065c400000, 0x000000065c400000, 0x000000065c800000|  0%| F|  |TAMS 0x000000065c400000, 0x000000065c400000| Untracked 
| 105|0x000000065c800000, 0x000000065c800000, 0x000000065cc00000|  0%| F|  |TAMS 0x000000065c800000, 0x000000065c800000| Untracked 
| 106|0x000000065cc00000, 0x000000065cc00000, 0x000000065d000000|  0%| F|  |TAMS 0x000000065cc00000, 0x000000065cc00000| Untracked 
| 107|0x000000065d000000, 0x000000065d000000, 0x000000065d400000|  0%| F|  |TAMS 0x000000065d000000, 0x000000065d000000| Untracked 
| 108|0x000000065d400000, 0x000000065d400000, 0x000000065d800000|  0%| F|  |TAMS 0x000000065d400000, 0x000000065d400000| Untracked 
| 109|0x000000065d800000, 0x000000065d800000, 0x000000065dc00000|  0%| F|  |TAMS 0x000000065d800000, 0x000000065d800000| Untracked 
| 110|0x000000065dc00000, 0x000000065dd9fb08, 0x000000065e000000| 40%| E|  |TAMS 0x000000065dc00000, 0x000000065dc00000| Complete 
| 111|0x000000065e000000, 0x000000065e400000, 0x000000065e400000|100%| E|CS|TAMS 0x000000065e000000, 0x000000065e000000| Complete 

Card table byte_map: [0x000001697ba80000,0x000001697c870000] _byte_map_base: 0x000001697886e000

Marking Bits (Prev, Next): (CMBitMap*) 0x00000169787bcee0, (CMBitMap*) 0x00000169787bcf20
 Prev Bits: [0x00000169167e0000, 0x000001691d750000)
 Next Bits: [0x000001691d750000, 0x00000169246c0000)

Polling page: 0x0000016978570000

Metaspace:

Usage:
  Non-class:      2.17 MB used.
      Class:    189.85 KB used.
       Both:      2.35 MB used.

Virtual space:
  Non-class space:       64.00 MB reserved,       2.25 MB (  4%) committed,  1 nodes.
      Class space:        1.00 GB reserved,     320.00 KB ( <1%) committed,  1 nodes.
             Both:        1.06 GB reserved,       2.56 MB ( <1%) committed. 

Chunk freelists:
   Non-Class:  11.23 MB
       Class:  15.67 MB
        Both:  26.90 MB

MaxMetaspaceSize: unlimited
CompressedClassSpaceSize: 1.00 GB
Initial GC threshold: 21.00 MB
Current GC threshold: 21.00 MB
CDS: on
MetaspaceReclaimPolicy: balanced
 - commit_granule_bytes: 65536.
 - commit_granule_words: 8192.
 - virtual_space_node_default_size: 8388608.
 - enlarge_chunks_in_place: 1.
 - new_chunks_are_fully_committed: 0.
 - uncommit_free_chunks: 1.
 - use_allocation_guard: 0.
 - handle_deallocations: 1.


Internal statistics:

num_allocs_failed_limit: 0.
num_arena_births: 62.
num_arena_deaths: 0.
num_vsnodes_births: 2.
num_vsnodes_deaths: 0.
num_space_committed: 41.
num_space_uncommitted: 0.
num_chunks_returned_to_freelist: 0.
num_chunks_taken_from_freelist: 111.
num_chunk_merges: 0.
num_chunk_splits: 70.
num_chunks_enlarged: 40.
num_inconsistent_stats: 0.

CodeHeap 'non-profiled nmethods': size=120000Kb used=154Kb max_used=154Kb free=119845Kb
 bounds [0x000001690f2b0000, 0x000001690f520000, 0x00000169167e0000]
CodeHeap 'profiled nmethods': size=120000Kb used=748Kb max_used=748Kb free=119251Kb
 bounds [0x00000169077e0000, 0x0000016907a50000, 0x000001690ed10000]
CodeHeap 'non-nmethods': size=5760Kb used=1156Kb max_used=1170Kb free=4603Kb
 bounds [0x000001690ed10000, 0x000001690ef80000, 0x000001690f2b0000]
 total_blobs=939 nmethods=491 adapters=361
 compilation: enabled
              stopped_count=0, restarted_count=0
 full_count=0

Compilation events (20 events):
Event: 0.164 Thread 0x000001697ff07570  482   !   3       jdk.internal.loader.URLClassPath$JarLoader::getResource (65 bytes)
Event: 0.165 Thread 0x000001697ff07570 nmethod 482 0x0000016907898990 code [0x0000016907898be0, 0x0000016907899668]
Event: 0.165 Thread 0x000001697ff07570  484       3       java.lang.Integer::toUnsignedLong (7 bytes)
Event: 0.165 Thread 0x000001697ff07570 nmethod 484 0x0000016907899a10 code [0x0000016907899ba0, 0x0000016907899c98]
Event: 0.165 Thread 0x000001697ff07570  486       3       sun.misc.Unsafe::putLong (11 bytes)
Event: 0.165 Thread 0x000001697ff07570 nmethod 486 0x0000016907899d10 code [0x0000016907899ea0, 0x0000016907899fb8]
Event: 0.165 Thread 0x000001697ff07570  487       3       org.lwjgl.system.MemoryUtil::memPutAddress (29 bytes)
Event: 0.165 Thread 0x000001696a201600  488       4       java.lang.Integer::toUnsignedLong (7 bytes)
Event: 0.165 Thread 0x000001697ff06bb0  489       4       sun.misc.Unsafe::putLong (11 bytes)
Event: 0.165 Thread 0x000001697ff07570 nmethod 487 0x000001690789a090 code [0x000001690789a240, 0x000001690789a438]
Event: 0.165 Thread 0x000001697ff07570  483       3       java.io.RandomAccessFile::seek (22 bytes)
Event: 0.165 Thread 0x000001697ff07570 nmethod 483 0x000001690789a510 code [0x000001690789a6c0, 0x000001690789a8f8]
Event: 0.165 Thread 0x000001697ff07570  481       1       java.security.CodeSource::getLocationNoFragString (5 bytes)
Event: 0.165 Thread 0x000001696a201600 nmethod 488 0x000001690f2d6210 code [0x000001690f2d6380, 0x000001690f2d63d8]
Event: 0.165 Thread 0x000001697ff07570 nmethod 481 0x000001690f2d6510 code [0x000001690f2d66a0, 0x000001690f2d6778]
Event: 0.165 Thread 0x000001697ff06bb0 nmethod 489 0x000001690f2d6810 code [0x000001690f2d6980, 0x000001690f2d6a18]
Event: 0.165 Thread 0x000001697ff07570  490       3       java.util.WeakHashMap::maskNull (12 bytes)
Event: 0.166 Thread 0x000001697ff07570 nmethod 490 0x000001690789aa10 code [0x000001690789aba0, 0x000001690789acd8]
Event: 0.166 Thread 0x000001697ff07570  491       3       java.util.WeakHashMap::hash (28 bytes)
Event: 0.166 Thread 0x000001697ff07570 nmethod 491 0x000001690789ad90 code [0x000001690789af40, 0x000001690789b128]

GC Heap History (0 events):
No events

Deoptimization events (20 events):
Event: 0.142 Thread 0x000001697867af40 DEOPT PACKING pc=0x0000016907862ef2 sp=0x00000057cd0fd660
Event: 0.142 Thread 0x000001697867af40 DEOPT UNPACKING pc=0x000001690ed62b43 sp=0x00000057cd0fcad8 mode 0
Event: 0.142 Thread 0x000001697867af40 DEOPT PACKING pc=0x0000016907862ef2 sp=0x00000057cd0fd660
Event: 0.142 Thread 0x000001697867af40 DEOPT UNPACKING pc=0x000001690ed62b43 sp=0x00000057cd0fcad8 mode 0
Event: 0.142 Thread 0x000001697867af40 DEOPT PACKING pc=0x0000016907862ef2 sp=0x00000057cd0fd660
Event: 0.142 Thread 0x000001697867af40 DEOPT UNPACKING pc=0x000001690ed62b43 sp=0x00000057cd0fcad8 mode 0
Event: 0.143 Thread 0x000001697867af40 DEOPT PACKING pc=0x0000016907862ef2 sp=0x00000057cd0fd660
Event: 0.143 Thread 0x000001697867af40 DEOPT UNPACKING pc=0x000001690ed62b43 sp=0x00000057cd0fcad8 mode 0
Event: 0.143 Thread 0x000001697867af40 DEOPT PACKING pc=0x0000016907862ef2 sp=0x00000057cd0fd660
Event: 0.143 Thread 0x000001697867af40 DEOPT UNPACKING pc=0x000001690ed62b43 sp=0x00000057cd0fcad8 mode 0
Event: 0.143 Thread 0x000001697867af40 DEOPT PACKING pc=0x0000016907862ef2 sp=0x00000057cd0fd660
Event: 0.143 Thread 0x000001697867af40 DEOPT UNPACKING pc=0x000001690ed62b43 sp=0x00000057cd0fcad8 mode 0
Event: 0.143 Thread 0x000001697867af40 DEOPT PACKING pc=0x0000016907862ef2 sp=0x00000057cd0fd660
Event: 0.143 Thread 0x000001697867af40 DEOPT UNPACKING pc=0x000001690ed62b43 sp=0x00000057cd0fcad8 mode 0
Event: 0.143 Thread 0x000001697867af40 DEOPT PACKING pc=0x0000016907862ef2 sp=0x00000057cd0fd660
Event: 0.143 Thread 0x000001697867af40 DEOPT UNPACKING pc=0x000001690ed62b43 sp=0x00000057cd0fcad8 mode 0
Event: 0.143 Thread 0x000001697867af40 DEOPT PACKING pc=0x0000016907862ef2 sp=0x00000057cd0fd660
Event: 0.143 Thread 0x000001697867af40 DEOPT UNPACKING pc=0x000001690ed62b43 sp=0x00000057cd0fcad8 mode 0
Event: 0.143 Thread 0x000001697867af40 DEOPT PACKING pc=0x0000016907862ef2 sp=0x00000057cd0fd660
Event: 0.143 Thread 0x000001697867af40 DEOPT UNPACKING pc=0x000001690ed62b43 sp=0x00000057cd0fcad8 mode 0

Classes unloaded (0 events):
No events

Classes redefined (0 events):
No events

Internal exceptions (18 events):
Event: 0.069 Thread 0x000001697867af40 Exception <a 'java/lang/NoSuchMethodError'{0x000000065e283540}: 'void java.lang.invoke.DirectMethodHandle$Holder.invokeStatic(java.lang.Object, java.lang.Object)'> (0x000000065e283540) 
thrown [s\open\src\hotspot\share\interpreter\linkResolver.cpp, line 759]
Event: 0.071 Thread 0x000001697867af40 Exception <a 'java/lang/NoSuchMethodError'{0x000000065e2910d8}: 'void java.lang.invoke.DirectMethodHandle$Holder.invokeSpecial(java.lang.Object, java.lang.Object, java.lang.Object)'> (0x000000065e2910d8) 
thrown [s\open\src\hotspot\share\interpreter\linkResolver.cpp, line 759]
Event: 0.073 Thread 0x000001697867af40 Exception <a 'java/lang/NoSuchMethodError'{0x000000065e2a59c0}: 'java.lang.Object java.lang.invoke.DirectMethodHandle$Holder.invokeStatic(java.lang.Object, java.lang.Object, int)'> (0x000000065e2a59c0) 
thrown [s\open\src\hotspot\share\interpreter\linkResolver.cpp, line 759]
Event: 0.074 Thread 0x000001697867af40 Exception <a 'java/lang/NoSuchMethodError'{0x000000065e2b1828}: 'void java.lang.invoke.DelegatingMethodHandle$Holder.delegate(java.lang.Object, java.lang.Object, int, java.lang.Object)'> (0x000000065e2b1828) 
thrown [s\open\src\hotspot\share\interpreter\linkResolver.cpp, line 759]
Event: 0.075 Thread 0x000001697867af40 Exception <a 'java/lang/NoSuchMethodError'{0x000000065e2b5a68}: 'int java.lang.invoke.DirectMethodHandle$Holder.invokeSpecial(java.lang.Object, java.lang.Object, java.lang.Object)'> (0x000000065e2b5a68) 
thrown [s\open\src\hotspot\share\interpreter\linkResolver.cpp, line 759]
Event: 0.108 Thread 0x000001697867af40 Exception <a 'sun/nio/fs/WindowsException'{0x000000065e3eb650}> (0x000000065e3eb650) 
thrown [s\open\src\hotspot\share\prims\jni.cpp, line 516]
Event: 0.108 Thread 0x000001697867af40 Exception <a 'sun/nio/fs/WindowsException'{0x000000065e3ebba0}> (0x000000065e3ebba0) 
thrown [s\open\src\hotspot\share\prims\jni.cpp, line 516]
Event: 0.139 Thread 0x000001697867af40 Exception <a 'sun/nio/fs/WindowsException'{0x000000065dc7ff70}> (0x000000065dc7ff70) 
thrown [s\open\src\hotspot\share\prims\jni.cpp, line 516]
Event: 0.139 Thread 0x000001697867af40 Exception <a 'sun/nio/fs/WindowsException'{0x000000065dc80310}> (0x000000065dc80310) 
thrown [s\open\src\hotspot\share\prims\jni.cpp, line 516]
Event: 0.145 Thread 0x000001697867af40 Exception <a 'sun/nio/fs/WindowsException'{0x000000065dc8aef8}> (0x000000065dc8aef8) 
thrown [s\open\src\hotspot\share\prims\jni.cpp, line 516]
Event: 0.145 Thread 0x000001697867af40 Exception <a 'sun/nio/fs/WindowsException'{0x000000065dc8b1c8}> (0x000000065dc8b1c8) 
thrown [s\open\src\hotspot\share\prims\jni.cpp, line 516]
Event: 0.148 Thread 0x000001697867af40 Exception <a 'java/lang/NoSuchMethodError'{0x000000065dcbfe98}: 'java.lang.Object java.lang.invoke.DirectMethodHandle$Holder.invokeStaticInit(java.lang.Object)'> (0x000000065dcbfe98) 
thrown [s\open\src\hotspot\share\interpreter\linkResolver.cpp, line 759]
Event: 0.152 Thread 0x000001697867af40 Exception <a 'java/lang/NoSuchMethodError'{0x000000065dcdefd8}: 'int java.lang.invoke.DirectMethodHandle$Holder.invokeStaticInit(java.lang.Object, java.lang.Object, int, long)'> (0x000000065dcdefd8) 
thrown [s\open\src\hotspot\share\interpreter\linkResolver.cpp, line 759]
Event: 0.152 Thread 0x000001697867af40 Exception <a 'java/lang/NoSuchMethodError'{0x000000065dce4b48}: 'java.lang.Object java.lang.invoke.DirectMethodHandle$Holder.newInvokeSpecial(java.lang.Object, java.lang.Object, int)'> (0x000000065dce4b48) 
thrown [s\open\src\hotspot\share\interpreter\linkResolver.cpp, line 759]
Event: 0.154 Thread 0x000001697867af40 Exception <a 'java/lang/NoSuchMethodError'{0x000000065dcf4920}: 'int java.lang.invoke.DirectMethodHandle$Holder.invokeStaticInit(java.lang.Object, java.lang.Object, long, long)'> (0x000000065dcf4920) 
thrown [s\open\src\hotspot\share\interpreter\linkResolver.cpp, line 759]
Event: 0.154 Thread 0x000001697867af40 Exception <a 'java/lang/NoSuchMethodError'{0x000000065dcfaa30}: 'java.lang.Object java.lang.invoke.DirectMethodHandle$Holder.newInvokeSpecial(java.lang.Object, java.lang.Object, long)'> (0x000000065dcfaa30) 
thrown [s\open\src\hotspot\share\interpreter\linkResolver.cpp, line 759]
Event: 0.154 Thread 0x000001697867af40 Exception <a 'java/lang/NoSuchMethodError'{0x000000065dcfed20}: 'java.lang.Object java.lang.invoke.Invokers$Holder.linkToTargetMethod(java.lang.Object, long, java.lang.Object)'> (0x000000065dcfed20) 
thrown [s\open\src\hotspot\share\interpreter\linkResolver.cpp, line 759]
Event: 0.155 Thread 0x000001697867af40 Exception <a 'java/lang/NoSuchMethodError'{0x000000065dd06438}: 'int java.lang.invoke.DirectMethodHandle$Holder.invokeStaticInit(java.lang.Object, java.lang.Object, java.lang.Object, long)'> (0x000000065dd06438) 
thrown [s\open\src\hotspot\share\interpreter\linkResolver.cpp, line 759]

VM Operations (2 events):
Event: 0.052 Executing VM operation: HandshakeAllThreads
Event: 0.052 Executing VM operation: HandshakeAllThreads done

Events (20 events):
Event: 0.150 loading class java/nio/DirectDoubleBufferU
Event: 0.150 loading class java/nio/DirectDoubleBufferU done
Event: 0.150 loading class sun/misc/Unsafe
Event: 0.150 loading class sun/misc/Unsafe done
Event: 0.150 loading class jdk/internal/reflect/UnsafeFieldAccessorFactory
Event: 0.150 loading class jdk/internal/reflect/UnsafeFieldAccessorFactory done
Event: 0.150 loading class jdk/internal/reflect/UnsafeQualifiedStaticObjectFieldAccessorImpl
Event: 0.150 loading class jdk/internal/reflect/UnsafeQualifiedStaticFieldAccessorImpl
Event: 0.150 loading class jdk/internal/reflect/UnsafeQualifiedStaticFieldAccessorImpl done
Event: 0.150 loading class jdk/internal/reflect/UnsafeQualifiedStaticObjectFieldAccessorImpl done
Event: 0.151 loading class java/util/function/LongPredicate
Event: 0.151 loading class java/util/function/LongPredicate done
Event: 0.153 loading class jdk/internal/access/foreign/MemorySegmentProxy
Event: 0.153 loading class jdk/internal/access/foreign/MemorySegmentProxy done
Event: 0.155 loading class java/nio/InvalidMarkException
Event: 0.156 loading class java/nio/InvalidMarkException done
Event: 0.156 loading class java/nio/BufferUnderflowException
Event: 0.156 loading class java/nio/BufferUnderflowException done
Event: 0.163 loading class java/util/Formatter$FixedString
Event: 0.163 loading class java/util/Formatter$FixedString done


Dynamic libraries:
0x00007ff6e1ce0000 - 0x00007ff6e1cf0000 	C:\Program Files\Java\jdk-17\bin\java.exe
0x00007ffdca6d0000 - 0x00007ffdca8e7000 	C:\Windows\SYSTEM32\ntdll.dll
0x00007ffdc8e40000 - 0x00007ffdc8f04000 	C:\Windows\System32\KERNEL32.DLL
0x00007ffdc7c10000 - 0x00007ffdc7fbc000 	C:\Windows\System32\KERNELBASE.dll
0x00007ffdc7af0000 - 0x00007ffdc7c01000 	C:\Windows\System32\ucrtbase.dll
0x00007ffdb5470000 - 0x00007ffdb5489000 	C:\Program Files\Java\jdk-17\bin\jli.dll
0x00007ffdb6200000 - 0x00007ffdb621b000 	C:\Program Files\Java\jdk-17\bin\VCRUNTIME140.dll
0x00007ffdc8c10000 - 0x00007ffdc8cc2000 	C:\Windows\System32\ADVAPI32.dll
0x00007ffdc8950000 - 0x00007ffdc89f7000 	C:\Windows\System32\msvcrt.dll
0x00007ffdca4e0000 - 0x00007ffdca58a000 	C:\Windows\System32\sechost.dll
0x00007ffdc8180000 - 0x00007ffdc81a8000 	C:\Windows\System32\bcrypt.dll
0x00007ffdc87c0000 - 0x00007ffdc88d5000 	C:\Windows\System32\RPCRT4.dll
0x00007ffdc9d90000 - 0x00007ffdc9f3e000 	C:\Windows\System32\USER32.dll
0x00007ffdb9ab0000 - 0x00007ffdb9d43000 	C:\Windows\WinSxS\amd64_microsoft.windows.common-controls_6595b64144ccf1df_6.0.22621.3672_none_2713b9d173822955\COMCTL32.dll
0x00007ffdc83e0000 - 0x00007ffdc8406000 	C:\Windows\System32\win32u.dll
0x00007ffdc9f40000 - 0x00007ffdc9f69000 	C:\Windows\System32\GDI32.dll
0x00007ffdc7fc0000 - 0x00007ffdc80d9000 	C:\Windows\System32\gdi32full.dll
0x00007ffdc80e0000 - 0x00007ffdc817a000 	C:\Windows\System32\msvcp_win.dll
0x00007ffdbff60000 - 0x00007ffdbff6a000 	C:\Windows\SYSTEM32\VERSION.dll
0x00007ffdc8bd0000 - 0x00007ffdc8c01000 	C:\Windows\System32\IMM32.DLL
0x00007ffdc22e0000 - 0x00007ffdc22ec000 	C:\Program Files\Java\jdk-17\bin\vcruntime140_1.dll
0x00007ffd993e0000 - 0x00007ffd9946e000 	C:\Program Files\Java\jdk-17\bin\msvcp140.dll
0x00007ffd37520000 - 0x00007ffd380ff000 	C:\Program Files\Java\jdk-17\bin\server\jvm.dll
0x00007ffdca3f0000 - 0x00007ffdca3f8000 	C:\Windows\System32\PSAPI.DLL
0x00007ffdc22a0000 - 0x00007ffdc22d4000 	C:\Windows\SYSTEM32\WINMM.dll
0x00007ffdc12d0000 - 0x00007ffdc12d9000 	C:\Windows\SYSTEM32\WSOCK32.dll
0x00007ffdc9920000 - 0x00007ffdc9991000 	C:\Windows\System32\WS2_32.dll
0x00007ffdc6950000 - 0x00007ffdc6968000 	C:\Windows\SYSTEM32\kernel.appcore.dll
0x00007ffdb8660000 - 0x00007ffdb866a000 	C:\Program Files\Java\jdk-17\bin\jimage.dll
0x00007ffdbf0f0000 - 0x00007ffdbf322000 	C:\Windows\SYSTEM32\DBGHELP.DLL
0x00007ffdc9a00000 - 0x00007ffdc9d88000 	C:\Windows\System32\combase.dll
0x00007ffdca400000 - 0x00007ffdca4d7000 	C:\Windows\System32\OLEAUT32.dll
0x00007ffdacc20000 - 0x00007ffdacc52000 	C:\Windows\SYSTEM32\dbgcore.DLL
0x00007ffdc7a70000 - 0x00007ffdc7aeb000 	C:\Windows\System32\bcryptPrimitives.dll
0x00007ffdb50b0000 - 0x00007ffdb50d5000 	C:\Program Files\Java\jdk-17\bin\java.dll
0x00007ffd99300000 - 0x00007ffd993d7000 	C:\Program Files\Java\jdk-17\bin\jsvml.dll
0x00007ffdc90c0000 - 0x00007ffdc991c000 	C:\Windows\System32\SHELL32.dll
0x00007ffdc5900000 - 0x00007ffdc61f7000 	C:\Windows\SYSTEM32\windows.storage.dll
0x00007ffdc57c0000 - 0x00007ffdc58ff000 	C:\Windows\SYSTEM32\wintypes.dll
0x00007ffdc8cd0000 - 0x00007ffdc8dc4000 	C:\Windows\System32\SHCORE.dll
0x00007ffdc88f0000 - 0x00007ffdc894e000 	C:\Windows\System32\shlwapi.dll
0x00007ffdc7930000 - 0x00007ffdc7951000 	C:\Windows\SYSTEM32\profapi.dll
0x00007ffdb2ce0000 - 0x00007ffdb2cf9000 	C:\Program Files\Java\jdk-17\bin\net.dll
0x00007ffdc39e0000 - 0x00007ffdc3b16000 	C:\Windows\SYSTEM32\WINHTTP.dll
0x00007ffdc6e50000 - 0x00007ffdc6eb9000 	C:\Windows\system32\mswsock.dll
0x00007ffdad860000 - 0x00007ffdad876000 	C:\Program Files\Java\jdk-17\bin\nio.dll
0x00007ffdaa600000 - 0x00007ffdaa618000 	C:\Program Files\Java\jdk-17\bin\zip.dll
0x00007ffd464b0000 - 0x00007ffd4652b000 	C:\Users\ll-Ew\AppData\Local\Temp\lwjgl_ll-Ew\3.3.3+5\x64\lwjgl.dll
0x00007ffd47ef0000 - 0x00007ffd47f4e000 	C:\Users\ll-Ew\AppData\Local\Temp\lwjgl_ll-Ew\3.3.3+5\x64\lwjgl_opengl.dll
0x00007ffd83360000 - 0x00007ffd83460000 	C:\Windows\SYSTEM32\opengl32.dll
0x00007ffd95760000 - 0x00007ffd9578d000 	C:\Windows\SYSTEM32\GLU32.dll
0x00007ffdc4ff0000 - 0x00007ffdc5029000 	C:\Windows\SYSTEM32\dxcore.dll

dbghelp: loaded successfully - version: 4.0.5 - missing functions: none
symbol engine: initialized successfully - sym options: 0x614 - pdb path: .;C:\Program Files\Java\jdk-17\bin;C:\Windows\SYSTEM32;C:\Windows\WinSxS\amd64_microsoft.windows.common-controls_6595b64144ccf1df_6.0.22621.3672_none_2713b9d173822955;C:\Program Files\Java\jdk-17\bin\server;C:\Users\ll-Ew\AppData\Local\Temp\lwjgl_ll-Ew\3.3.3+5\x64

VM Arguments:
jvm_args: -XX:+ShowCodeDetailsInExceptionMessages 
java_command: org.HiddenEngine.CyberDomination
java_class_path (initial): C:\Users\ll-Ew\Downloads\Java Projects\Gradle Thing\JavaGradleTemplate\bin\main;C:\Users\ll-Ew\.gradle\caches\modules-2\files-2.1\org.lwjgl\lwjgl-assimp\3.3.3\c2c34011cbda30ed8cf98bc5cbf97b49afe5279a\lwjgl-assimp-3.3.3.jar;C:\Users\ll-Ew\.gradle\caches\modules-2\files-2.1\org.lwjgl\lwjgl-glfw\3.3.3\efa1eb78c5ccd840e9f329717109b5e892d72f8e\lwjgl-glfw-3.3.3.jar;C:\Users\ll-Ew\.gradle\caches\modules-2\files-2.1\org.lwjgl\lwjgl-nfd\3.3.3\f1b41d3a0a2f5cd2a55a6a59a618c87d0348681c\lwjgl-nfd-3.3.3.jar;C:\Users\ll-Ew\.gradle\caches\modules-2\files-2.1\org.lwjgl\lwjgl-openal\3.3.3\daada81ceb5fc0c291fbfdd4433cb8d9423577f2\lwjgl-openal-3.3.3.jar;C:\Users\ll-Ew\.gradle\caches\modules-2\files-2.1\org.lwjgl\lwjgl-opengl\3.3.3\2f6b0147078396a58979125a4c947664e98293a\lwjgl-opengl-3.3.3.jar;C:\Users\ll-Ew\.gradle\caches\modules-2\files-2.1\org.lwjgl\lwjgl-stb\3.3.3\25dd6161988d7e65f71d5065c99902402ee32746\lwjgl-stb-3.3.3.jar;C:\Users\ll-Ew\.gradle\caches\modules-2\files-2.1\org.lwjgl\lwjgl\3.3.3\29589b5f87ed335a6c7e7ee6a5775f81f97ecb84\lwjgl-3.3.3.jar;C:\Users\ll-Ew\.gradle\caches\modules-2\files-2.1\org.joml\joml\1.10.5\22566d58af70ad3d72308bab63b8339906deb649\joml-1.10.5.jar;C:\Users\ll-Ew\.gradle\caches\modules-2\files-2.1\org.lwjgl\lwjgl-assimp\3.3.3\d90ccdade594716062975cffd1431d387f770ac4\lwjgl-assimp-3.3.3-natives-windows.jar;C:\Users\ll-Ew\.gradle\caches\modules-2\files-2.1\org.lwjgl\lwjgl-glfw\3.3.3\e449e28b4891fc423c54c85fbc5bb0b9efece67a\lwjgl-glfw-3.3.3-natives-windows.jar;C:\Users\ll-Ew\.gradle\caches\modules-2\files-2.1\org.lwjgl\lwjgl-nfd\3.3.3\3a39132eef695dcb7631adc1d02e493527940d10\lwjgl-nfd-3.3.3-natives-windows.jar;C:\Users\ll-Ew\.gradle\caches\modules-2\files-2.1\org.lwjgl\lwjgl-openal\3.3.3\cf83862ae95d98496b26915024c7e666d8ab1c8f\lwjgl-openal-3.3.3-natives-windows.jar;C:\Users\ll-Ew\.gradle\caches\modules-2\files-2.1\org.lwjgl\lwjgl-opengl\3.3.3\e6c1eec8be8a71951b830a4d69efc01c6531900c\lwjgl-opengl-3.3.3-natives-windows.jar;C:\Users
Launcher Type: SUN_STANDARD

[Global flags]
     intx CICompilerCount                          = 4                                         {product} {ergonomic}
     uint ConcGCThreads                            = 3                                         {product} {ergonomic}
     uint G1ConcRefinementThreads                  = 10                                        {product} {ergonomic}
   size_t G1HeapRegionSize                         = 4194304                                   {product} {ergonomic}
    uintx GCDrainStackTargetSize                   = 64                                        {product} {ergonomic}
   size_t InitialHeapSize                          = 469762048                                 {product} {ergonomic}
   size_t MarkStackSize                            = 4194304                                   {product} {ergonomic}
   size_t MaxHeapSize                              = 7478444032                                {product} {ergonomic}
   size_t MaxNewSize                               = 4483710976                                {product} {ergonomic}
   size_t MinHeapDeltaBytes                        = 4194304                                   {product} {ergonomic}
   size_t MinHeapSize                              = 8388608                                   {product} {ergonomic}
    uintx NonNMethodCodeHeapSize                   = 5839372                                {pd product} {ergonomic}
    uintx NonProfiledCodeHeapSize                  = 122909434                              {pd product} {ergonomic}
    uintx ProfiledCodeHeapSize                     = 122909434                              {pd product} {ergonomic}
    uintx ReservedCodeCacheSize                    = 251658240                              {pd product} {ergonomic}
     bool SegmentedCodeCache                       = true                                      {product} {ergonomic}
     bool ShowCodeDetailsInExceptionMessages       = true                                   {manageable} {command line}
   size_t SoftMaxHeapSize                          = 7478444032                             {manageable} {ergonomic}
     bool UseCompressedClassPointers               = true                           {product lp64_product} {ergonomic}
     bool UseCompressedOops                        = true                           {product lp64_product} {ergonomic}
     bool UseG1GC                                  = true                                      {product} {ergonomic}
     bool UseLargePagesIndividualAllocation        = false                                  {pd product} {ergonomic}

Logging:
Log output configuration:
 #0: stdout all=warning uptime,level,tags
 #1: stderr all=off uptime,level,tags

Environment Variables:
PATH=C:\Program Files\Common Files\Oracle\Java\javapath;C:\Program Files (x86)\Common Files\Oracle\Java\java8path;C:\Program Files (x86)\Common Files\Oracle\Java\javapath;C:\Windows\system32;C:\Windows;C:\Windows\System32\Wbem;C:\Windows\System32\WindowsPowerShell\v1.0\;C:\Windows\System32\OpenSSH\;C:\Program Files (x86)\NVIDIA Corporation\PhysX\Common;C:\Program Files\NVIDIA Corporation\NVIDIA NvDLISR;C:\Program Files\Microsoft SQL Server\150\Tools\Binn\;C:\Program Files\Microsoft SQL Server\Client SDK\ODBC\170\Tools\Binn\;C:\Program Files (x86)\Windows Kits\10\Windows Performance Toolkit\;C:\Program Files\dotnet\;C:\Users\ll-Ew\AppData\Local\Microsoft\WindowsApps;C:\Users\ll-Ew\.dotnet\tools;C:\Users\ll-Ew\AppData\Local\Programs\Microsoft VS Code\bin
USERNAME=ll-Ew
LANG=en_US.UTF-8
OS=Windows_NT
PROCESSOR_IDENTIFIER=AMD64 Family 25 Model 80 Stepping 0, AuthenticAMD



---------------  S Y S T E M  ---------------

OS:
 Windows 11 , 64 bit Build 22621 (10.0.22621.3672)
OS uptime: 5 days 1:02 hours
Hyper-V role detected

CPU: total 12 (initial active 12) (12 cores per cpu, 2 threads per core) family 25 model 80 stepping 0 microcode 0x0, cx8, cmov, fxsr, ht, mmx, 3dnowpref, sse, sse2, sse3, ssse3, sse4a, sse4.1, sse4.2, popcnt, lzcnt, tsc, tscinvbit, avx, avx2, aes, erms, clmul, bmi1, bmi2, adx, sha, fma, vzeroupper, clflush, clflushopt, hv

Memory: 4k page, system-wide physical 28524M (17650M free)
TotalPageFile size 30444M (AvailPageFile size 14726M)
current process WorkingSet (physical memory assigned to process): 49M, peak: 49M
current process commit charge ("private bytes"): 554M, peak: 554M

vm_info: Java HotSpot(TM) 64-Bit Server VM (17.0.10+11-LTS-240) for windows-amd64 JRE (17.0.10+11-LTS-240), built on Dec 19 2023 21:47:25 by "mach5one" with MS VC++ 17.1 (VS2022)

END.
